{"numTotalTestSuites":2,"numPassedTestSuites":2,"numFailedTestSuites":0,"numPendingTestSuites":0,"numTotalTests":3,"numPassedTests":3,"numFailedTests":0,"numPendingTests":0,"numTodoTests":0,"snapshot":{"added":0,"failure":false,"filesAdded":0,"filesRemoved":0,"filesRemovedList":[],"filesUnmatched":0,"filesUpdated":0,"matched":0,"total":0,"unchecked":0,"uncheckedKeysByFile":[],"unmatched":0,"updated":0,"didUpdate":false},"startTime":1785739477465,"success":true,"testResults":[{"assertionResults":[{"ancestorTitles":["Logout integration"],"fullName":"Logout integration logs out the current session, clears persisted auth data, and redirects to login","status":"passed","title":"logs out the current session, clears persisted auth data, and redirects to login","duration":199.29649999999992,"failureMessages":[],"meta":{}},{"ancestorTitles":["Logout integration"],"fullName":"Logout integration keeps the dialog open and preserves the session when logout fails","status":"passed","title":"keeps the dialog open and preserves the session when logout fails","duration":92.71270000000004,"failureMessages":[],"meta":{}},{"ancestorTitles":["Logout integration"],"fullName":"Logout integration submits the all-devices logout scope when selected","status":"passed","title":"submits the all-devices logout scope when selected","duration":199.5706,"failureMessages":[],"meta":{}}],"startTime":1785739480432,"endTime":1785739480924.5706,"status":"passed","message":"","name":"C:/Users/Abdalmoute/OneDrive/Desktop/lmj_health_web/frontend/src/components/auth/logout-confirm-dialog.integration.test.tsx"}]}