{"numTotalTestSuites":9,"numPassedTestSuites":9,"numFailedTestSuites":0,"numPendingTestSuites":0,"numTotalTests":13,"numPassedTests":13,"numFailedTests":0,"numPendingTests":0,"numTodoTests":0,"snapshot":{"added":0,"failure":false,"filesAdded":0,"filesRemoved":0,"filesRemovedList":[],"filesUnmatched":0,"filesUpdated":0,"matched":0,"total":0,"unchecked":0,"uncheckedKeysByFile":[],"unmatched":0,"updated":0,"didUpdate":false},"startTime":1785739494147,"success":true,"testResults":[{"assertionResults":[{"ancestorTitles":["Data-entry routing integration"],"fullName":"Data-entry routing integration renders the data-entry dashboard route for an authenticated data-entry user","status":"passed","title":"renders the data-entry dashboard route for an authenticated data-entry user","duration":616.1209999999992,"failureMessages":[],"meta":{}}],"startTime":1785739505421,"endTime":1785739506037.121,"status":"passed","message":"","name":"C:/Users/Abdalmoute/OneDrive/Desktop/lmj_health_web/frontend/src/routes/data-entry-routing.integration.test.tsx"},{"assertionResults":[{"ancestorTitles":["Device registration lifecycle"],"fullName":"Device registration lifecycle registers the current push token once for an authenticated session and avoids duplicates on rerender","status":"passed","title":"registers the current push token once for an authenticated session and avoids duplicates on rerender","duration":184.49049999999988,"failureMessages":[],"meta":{}},{"ancestorTitles":["Device registration lifecycle"],"fullName":"Device registration lifecycle updates the backend registration when the push token changes","status":"passed","title":"updates the backend registration when the push token changes","duration":176.04029999999966,"failureMessages":[],"meta":{}},{"ancestorTitles":["Device registration lifecycle"],"fullName":"Device registration lifecycle keeps the device unsynced after register failure so the same token can retry safely","status":"passed","title":"keeps the device unsynced after register failure so the same token can retry safely","duration":174.77269999999953,"failureMessages":[],"meta":{}},{"ancestorTitles":["Device registration lifecycle"],"fullName":"Device registration lifecycle unregisters the device on current-session logout and clears the local sync state","status":"passed","title":"unregisters the device on current-session logout and clears the local sync state","duration":160.94680000000062,"failureMessages":[],"meta":{}},{"ancestorTitles":["Device registration lifecycle"],"fullName":"Device registration lifecycle skips device unregister on logout-all because the backend removes devices server-side and still clears local sync state","status":"passed","title":"skips device unregister on logout-all because the backend removes devices server-side and still clears local sync state","duration":30.206599999999526,"failureMessages":[],"meta":{}}],"startTime":1785739498574,"endTime":1785739499301.2065,"status":"passed","message":"","name":"C:/Users/Abdalmoute/OneDrive/Desktop/lmj_health_web/frontend/src/components/app/DeviceRegistrationBridge.integration.test.tsx"},{"assertionResults":[{"ancestorTitles":["Logout integration"],"fullName":"Logout integration logs out the current session, clears persisted auth data, and redirects to login","status":"passed","title":"logs out the current session, clears persisted auth data, and redirects to login","duration":596.6777000000002,"failureMessages":[],"meta":{}},{"ancestorTitles":["Logout integration"],"fullName":"Logout integration keeps the dialog open and preserves the session when logout fails","status":"passed","title":"keeps the dialog open and preserves the session when logout fails","duration":173.64919999999984,"failureMessages":[],"meta":{}},{"ancestorTitles":["Logout integration"],"fullName":"Logout integration submits the all-devices logout scope when selected","status":"passed","title":"submits the all-devices logout scope when selected","duration":220.55010000000038,"failureMessages":[],"meta":{}}],"startTime":1785739498748,"endTime":1785739499739.55,"status":"passed","message":"","name":"C:/Users/Abdalmoute/OneDrive/Desktop/lmj_health_web/frontend/src/components/auth/logout-confirm-dialog.integration.test.tsx"},{"assertionResults":[{"ancestorTitles":["FaqAccordionItem"],"fullName":"FaqAccordionItem starts closed by default and toggles answer visibility when clicked","status":"passed","title":"starts closed by default and toggles answer visibility when clicked","duration":456.9269000000004,"failureMessages":[],"meta":{}},{"ancestorTitles":["FaqAccordionItem"],"fullName":"FaqAccordionItem renders expanded content immediately when defaultOpen is true","status":"passed","title":"renders expanded content immediately when defaultOpen is true","duration":25.86280000000079,"failureMessages":[],"meta":{}},{"ancestorTitles":["FaqAccordionList"],"fullName":"FaqAccordionList opens only the first item by default when defaultOpenFirst is enabled","status":"passed","title":"opens only the first item by default when defaultOpenFirst is enabled","duration":36.882400000000416,"failureMessages":[],"meta":{}},{"ancestorTitles":["FaqAccordionList"],"fullName":"FaqAccordionList keeps all items collapsed when defaultOpenFirst is disabled","status":"passed","title":"keeps all items collapsed when defaultOpenFirst is disabled","duration":18.45470000000023,"failureMessages":[],"meta":{}}],"startTime":1785739498532,"endTime":1785739499071.4546,"status":"passed","message":"","name":"C:/Users/Abdalmoute/OneDrive/Desktop/lmj_health_web/frontend/src/components/platform/faq-accordion.test.tsx"}]}