{"numTotalTestSuites":89,"numPassedTestSuites":75,"numFailedTestSuites":14,"numPendingTestSuites":0,"numTotalTests":152,"numPassedTests":133,"numFailedTests":19,"numPendingTests":0,"numTodoTests":0,"snapshot":{"added":0,"failure":false,"filesAdded":0,"filesRemoved":0,"filesRemovedList":[],"filesUnmatched":0,"filesUpdated":0,"matched":0,"total":0,"unchecked":0,"uncheckedKeysByFile":[],"unmatched":0,"updated":0,"didUpdate":false},"startTime":1785738537157,"success":false,"testResults":[{"assertionResults":[{"ancestorTitles":["getSectionBackNavigation"],"fullName":"getSectionBackNavigation returns doctor section back navigation for nested pages","status":"passed","title":"returns doctor section back navigation for nested pages","duration":10.810699999999997,"failureMessages":[],"meta":{}},{"ancestorTitles":["getSectionBackNavigation"],"fullName":"getSectionBackNavigation returns secretary section back navigation for nested pages","status":"passed","title":"returns secretary section back navigation for nested pages","duration":2.096799999999348,"failureMessages":[],"meta":{}},{"ancestorTitles":["getSectionBackNavigation"],"fullName":"getSectionBackNavigation returns data entry section back navigation for nested pages","status":"passed","title":"returns data entry section back navigation for nested pages","duration":1.6983000000000175,"failureMessages":[],"meta":{}},{"ancestorTitles":["getSectionBackNavigation"],"fullName":"getSectionBackNavigation returns null for top-level pages","status":"passed","title":"returns null for top-level pages","duration":1.460599999999431,"failureMessages":[],"meta":{}}],"startTime":1785738559521,"endTime":1785738559537.4607,"status":"passed","message":"","name":"C:/Users/Abdalmoute/OneDrive/Desktop/lmj_health_web/frontend/src/constant/sidebar-items.test.ts"},{"assertionResults":[{"ancestorTitles":["authStore initFromCookies"],"fullName":"authStore initFromCookies clears a partial stored session that only has a refresh token","status":"passed","title":"clears a partial stored session that only has a refresh token","duration":101.20049999999992,"failureMessages":[],"meta":{}}],"startTime":1785738554847,"endTime":1785738554948.2004,"status":"passed","message":"","name":"C:/Users/Abdalmoute/OneDrive/Desktop/lmj_health_web/frontend/src/store/authStore.test.ts"},{"assertionResults":[{"ancestorTitles":["Data-entry routing integration"],"fullName":"Data-entry routing integration renders the data-entry dashboard route for an authenticated data-entry user","status":"failed","title":"renders the data-entry dashboard route for an authenticated data-entry user","duration":143.73489999999947,"failureMessages":["Error: useI18n must be used inside I18nProvider\n    at Module.useI18n (C:\\Users\\Abdalmoute\\OneDrive\\Desktop\\lmj_health_web\\frontend\\src\\i18n\\provider.tsx:67:11)\n    at App (C:\\Users\\Abdalmoute\\OneDrive\\Desktop\\lmj_health_web\\frontend\\src\\App.tsx:80:27)\n    at renderWithHooks (C:\\Users\\Abdalmoute\\OneDrive\\Desktop\\lmj_health_web\\frontend\\node_modules\\react-dom\\cjs\\react-dom.development.js:15486:18)\n    at mountIndeterminateComponent (C:\\Users\\Abdalmoute\\OneDrive\\Desktop\\lmj_health_web\\frontend\\node_modules\\react-dom\\cjs\\react-dom.development.js:20103:13)\n    at beginWork (C:\\Users\\Abdalmoute\\OneDrive\\Desktop\\lmj_health_web\\frontend\\node_modules\\react-dom\\cjs\\react-dom.development.js:21626:16)\n    at beginWork$1 (C:\\Users\\Abdalmoute\\OneDrive\\Desktop\\lmj_health_web\\frontend\\node_modules\\react-dom\\cjs\\react-dom.development.js:27465:14)\n    at performUnitOfWork (C:\\Users\\Abdalmoute\\OneDrive\\Desktop\\lmj_health_web\\frontend\\node_modules\\react-dom\\cjs\\react-dom.development.js:26599:12)\n    at workLoopSync (C:\\Users\\Abdalmoute\\OneDrive\\Desktop\\lmj_health_web\\frontend\\node_modules\\react-dom\\cjs\\react-dom.development.js:26505:5)\n    at renderRootSync (C:\\Users\\Abdalmoute\\OneDrive\\Desktop\\lmj_health_web\\frontend\\node_modules\\react-dom\\cjs\\react-dom.development.js:26473:7)\n    at recoverFromConcurrentError (C:\\Users\\Abdalmoute\\OneDrive\\Desktop\\lmj_health_web\\frontend\\node_modules\\react-dom\\cjs\\react-dom.development.js:25889:20)"],"meta":{}}],"startTime":1785738552779,"endTime":1785738552922.7349,"status":"failed","message":"","name":"C:/Users/Abdalmoute/OneDrive/Desktop/lmj_health_web/frontend/src/routes/data-entry-routing.integration.test.tsx"},{"assertionResults":[{"ancestorTitles":["ProtectedRoute"],"fullName":"ProtectedRoute redirects unauthenticated users to login and preserves the next path","status":"passed","title":"redirects unauthenticated users to login and preserves the next path","duration":122.27919999999995,"failureMessages":[],"meta":{}},{"ancestorTitles":["ProtectedRoute"],"fullName":"ProtectedRoute redirects authenticated users with the wrong role to their own root","status":"passed","title":"redirects authenticated users with the wrong role to their own root","duration":14.9375,"failureMessages":[],"meta":{}},{"ancestorTitles":["ProtectedRoute"],"fullName":"ProtectedRoute renders the protected content for an allowed role","status":"passed","title":"renders the protected content for an allowed role","duration":31.252199999999903,"failureMessages":[],"meta":{}},{"ancestorTitles":["ProtectedRoute"],"fullName":"ProtectedRoute renders the protected content for the data-entry role","status":"passed","title":"renders the protected content for the data-entry role","duration":10.55789999999979,"failureMessages":[],"meta":{}},{"ancestorTitles":["GuestRoute"],"fullName":"GuestRoute redirects authenticated users away from guest pages","status":"passed","title":"redirects authenticated users away from guest pages","duration":16.577699999999822,"failureMessages":[],"meta":{}},{"ancestorTitles":["RootRedirect"],"fullName":"RootRedirect sends anonymous users to welcome","status":"passed","title":"sends anonymous users to welcome","duration":8.838200000000143,"failureMessages":[],"meta":{}},{"ancestorTitles":["RootRedirect"],"fullName":"RootRedirect redirects authenticated data-entry users to the canonical dashboard root","status":"passed","title":"redirects authenticated data-entry users to the canonical dashboard root","duration":10.609400000000278,"failureMessages":[],"meta":{}}],"startTime":1785738552703,"endTime":1785738552919.6094,"status":"passed","message":"","name":"C:/Users/Abdalmoute/OneDrive/Desktop/lmj_health_web/frontend/src/routes/ProtectedRoute.test.tsx"},{"assertionResults":[{"ancestorTitles":["Device registration lifecycle"],"fullName":"Device registration lifecycle registers the current push token once for an authenticated session and avoids duplicates on rerender","status":"passed","title":"registers the current push token once for an authenticated session and avoids duplicates on rerender","duration":209.78729999999996,"failureMessages":[],"meta":{}},{"ancestorTitles":["Device registration lifecycle"],"fullName":"Device registration lifecycle updates the backend registration when the push token changes","status":"passed","title":"updates the backend registration when the push token changes","duration":180.14729999999963,"failureMessages":[],"meta":{}},{"ancestorTitles":["Device registration lifecycle"],"fullName":"Device registration lifecycle keeps the device unsynced after register failure so the same token can retry safely","status":"failed","title":"keeps the device unsynced after register failure so the same token can retry safely","duration":1132.563799999999,"failureMessages":["AssertionError: expected [ { token: 'push-token-1', …(4) } ] to have a length of 2 but got 1\n\nIgnored nodes: comments, script, style\n\u001b[36m<html\u001b[39m\n  \u001b[33mdir\u001b[39m=\u001b[32m\"ltr\"\u001b[39m\n  \u001b[33mlang\u001b[39m=\u001b[32m\"en\"\u001b[39m\n\u001b[36m>\u001b[39m\n  \u001b[36m<head />\u001b[39m\n  \u001b[36m<body>\u001b[39m\n    \u001b[36m<div>\u001b[39m\n      \u001b[36m<div\u001b[39m\n        \u001b[33maria-live\u001b[39m=\u001b[32m\"polite\"\u001b[39m\n        \u001b[33maria-relevant\u001b[39m=\u001b[32m\"additions\"\u001b[39m\n        \u001b[33mclass\u001b[39m=\u001b[32m\"pointer-events-none fixed start-4 top-4 z-[10090] flex w-[min(100vw-2rem,22rem)] flex-col gap-3\"\u001b[39m\n        \u001b[33mdir\u001b[39m=\u001b[32m\"rtl\"\u001b[39m\n        \u001b[33mlang\u001b[39m=\u001b[32m\"ar\"\u001b[39m\n      \u001b[36m/>\u001b[39m\n    \u001b[36m</div>\u001b[39m\n  \u001b[36m</body>\u001b[39m\n\u001b[36m</html>\u001b[39m\n    at Proxy.<anonymous> (file:///C:/Users/Abdalmoute/OneDrive/Desktop/lmj_health_web/frontend/node_modules/@vitest/expect/dist/index.js:1257:20)\n    at Proxy.<anonymous> (file:///C:/Users/Abdalmoute/OneDrive/Desktop/lmj_health_web/frontend/node_modules/@vitest/expect/dist/index.js:1029:14)\n    at Proxy.methodWrapper (file:///C:/Users/Abdalmoute/OneDrive/Desktop/lmj_health_web/frontend/node_modules/chai/index.js:1686:25)\n    at C:\\Users\\Abdalmoute\\OneDrive\\Desktop\\lmj_health_web\\frontend\\src\\components\\app\\DeviceRegistrationBridge.integration.test.tsx:123:43\n    at runWithExpensiveErrorDiagnosticsDisabled (C:\\Users\\Abdalmoute\\OneDrive\\Desktop\\lmj_health_web\\frontend\\node_modules\\@testing-library\\dom\\dist\\config.js:47:12)\n    at checkCallback (C:\\Users\\Abdalmoute\\OneDrive\\Desktop\\lmj_health_web\\frontend\\node_modules\\@testing-library\\dom\\dist\\wait-for.js:124:77)\n    at Timeout.checkRealTimersCallback (C:\\Users\\Abdalmoute\\OneDrive\\Desktop\\lmj_health_web\\frontend\\node_modules\\@testing-library\\dom\\dist\\wait-for.js:118:16)\n    at listOnTimeout (node:internal/timers:605:17)\n    at processTimers (node:internal/timers:541:7)"],"meta":{}},{"ancestorTitles":["Device registration lifecycle"],"fullName":"Device registration lifecycle unregisters the device on current-session logout and clears the local sync state","status":"passed","title":"unregisters the device on current-session logout and clears the local sync state","duration":122.38630000000012,"failureMessages":[],"meta":{}},{"ancestorTitles":["Device registration lifecycle"],"fullName":"Device registration lifecycle skips device unregister on logout-all because the backend removes devices server-side and still clears local sync state","status":"passed","title":"skips device unregister on logout-all because the backend removes devices server-side and still clears local sync state","duration":104.78800000000047,"failureMessages":[],"meta":{}}],"startTime":1785738544925,"endTime":1785738546674.788,"status":"failed","message":"","name":"C:/Users/Abdalmoute/OneDrive/Desktop/lmj_health_web/frontend/src/components/app/DeviceRegistrationBridge.integration.test.tsx"},{"assertionResults":[{"ancestorTitles":["Logout integration"],"fullName":"Logout integration logs out the current session, clears persisted auth data, and redirects to login","status":"failed","title":"logs out the current session, clears persisted auth data, and redirects to login","duration":146.3775000000005,"failureMessages":["Error: useI18n must be used inside I18nProvider\n    at Module.useI18n (C:\\Users\\Abdalmoute\\OneDrive\\Desktop\\lmj_health_web\\frontend\\src\\i18n\\provider.tsx:67:11)\n    at LogoutConfirmDialog (C:\\Users\\Abdalmoute\\OneDrive\\Desktop\\lmj_health_web\\frontend\\src\\components\\auth\\logout-confirm-dialog.tsx:22:30)\n    at renderWithHooks (C:\\Users\\Abdalmoute\\OneDrive\\Desktop\\lmj_health_web\\frontend\\node_modules\\react-dom\\cjs\\react-dom.development.js:15486:18)\n    at mountIndeterminateComponent (C:\\Users\\Abdalmoute\\OneDrive\\Desktop\\lmj_health_web\\frontend\\node_modules\\react-dom\\cjs\\react-dom.development.js:20103:13)\n    at beginWork (C:\\Users\\Abdalmoute\\OneDrive\\Desktop\\lmj_health_web\\frontend\\node_modules\\react-dom\\cjs\\react-dom.development.js:21626:16)\n    at beginWork$1 (C:\\Users\\Abdalmoute\\OneDrive\\Desktop\\lmj_health_web\\frontend\\node_modules\\react-dom\\cjs\\react-dom.development.js:27465:14)\n    at performUnitOfWork (C:\\Users\\Abdalmoute\\OneDrive\\Desktop\\lmj_health_web\\frontend\\node_modules\\react-dom\\cjs\\react-dom.development.js:26599:12)\n    at workLoopSync (C:\\Users\\Abdalmoute\\OneDrive\\Desktop\\lmj_health_web\\frontend\\node_modules\\react-dom\\cjs\\react-dom.development.js:26505:5)\n    at renderRootSync (C:\\Users\\Abdalmoute\\OneDrive\\Desktop\\lmj_health_web\\frontend\\node_modules\\react-dom\\cjs\\react-dom.development.js:26473:7)\n    at recoverFromConcurrentError (C:\\Users\\Abdalmoute\\OneDrive\\Desktop\\lmj_health_web\\frontend\\node_modules\\react-dom\\cjs\\react-dom.development.js:25889:20)"],"meta":{}},{"ancestorTitles":["Logout integration"],"fullName":"Logout integration keeps the dialog open and preserves the session when logout fails","status":"failed","title":"keeps the dialog open and preserves the session when logout fails","duration":22.041699999999764,"failureMessages":["Error: useI18n must be used inside I18nProvider\n    at Module.useI18n (C:\\Users\\Abdalmoute\\OneDrive\\Desktop\\lmj_health_web\\frontend\\src\\i18n\\provider.tsx:67:11)\n    at LogoutConfirmDialog (C:\\Users\\Abdalmoute\\OneDrive\\Desktop\\lmj_health_web\\frontend\\src\\components\\auth\\logout-confirm-dialog.tsx:22:30)\n    at renderWithHooks (C:\\Users\\Abdalmoute\\OneDrive\\Desktop\\lmj_health_web\\frontend\\node_modules\\react-dom\\cjs\\react-dom.development.js:15486:18)\n    at mountIndeterminateComponent (C:\\Users\\Abdalmoute\\OneDrive\\Desktop\\lmj_health_web\\frontend\\node_modules\\react-dom\\cjs\\react-dom.development.js:20103:13)\n    at beginWork (C:\\Users\\Abdalmoute\\OneDrive\\Desktop\\lmj_health_web\\frontend\\node_modules\\react-dom\\cjs\\react-dom.development.js:21626:16)\n    at beginWork$1 (C:\\Users\\Abdalmoute\\OneDrive\\Desktop\\lmj_health_web\\frontend\\node_modules\\react-dom\\cjs\\react-dom.development.js:27465:14)\n    at performUnitOfWork (C:\\Users\\Abdalmoute\\OneDrive\\Desktop\\lmj_health_web\\frontend\\node_modules\\react-dom\\cjs\\react-dom.development.js:26599:12)\n    at workLoopSync (C:\\Users\\Abdalmoute\\OneDrive\\Desktop\\lmj_health_web\\frontend\\node_modules\\react-dom\\cjs\\react-dom.development.js:26505:5)\n    at renderRootSync (C:\\Users\\Abdalmoute\\OneDrive\\Desktop\\lmj_health_web\\frontend\\node_modules\\react-dom\\cjs\\react-dom.development.js:26473:7)\n    at recoverFromConcurrentError (C:\\Users\\Abdalmoute\\OneDrive\\Desktop\\lmj_health_web\\frontend\\node_modules\\react-dom\\cjs\\react-dom.development.js:25889:20)"],"meta":{}},{"ancestorTitles":["Logout integration"],"fullName":"Logout integration submits the all-devices logout scope when selected","status":"failed","title":"submits the all-devices logout scope when selected","duration":20.978000000000065,"failureMessages":["Error: useI18n must be used inside I18nProvider\n    at Module.useI18n (C:\\Users\\Abdalmoute\\OneDrive\\Desktop\\lmj_health_web\\frontend\\src\\i18n\\provider.tsx:67:11)\n    at LogoutConfirmDialog (C:\\Users\\Abdalmoute\\OneDrive\\Desktop\\lmj_health_web\\frontend\\src\\components\\auth\\logout-confirm-dialog.tsx:22:30)\n    at renderWithHooks (C:\\Users\\Abdalmoute\\OneDrive\\Desktop\\lmj_health_web\\frontend\\node_modules\\react-dom\\cjs\\react-dom.development.js:15486:18)\n    at mountIndeterminateComponent (C:\\Users\\Abdalmoute\\OneDrive\\Desktop\\lmj_health_web\\frontend\\node_modules\\react-dom\\cjs\\react-dom.development.js:20103:13)\n    at beginWork (C:\\Users\\Abdalmoute\\OneDrive\\Desktop\\lmj_health_web\\frontend\\node_modules\\react-dom\\cjs\\react-dom.development.js:21626:16)\n    at beginWork$1 (C:\\Users\\Abdalmoute\\OneDrive\\Desktop\\lmj_health_web\\frontend\\node_modules\\react-dom\\cjs\\react-dom.development.js:27465:14)\n    at performUnitOfWork (C:\\Users\\Abdalmoute\\OneDrive\\Desktop\\lmj_health_web\\frontend\\node_modules\\react-dom\\cjs\\react-dom.development.js:26599:12)\n    at workLoopSync (C:\\Users\\Abdalmoute\\OneDrive\\Desktop\\lmj_health_web\\frontend\\node_modules\\react-dom\\cjs\\react-dom.development.js:26505:5)\n    at renderRootSync (C:\\Users\\Abdalmoute\\OneDrive\\Desktop\\lmj_health_web\\frontend\\node_modules\\react-dom\\cjs\\react-dom.development.js:26473:7)\n    at recoverFromConcurrentError (C:\\Users\\Abdalmoute\\OneDrive\\Desktop\\lmj_health_web\\frontend\\node_modules\\react-dom\\cjs\\react-dom.development.js:25889:20)"],"meta":{}}],"startTime":1785738545291,"endTime":1785738545480.978,"status":"failed","message":"","name":"C:/Users/Abdalmoute/OneDrive/Desktop/lmj_health_web/frontend/src/components/auth/logout-confirm-dialog.integration.test.tsx"},{"assertionResults":[{"ancestorTitles":["DashboardHeader"],"fullName":"DashboardHeader renders the section back link when provided","status":"passed","title":"renders the section back link when provided","duration":561.0091000000002,"failureMessages":[],"meta":{}}],"startTime":1785738551540,"endTime":1785738552101.009,"status":"passed","message":"","name":"C:/Users/Abdalmoute/OneDrive/Desktop/lmj_health_web/frontend/src/components/layout/dashboard-header.test.tsx"},{"assertionResults":[{"ancestorTitles":["FaqAccordionItem"],"fullName":"FaqAccordionItem starts closed by default and toggles answer visibility when clicked","status":"failed","title":"starts closed by default and toggles answer visibility when clicked","duration":523.1948000000002,"failureMessages":["Error: \u001b[2mexpect(\u001b[22m\u001b[31melement\u001b[39m\u001b[2m).not.toBeInTheDocument()\u001b[22m\n\n\u001b[31mexpected document not to contain element, found <p\n  class=\"px-5 py-4 text-justify font-cairo text-[13px] font-semibold leading-[24px] text-[#475467]\"\n>\n  يتم ذلك عبر اختبارات متكررة والتحقق من الأنواع.\n</p> instead\u001b[39m\n    at Proxy.expectWrapper (file:///C:/Users/Abdalmoute/OneDrive/Desktop/lmj_health_web/frontend/node_modules/@vitest/expect/dist/index.js:1745:12)\n    at Proxy.<anonymous> (file:///C:/Users/Abdalmoute/OneDrive/Desktop/lmj_health_web/frontend/node_modules/@vitest/expect/dist/index.js:1029:14)\n    at Proxy.methodWrapper (file:///C:/Users/Abdalmoute/OneDrive/Desktop/lmj_health_web/frontend/node_modules/chai/index.js:1686:25)\n    at C:\\Users\\Abdalmoute\\OneDrive\\Desktop\\lmj_health_web\\frontend\\src\\components\\platform\\faq-accordion.test.tsx:46:11\n    at runNextTicks (node:internal/process/task_queues:65:5)\n    at processTimers (node:internal/timers:538:9)\n    at file:///C:/Users/Abdalmoute/OneDrive/Desktop/lmj_health_web/frontend/node_modules/@vitest/runner/dist/chunk-hooks.js:752:20"],"meta":{}},{"ancestorTitles":["FaqAccordionItem"],"fullName":"FaqAccordionItem renders expanded content immediately when defaultOpen is true","status":"passed","title":"renders expanded content immediately when defaultOpen is true","duration":23.816399999999703,"failureMessages":[],"meta":{}},{"ancestorTitles":["FaqAccordionList"],"fullName":"FaqAccordionList opens only the first item by default when defaultOpenFirst is enabled","status":"passed","title":"opens only the first item by default when defaultOpenFirst is enabled","duration":44.66960000000017,"failureMessages":[],"meta":{}},{"ancestorTitles":["FaqAccordionList"],"fullName":"FaqAccordionList keeps all items collapsed when defaultOpenFirst is disabled","status":"passed","title":"keeps all items collapsed when defaultOpenFirst is disabled","duration":28.060699999999997,"failureMessages":[],"meta":{}}],"startTime":1785738544788,"endTime":1785738545408.0608,"status":"failed","message":"","name":"C:/Users/Abdalmoute/OneDrive/Desktop/lmj_health_web/frontend/src/components/platform/faq-accordion.test.tsx"},{"assertionResults":[{"ancestorTitles":["useSecretaryAssignedDoctor"],"fullName":"useSecretaryAssignedDoctor returns the assigned doctor when the endpoint succeeds","status":"passed","title":"returns the assigned doctor when the endpoint succeeds","duration":134.14239999999972,"failureMessages":[],"meta":{}},{"ancestorTitles":["useSecretaryAssignedDoctor"],"fullName":"useSecretaryAssignedDoctor maps 403 to a forbidden assignment state","status":"passed","title":"maps 403 to a forbidden assignment state","duration":89.3119999999999,"failureMessages":[],"meta":{}},{"ancestorTitles":["useSecretaryAssignedDoctor"],"fullName":"useSecretaryAssignedDoctor maps 404 to an unassigned-doctor state","status":"passed","title":"maps 404 to an unassigned-doctor state","duration":104.0038999999997,"failureMessages":[],"meta":{}}],"startTime":1785738550370,"endTime":1785738550698.004,"status":"passed","message":"","name":"C:/Users/Abdalmoute/OneDrive/Desktop/lmj_health_web/frontend/src/hooks/secretary/useSecretaryAssignedDoctor.test.tsx"},{"assertionResults":[{"ancestorTitles":["api refresh retry"],"fullName":"api refresh retry retries a protected fetch request once after refresh succeeds","status":"passed","title":"retries a protected fetch request once after refresh succeeds","duration":38.29989999999998,"failureMessages":[],"meta":{}},{"ancestorTitles":["api refresh retry"],"fullName":"api refresh retry runs the invalidated-session flow when refresh fails after a 401","status":"passed","title":"runs the invalidated-session flow when refresh fails after a 401","duration":26.956699999999728,"failureMessages":[],"meta":{}},{"ancestorTitles":["api refresh retry"],"fullName":"api refresh retry retries with the refreshed store token after a 401 even when the original request used an explicit token","status":"passed","title":"retries with the refreshed store token after a 401 even when the original request used an explicit token","duration":21.96939999999995,"failureMessages":[],"meta":{}},{"ancestorTitles":["api refresh retry"],"fullName":"api refresh retry retries a multipart upload once with the refreshed token when the first upload returns 401","status":"passed","title":"retries a multipart upload once with the refreshed token when the first upload returns 401","duration":49.5046999999995,"failureMessages":[],"meta":{}},{"ancestorTitles":["api refresh retry"],"fullName":"api refresh retry retries a multipart upload with the refreshed store token even when the original upload used an explicit token","status":"passed","title":"retries a multipart upload with the refreshed store token even when the original upload used an explicit token","duration":20.766499999999724,"failureMessages":[],"meta":{}}],"startTime":1785738554909,"endTime":1785738555067.7666,"status":"passed","message":"","name":"C:/Users/Abdalmoute/OneDrive/Desktop/lmj_health_web/frontend/src/lib/api/refresh-retry.test.ts"},{"assertionResults":[{"ancestorTitles":["resolveLoginErrorMessageAr"],"fullName":"resolveLoginErrorMessageAr uses phone-specific copy for NOT_VERIFIED","status":"passed","title":"uses phone-specific copy for NOT_VERIFIED","duration":9.781000000000404,"failureMessages":[],"meta":{}},{"ancestorTitles":["resolveLoginErrorMessageAr"],"fullName":"resolveLoginErrorMessageAr uses phone-specific copy for INVALID_CREDENTIALS","status":"passed","title":"uses phone-specific copy for INVALID_CREDENTIALS","duration":1.8512000000000626,"failureMessages":[],"meta":{}}],"startTime":1785738568722,"endTime":1785738568734.8513,"status":"passed","message":"","name":"C:/Users/Abdalmoute/OneDrive/Desktop/lmj_health_web/frontend/src/lib/auth/loginErrorMessages.test.ts"},{"assertionResults":[{"ancestorTitles":["sessionRefresh"],"fullName":"sessionRefresh stores the rotated access and refresh tokens after a successful refresh","status":"passed","title":"stores the rotated access and refresh tokens after a successful refresh","duration":47.546800000000076,"failureMessages":[],"meta":{}},{"ancestorTitles":["sessionRefresh"],"fullName":"sessionRefresh uses a single in-flight refresh request for concurrent callers","status":"passed","title":"uses a single in-flight refresh request for concurrent callers","duration":11.623399999999947,"failureMessages":[],"meta":{}},{"ancestorTitles":["sessionRefresh"],"fullName":"sessionRefresh treats an invalid refresh expiry string as expired","status":"passed","title":"treats an invalid refresh expiry string as expired","duration":11.33809999999994,"failureMessages":[],"meta":{}},{"ancestorTitles":["sessionRefresh"],"fullName":"sessionRefresh clears the local session when refresh succeeds but the stored user payload is missing","status":"passed","title":"clears the local session when refresh succeeds but the stored user payload is missing","duration":12.408300000000509,"failureMessages":[],"meta":{}}],"startTime":1785738557084,"endTime":1785738557167.4082,"status":"passed","message":"","name":"C:/Users/Abdalmoute/OneDrive/Desktop/lmj_health_web/frontend/src/lib/auth/sessionRefresh.test.ts"},{"assertionResults":[{"ancestorTitles":["appointment write flow error messages"],"fullName":"appointment write flow error messages maps booking 403/404/422 errors to actionable messages","status":"passed","title":"maps booking 403/404/422 errors to actionable messages","duration":8.821899999999914,"failureMessages":[],"meta":{}},{"ancestorTitles":["appointment write flow error messages"],"fullName":"appointment write flow error messages maps cancel and reschedule 404/422 errors to action-specific messages","status":"passed","title":"maps cancel and reschedule 404/422 errors to action-specific messages","duration":2.5425999999997657,"failureMessages":[],"meta":{}},{"ancestorTitles":["appointment write flow error messages"],"fullName":"appointment write flow error messages currently falls back to the generic API message for cancel/reschedule 403","status":"passed","title":"currently falls back to the generic API message for cancel/reschedule 403","duration":2.209700000000339,"failureMessages":[],"meta":{}},{"ancestorTitles":["appointment write flow error messages"],"fullName":"appointment write flow error messages maps complete and no-show 403/404/422 errors to action-specific messages","status":"passed","title":"maps complete and no-show 403/404/422 errors to action-specific messages","duration":2.3717999999998938,"failureMessages":[],"meta":{}}],"startTime":1785738565698,"endTime":1785738565714.3718,"status":"passed","message":"","name":"C:/Users/Abdalmoute/OneDrive/Desktop/lmj_health_web/frontend/src/lib/doctor/appointmentWriteFlowErrors.test.ts"},{"assertionResults":[{"ancestorTitles":["triggerBrowserFileDownload"],"fullName":"triggerBrowserFileDownload downloads through a blob URL when CORS fetch succeeds","status":"passed","title":"downloads through a blob URL when CORS fetch succeeds","duration":38.42780000000039,"failureMessages":[],"meta":{}},{"ancestorTitles":["triggerBrowserFileDownload"],"fullName":"triggerBrowserFileDownload falls back to direct download when CORS fetch fails","status":"passed","title":"falls back to direct download when CORS fetch fails","duration":21.53139999999985,"failureMessages":[],"meta":{}},{"ancestorTitles":["triggerBrowserFileDownload"],"fullName":"triggerBrowserFileDownload opens a new tab and triggers download together when requested","status":"passed","title":"opens a new tab and triggers download together when requested","duration":6.286999999999352,"failureMessages":[],"meta":{}}],"startTime":1785738559008,"endTime":1785738559074.287,"status":"passed","message":"","name":"C:/Users/Abdalmoute/OneDrive/Desktop/lmj_health_web/frontend/src/lib/files/triggerBrowserFileDownload.test.ts"},{"assertionResults":[{"ancestorTitles":["formatPhoneForDisplay"],"fullName":"formatPhoneForDisplay formats Syrian numbers consistently regardless of stored spacing","status":"passed","title":"formats Syrian numbers consistently regardless of stored spacing","duration":8.039600000000064,"failureMessages":[],"meta":{}},{"ancestorTitles":["formatPhoneForDisplay"],"fullName":"formatPhoneForDisplay returns dash for empty values","status":"passed","title":"returns dash for empty values","duration":1.2635999999997694,"failureMessages":[],"meta":{}},{"ancestorTitles":["phoneComparisonKey"],"fullName":"phoneComparisonKey matches equivalent phone strings","status":"passed","title":"matches equivalent phone strings","duration":1.5534999999999854,"failureMessages":[],"meta":{}}],"startTime":1785738568097,"endTime":1785738568108.5535,"status":"passed","message":"","name":"C:/Users/Abdalmoute/OneDrive/Desktop/lmj_health_web/frontend/src/lib/phone/formatPhoneForDisplay.test.ts"},{"assertionResults":[{"ancestorTitles":["normalizeAuthPhoneIdentifier"],"fullName":"normalizeAuthPhoneIdentifier converts 00 international prefix to E.164","status":"passed","title":"converts 00 international prefix to E.164","duration":7.760699999999815,"failureMessages":[],"meta":{}},{"ancestorTitles":["normalizeAuthPhoneIdentifier"],"fullName":"normalizeAuthPhoneIdentifier keeps valid E.164 unchanged","status":"passed","title":"keeps valid E.164 unchanged","duration":1.7300999999997657,"failureMessages":[],"meta":{}},{"ancestorTitles":["normalizeAuthPhoneIdentifier"],"fullName":"normalizeAuthPhoneIdentifier adds + to country-code digits without plus","status":"passed","title":"adds + to country-code digits without plus","duration":1.6380999999996675,"failureMessages":[],"meta":{}},{"ancestorTitles":["normalizeAuthPhoneIdentifier"],"fullName":"normalizeAuthPhoneIdentifier maps Syrian local 09… to +963","status":"passed","title":"maps Syrian local 09… to +963","duration":1.647399999999834,"failureMessages":[],"meta":{}},{"ancestorTitles":["normalizeAuthPhoneIdentifier"],"fullName":"normalizeAuthPhoneIdentifier maps 9-digit Syrian mobile to +963","status":"passed","title":"maps 9-digit Syrian mobile to +963","duration":1.5336999999999534,"failureMessages":[],"meta":{}},{"ancestorTitles":["normalizeAuthPhoneIdentifier"],"fullName":"normalizeAuthPhoneIdentifier strips spaces and dashes","status":"passed","title":"strips spaces and dashes","duration":1.4856999999997242,"failureMessages":[],"meta":{}},{"ancestorTitles":["isValidAuthPhoneIdentifier"],"fullName":"isValidAuthPhoneIdentifier accepts normalized Syrian numbers","status":"passed","title":"accepts normalized Syrian numbers","duration":1.39220000000023,"failureMessages":[],"meta":{}},{"ancestorTitles":["resolveLoginIdentifier"],"fullName":"resolveLoginIdentifier returns email for email input","status":"passed","title":"returns email for email input","duration":3.671900000000278,"failureMessages":[],"meta":{}},{"ancestorTitles":["resolveLoginIdentifier"],"fullName":"resolveLoginIdentifier returns normalized phone for phone input","status":"passed","title":"returns normalized phone for phone input","duration":1.8868000000002212,"failureMessages":[],"meta":{}}],"startTime":1785738562504,"endTime":1785738562528.8867,"status":"passed","message":"","name":"C:/Users/Abdalmoute/OneDrive/Desktop/lmj_health_web/frontend/src/lib/phone/normalizeAuthPhone.test.ts"},{"assertionResults":[{"ancestorTitles":["formatPatientLabel"],"fullName":"formatPatientLabel shows patient full name and public id when both exist","status":"passed","title":"shows patient full name and public id when both exist","duration":7.821899999999914,"failureMessages":[],"meta":{}},{"ancestorTitles":["formatPatientLabel"],"fullName":"formatPatientLabel falls back to the patient name when public id is missing","status":"passed","title":"falls back to the patient name when public id is missing","duration":1.7539000000001579,"failureMessages":[],"meta":{}},{"ancestorTitles":["formatPatientLabel"],"fullName":"formatPatientLabel falls back to a dash when no patient identity is available","status":"passed","title":"falls back to a dash when no patient identity is available","duration":1.4776999999999134,"failureMessages":[],"meta":{}}],"startTime":1785738563255,"endTime":1785738563265.4778,"status":"passed","message":"","name":"C:/Users/Abdalmoute/OneDrive/Desktop/lmj_health_web/frontend/src/components/admin/appointments/appointmentListUtils.test.ts"},{"assertionResults":[{"ancestorTitles":["UpsertServiceTypeDialog integration"],"fullName":"UpsertServiceTypeDialog integration opens from a trigger and exposes the correct dialog title","status":"passed","title":"opens from a trigger and exposes the correct dialog title","duration":786.7002999999986,"failureMessages":[],"meta":{}},{"ancestorTitles":["UpsertServiceTypeDialog integration"],"fullName":"UpsertServiceTypeDialog integration closes on cancel without submitting","status":"passed","title":"closes on cancel without submitting","duration":896.7322000000004,"failureMessages":[],"meta":{}},{"ancestorTitles":["UpsertServiceTypeDialog integration"],"fullName":"UpsertServiceTypeDialog integration shows required-field validation errors and prevents submission","status":"failed","title":"shows required-field validation errors and prevents submission","duration":391.21439999999893,"failureMessages":["AssertionError: expected [ <p role=\"alert\" …(1)></p>, …(3) ] to have a length of 3 but got 4\n    at Proxy.<anonymous> (file:///C:/Users/Abdalmoute/OneDrive/Desktop/lmj_health_web/frontend/node_modules/@vitest/expect/dist/index.js:1257:20)\n    at Proxy.<anonymous> (file:///C:/Users/Abdalmoute/OneDrive/Desktop/lmj_health_web/frontend/node_modules/@vitest/expect/dist/index.js:1029:14)\n    at Proxy.methodWrapper (file:///C:/Users/Abdalmoute/OneDrive/Desktop/lmj_health_web/frontend/node_modules/chai/index.js:1686:25)\n    at C:\\Users\\Abdalmoute\\OneDrive\\Desktop\\lmj_health_web\\frontend\\src\\components\\admin\\service-types\\UpsertServiceTypeDialog.integration.test.tsx:88:42\n    at runNextTicks (node:internal/process/task_queues:65:5)\n    at processTimers (node:internal/timers:538:9)\n    at file:///C:/Users/Abdalmoute/OneDrive/Desktop/lmj_health_web/frontend/node_modules/@vitest/runner/dist/chunk-hooks.js:752:20"],"meta":{}},{"ancestorTitles":["UpsertServiceTypeDialog integration"],"fullName":"UpsertServiceTypeDialog integration rejects invalid script and slug input before calling the API","status":"passed","title":"rejects invalid script and slug input before calling the API","duration":857.9483,"failureMessages":[],"meta":{}},{"ancestorTitles":["UpsertServiceTypeDialog integration"],"fullName":"UpsertServiceTypeDialog integration submits the expected payload, invalidates service type queries, shows success feedback, and closes","status":"passed","title":"submits the expected payload, invalidates service type queries, shows success feedback, and closes","duration":2131.895199999999,"failureMessages":[],"meta":{}},{"ancestorTitles":["UpsertServiceTypeDialog integration"],"fullName":"UpsertServiceTypeDialog integration disables submit and shows the loading label while the mutation is pending","status":"passed","title":"disables submit and shows the loading label while the mutation is pending","duration":1855.7020999999986,"failureMessages":[],"meta":{}},{"ancestorTitles":["UpsertServiceTypeDialog integration"],"fullName":"UpsertServiceTypeDialog integration shows server validation feedback, keeps the dialog usable, and preserves entered values after failure","status":"passed","title":"shows server validation feedback, keeps the dialog usable, and preserves entered values after failure","duration":1971.640199999998,"failureMessages":[],"meta":{}}],"startTime":1785738545800,"endTime":1785738554692.6401,"status":"failed","message":"","name":"C:/Users/Abdalmoute/OneDrive/Desktop/lmj_health_web/frontend/src/components/admin/service-types/UpsertServiceTypeDialog.integration.test.tsx"},{"assertionResults":[{"ancestorTitles":["Authentication integration"],"fullName":"Authentication integration validates invalid login input on the client before sending a request","status":"failed","title":"validates invalid login input on the client before sending a request","duration":129.78169999999955,"failureMessages":["Error: useI18n must be used inside I18nProvider\n    at Module.useI18n (C:\\Users\\Abdalmoute\\OneDrive\\Desktop\\lmj_health_web\\frontend\\src\\i18n\\provider.tsx:67:11)\n    at LoginPage (C:\\Users\\Abdalmoute\\OneDrive\\Desktop\\lmj_health_web\\frontend\\src\\pages\\auth\\login\\LoginPage.tsx:8:17)\n    at renderWithHooks (C:\\Users\\Abdalmoute\\OneDrive\\Desktop\\lmj_health_web\\frontend\\node_modules\\react-dom\\cjs\\react-dom.development.js:15486:18)\n    at mountIndeterminateComponent (C:\\Users\\Abdalmoute\\OneDrive\\Desktop\\lmj_health_web\\frontend\\node_modules\\react-dom\\cjs\\react-dom.development.js:20103:13)\n    at beginWork (C:\\Users\\Abdalmoute\\OneDrive\\Desktop\\lmj_health_web\\frontend\\node_modules\\react-dom\\cjs\\react-dom.development.js:21626:16)\n    at beginWork$1 (C:\\Users\\Abdalmoute\\OneDrive\\Desktop\\lmj_health_web\\frontend\\node_modules\\react-dom\\cjs\\react-dom.development.js:27465:14)\n    at performUnitOfWork (C:\\Users\\Abdalmoute\\OneDrive\\Desktop\\lmj_health_web\\frontend\\node_modules\\react-dom\\cjs\\react-dom.development.js:26599:12)\n    at workLoopSync (C:\\Users\\Abdalmoute\\OneDrive\\Desktop\\lmj_health_web\\frontend\\node_modules\\react-dom\\cjs\\react-dom.development.js:26505:5)\n    at renderRootSync (C:\\Users\\Abdalmoute\\OneDrive\\Desktop\\lmj_health_web\\frontend\\node_modules\\react-dom\\cjs\\react-dom.development.js:26473:7)\n    at recoverFromConcurrentError (C:\\Users\\Abdalmoute\\OneDrive\\Desktop\\lmj_health_web\\frontend\\node_modules\\react-dom\\cjs\\react-dom.development.js:25889:20)"],"meta":{}},{"ancestorTitles":["Authentication integration"],"fullName":"Authentication integration shows a loading state while authentication is pending","status":"failed","title":"shows a loading state while authentication is pending","duration":14.733799999999974,"failureMessages":["Error: useI18n must be used inside I18nProvider\n    at Module.useI18n (C:\\Users\\Abdalmoute\\OneDrive\\Desktop\\lmj_health_web\\frontend\\src\\i18n\\provider.tsx:67:11)\n    at LoginPage (C:\\Users\\Abdalmoute\\OneDrive\\Desktop\\lmj_health_web\\frontend\\src\\pages\\auth\\login\\LoginPage.tsx:8:17)\n    at renderWithHooks (C:\\Users\\Abdalmoute\\OneDrive\\Desktop\\lmj_health_web\\frontend\\node_modules\\react-dom\\cjs\\react-dom.development.js:15486:18)\n    at mountIndeterminateComponent (C:\\Users\\Abdalmoute\\OneDrive\\Desktop\\lmj_health_web\\frontend\\node_modules\\react-dom\\cjs\\react-dom.development.js:20103:13)\n    at beginWork (C:\\Users\\Abdalmoute\\OneDrive\\Desktop\\lmj_health_web\\frontend\\node_modules\\react-dom\\cjs\\react-dom.development.js:21626:16)\n    at beginWork$1 (C:\\Users\\Abdalmoute\\OneDrive\\Desktop\\lmj_health_web\\frontend\\node_modules\\react-dom\\cjs\\react-dom.development.js:27465:14)\n    at performUnitOfWork (C:\\Users\\Abdalmoute\\OneDrive\\Desktop\\lmj_health_web\\frontend\\node_modules\\react-dom\\cjs\\react-dom.development.js:26599:12)\n    at workLoopSync (C:\\Users\\Abdalmoute\\OneDrive\\Desktop\\lmj_health_web\\frontend\\node_modules\\react-dom\\cjs\\react-dom.development.js:26505:5)\n    at renderRootSync (C:\\Users\\Abdalmoute\\OneDrive\\Desktop\\lmj_health_web\\frontend\\node_modules\\react-dom\\cjs\\react-dom.development.js:26473:7)\n    at recoverFromConcurrentError (C:\\Users\\Abdalmoute\\OneDrive\\Desktop\\lmj_health_web\\frontend\\node_modules\\react-dom\\cjs\\react-dom.development.js:25889:20)"],"meta":{}},{"ancestorTitles":["Authentication integration"],"fullName":"Authentication integration authenticates successfully, persists the session, and redirects to the role root","status":"failed","title":"authenticates successfully, persists the session, and redirects to the role root","duration":8.112899999999172,"failureMessages":["Error: useI18n must be used inside I18nProvider\n    at Module.useI18n (C:\\Users\\Abdalmoute\\OneDrive\\Desktop\\lmj_health_web\\frontend\\src\\i18n\\provider.tsx:67:11)\n    at LoginPage (C:\\Users\\Abdalmoute\\OneDrive\\Desktop\\lmj_health_web\\frontend\\src\\pages\\auth\\login\\LoginPage.tsx:8:17)\n    at renderWithHooks (C:\\Users\\Abdalmoute\\OneDrive\\Desktop\\lmj_health_web\\frontend\\node_modules\\react-dom\\cjs\\react-dom.development.js:15486:18)\n    at mountIndeterminateComponent (C:\\Users\\Abdalmoute\\OneDrive\\Desktop\\lmj_health_web\\frontend\\node_modules\\react-dom\\cjs\\react-dom.development.js:20103:13)\n    at beginWork (C:\\Users\\Abdalmoute\\OneDrive\\Desktop\\lmj_health_web\\frontend\\node_modules\\react-dom\\cjs\\react-dom.development.js:21626:16)\n    at beginWork$1 (C:\\Users\\Abdalmoute\\OneDrive\\Desktop\\lmj_health_web\\frontend\\node_modules\\react-dom\\cjs\\react-dom.development.js:27465:14)\n    at performUnitOfWork (C:\\Users\\Abdalmoute\\OneDrive\\Desktop\\lmj_health_web\\frontend\\node_modules\\react-dom\\cjs\\react-dom.development.js:26599:12)\n    at workLoopSync (C:\\Users\\Abdalmoute\\OneDrive\\Desktop\\lmj_health_web\\frontend\\node_modules\\react-dom\\cjs\\react-dom.development.js:26505:5)\n    at renderRootSync (C:\\Users\\Abdalmoute\\OneDrive\\Desktop\\lmj_health_web\\frontend\\node_modules\\react-dom\\cjs\\react-dom.development.js:26473:7)\n    at recoverFromConcurrentError (C:\\Users\\Abdalmoute\\OneDrive\\Desktop\\lmj_health_web\\frontend\\node_modules\\react-dom\\cjs\\react-dom.development.js:25889:20)"],"meta":{}},{"ancestorTitles":["Authentication integration"],"fullName":"Authentication integration redirects data-entry users to the canonical data-entry dashboard after login","status":"failed","title":"redirects data-entry users to the canonical data-entry dashboard after login","duration":12.018500000000131,"failureMessages":["Error: useI18n must be used inside I18nProvider\n    at Module.useI18n (C:\\Users\\Abdalmoute\\OneDrive\\Desktop\\lmj_health_web\\frontend\\src\\i18n\\provider.tsx:67:11)\n    at LoginPage (C:\\Users\\Abdalmoute\\OneDrive\\Desktop\\lmj_health_web\\frontend\\src\\pages\\auth\\login\\LoginPage.tsx:8:17)\n    at renderWithHooks (C:\\Users\\Abdalmoute\\OneDrive\\Desktop\\lmj_health_web\\frontend\\node_modules\\react-dom\\cjs\\react-dom.development.js:15486:18)\n    at mountIndeterminateComponent (C:\\Users\\Abdalmoute\\OneDrive\\Desktop\\lmj_health_web\\frontend\\node_modules\\react-dom\\cjs\\react-dom.development.js:20103:13)\n    at beginWork (C:\\Users\\Abdalmoute\\OneDrive\\Desktop\\lmj_health_web\\frontend\\node_modules\\react-dom\\cjs\\react-dom.development.js:21626:16)\n    at beginWork$1 (C:\\Users\\Abdalmoute\\OneDrive\\Desktop\\lmj_health_web\\frontend\\node_modules\\react-dom\\cjs\\react-dom.development.js:27465:14)\n    at performUnitOfWork (C:\\Users\\Abdalmoute\\OneDrive\\Desktop\\lmj_health_web\\frontend\\node_modules\\react-dom\\cjs\\react-dom.development.js:26599:12)\n    at workLoopSync (C:\\Users\\Abdalmoute\\OneDrive\\Desktop\\lmj_health_web\\frontend\\node_modules\\react-dom\\cjs\\react-dom.development.js:26505:5)\n    at renderRootSync (C:\\Users\\Abdalmoute\\OneDrive\\Desktop\\lmj_health_web\\frontend\\node_modules\\react-dom\\cjs\\react-dom.development.js:26473:7)\n    at recoverFromConcurrentError (C:\\Users\\Abdalmoute\\OneDrive\\Desktop\\lmj_health_web\\frontend\\node_modules\\react-dom\\cjs\\react-dom.development.js:25889:20)"],"meta":{}},{"ancestorTitles":["Authentication integration"],"fullName":"Authentication integration shows an authentication error and keeps the user on the login page when credentials are invalid","status":"failed","title":"shows an authentication error and keeps the user on the login page when credentials are invalid","duration":18.816100000000006,"failureMessages":["Error: useI18n must be used inside I18nProvider\n    at Module.useI18n (C:\\Users\\Abdalmoute\\OneDrive\\Desktop\\lmj_health_web\\frontend\\src\\i18n\\provider.tsx:67:11)\n    at LoginPage (C:\\Users\\Abdalmoute\\OneDrive\\Desktop\\lmj_health_web\\frontend\\src\\pages\\auth\\login\\LoginPage.tsx:8:17)\n    at renderWithHooks (C:\\Users\\Abdalmoute\\OneDrive\\Desktop\\lmj_health_web\\frontend\\node_modules\\react-dom\\cjs\\react-dom.development.js:15486:18)\n    at mountIndeterminateComponent (C:\\Users\\Abdalmoute\\OneDrive\\Desktop\\lmj_health_web\\frontend\\node_modules\\react-dom\\cjs\\react-dom.development.js:20103:13)\n    at beginWork (C:\\Users\\Abdalmoute\\OneDrive\\Desktop\\lmj_health_web\\frontend\\node_modules\\react-dom\\cjs\\react-dom.development.js:21626:16)\n    at beginWork$1 (C:\\Users\\Abdalmoute\\OneDrive\\Desktop\\lmj_health_web\\frontend\\node_modules\\react-dom\\cjs\\react-dom.development.js:27465:14)\n    at performUnitOfWork (C:\\Users\\Abdalmoute\\OneDrive\\Desktop\\lmj_health_web\\frontend\\node_modules\\react-dom\\cjs\\react-dom.development.js:26599:12)\n    at workLoopSync (C:\\Users\\Abdalmoute\\OneDrive\\Desktop\\lmj_health_web\\frontend\\node_modules\\react-dom\\cjs\\react-dom.development.js:26505:5)\n    at renderRootSync (C:\\Users\\Abdalmoute\\OneDrive\\Desktop\\lmj_health_web\\frontend\\node_modules\\react-dom\\cjs\\react-dom.development.js:26473:7)\n    at recoverFromConcurrentError (C:\\Users\\Abdalmoute\\OneDrive\\Desktop\\lmj_health_web\\frontend\\node_modules\\react-dom\\cjs\\react-dom.development.js:25889:20)"],"meta":{}},{"ancestorTitles":["Authentication integration"],"fullName":"Authentication integration redirects to the requested next path after successful login","status":"failed","title":"redirects to the requested next path after successful login","duration":14.133599999999205,"failureMessages":["Error: useI18n must be used inside I18nProvider\n    at Module.useI18n (C:\\Users\\Abdalmoute\\OneDrive\\Desktop\\lmj_health_web\\frontend\\src\\i18n\\provider.tsx:67:11)\n    at LoginPage (C:\\Users\\Abdalmoute\\OneDrive\\Desktop\\lmj_health_web\\frontend\\src\\pages\\auth\\login\\LoginPage.tsx:8:17)\n    at renderWithHooks (C:\\Users\\Abdalmoute\\OneDrive\\Desktop\\lmj_health_web\\frontend\\node_modules\\react-dom\\cjs\\react-dom.development.js:15486:18)\n    at mountIndeterminateComponent (C:\\Users\\Abdalmoute\\OneDrive\\Desktop\\lmj_health_web\\frontend\\node_modules\\react-dom\\cjs\\react-dom.development.js:20103:13)\n    at beginWork (C:\\Users\\Abdalmoute\\OneDrive\\Desktop\\lmj_health_web\\frontend\\node_modules\\react-dom\\cjs\\react-dom.development.js:21626:16)\n    at beginWork$1 (C:\\Users\\Abdalmoute\\OneDrive\\Desktop\\lmj_health_web\\frontend\\node_modules\\react-dom\\cjs\\react-dom.development.js:27465:14)\n    at performUnitOfWork (C:\\Users\\Abdalmoute\\OneDrive\\Desktop\\lmj_health_web\\frontend\\node_modules\\react-dom\\cjs\\react-dom.development.js:26599:12)\n    at workLoopSync (C:\\Users\\Abdalmoute\\OneDrive\\Desktop\\lmj_health_web\\frontend\\node_modules\\react-dom\\cjs\\react-dom.development.js:26505:5)\n    at renderRootSync (C:\\Users\\Abdalmoute\\OneDrive\\Desktop\\lmj_health_web\\frontend\\node_modules\\react-dom\\cjs\\react-dom.development.js:26473:7)\n    at recoverFromConcurrentError (C:\\Users\\Abdalmoute\\OneDrive\\Desktop\\lmj_health_web\\frontend\\node_modules\\react-dom\\cjs\\react-dom.development.js:25889:20)"],"meta":{}},{"ancestorTitles":["Authentication integration"],"fullName":"Authentication integration redirects authenticated users away from guest-only login routes","status":"passed","title":"redirects authenticated users away from guest-only login routes","duration":62.286299999999756,"failureMessages":[],"meta":{}},{"ancestorTitles":["Authentication integration"],"fullName":"Authentication integration redirects unauthenticated users from protected routes to login","status":"failed","title":"redirects unauthenticated users from protected routes to login","duration":20.527200000000448,"failureMessages":["Error: useI18n must be used inside I18nProvider\n    at Module.useI18n (C:\\Users\\Abdalmoute\\OneDrive\\Desktop\\lmj_health_web\\frontend\\src\\i18n\\provider.tsx:67:11)\n    at LoginPage (C:\\Users\\Abdalmoute\\OneDrive\\Desktop\\lmj_health_web\\frontend\\src\\pages\\auth\\login\\LoginPage.tsx:8:17)\n    at renderWithHooks (C:\\Users\\Abdalmoute\\OneDrive\\Desktop\\lmj_health_web\\frontend\\node_modules\\react-dom\\cjs\\react-dom.development.js:15486:18)\n    at mountIndeterminateComponent (C:\\Users\\Abdalmoute\\OneDrive\\Desktop\\lmj_health_web\\frontend\\node_modules\\react-dom\\cjs\\react-dom.development.js:20103:13)\n    at beginWork (C:\\Users\\Abdalmoute\\OneDrive\\Desktop\\lmj_health_web\\frontend\\node_modules\\react-dom\\cjs\\react-dom.development.js:21626:16)\n    at beginWork$1 (C:\\Users\\Abdalmoute\\OneDrive\\Desktop\\lmj_health_web\\frontend\\node_modules\\react-dom\\cjs\\react-dom.development.js:27465:14)\n    at performUnitOfWork (C:\\Users\\Abdalmoute\\OneDrive\\Desktop\\lmj_health_web\\frontend\\node_modules\\react-dom\\cjs\\react-dom.development.js:26599:12)\n    at workLoopSync (C:\\Users\\Abdalmoute\\OneDrive\\Desktop\\lmj_health_web\\frontend\\node_modules\\react-dom\\cjs\\react-dom.development.js:26505:5)\n    at renderRootSync (C:\\Users\\Abdalmoute\\OneDrive\\Desktop\\lmj_health_web\\frontend\\node_modules\\react-dom\\cjs\\react-dom.development.js:26473:7)\n    at recoverFromConcurrentError (C:\\Users\\Abdalmoute\\OneDrive\\Desktop\\lmj_health_web\\frontend\\node_modules\\react-dom\\cjs\\react-dom.development.js:25889:20)"],"meta":{}}],"startTime":1785738545403,"endTime":1785738545683.527,"status":"failed","message":"","name":"C:/Users/Abdalmoute/OneDrive/Desktop/lmj_health_web/frontend/src/components/auth/login/login-form.integration.test.tsx"},{"assertionResults":[{"ancestorTitles":["LoginForm"],"fullName":"LoginForm validates email login and shows Arabic error for invalid email","status":"failed","title":"validates email login and shows Arabic error for invalid email","duration":128.1296000000002,"failureMessages":["Error: useI18n must be used inside I18nProvider\n    at Module.useI18n (C:\\Users\\Abdalmoute\\OneDrive\\Desktop\\lmj_health_web\\frontend\\src\\i18n\\provider.tsx:67:11)\n    at LoginForm (C:\\Users\\Abdalmoute\\OneDrive\\Desktop\\lmj_health_web\\frontend\\src\\components\\auth\\login\\login-form.tsx:88:30)\n    at renderWithHooks (C:\\Users\\Abdalmoute\\OneDrive\\Desktop\\lmj_health_web\\frontend\\node_modules\\react-dom\\cjs\\react-dom.development.js:15486:18)\n    at mountIndeterminateComponent (C:\\Users\\Abdalmoute\\OneDrive\\Desktop\\lmj_health_web\\frontend\\node_modules\\react-dom\\cjs\\react-dom.development.js:20103:13)\n    at beginWork (C:\\Users\\Abdalmoute\\OneDrive\\Desktop\\lmj_health_web\\frontend\\node_modules\\react-dom\\cjs\\react-dom.development.js:21626:16)\n    at beginWork$1 (C:\\Users\\Abdalmoute\\OneDrive\\Desktop\\lmj_health_web\\frontend\\node_modules\\react-dom\\cjs\\react-dom.development.js:27465:14)\n    at performUnitOfWork (C:\\Users\\Abdalmoute\\OneDrive\\Desktop\\lmj_health_web\\frontend\\node_modules\\react-dom\\cjs\\react-dom.development.js:26599:12)\n    at workLoopSync (C:\\Users\\Abdalmoute\\OneDrive\\Desktop\\lmj_health_web\\frontend\\node_modules\\react-dom\\cjs\\react-dom.development.js:26505:5)\n    at renderRootSync (C:\\Users\\Abdalmoute\\OneDrive\\Desktop\\lmj_health_web\\frontend\\node_modules\\react-dom\\cjs\\react-dom.development.js:26473:7)\n    at recoverFromConcurrentError (C:\\Users\\Abdalmoute\\OneDrive\\Desktop\\lmj_health_web\\frontend\\node_modules\\react-dom\\cjs\\react-dom.development.js:25889:20)"],"meta":{}},{"ancestorTitles":["LoginForm"],"fullName":"LoginForm switches to phone login, rejects short phone numbers, and updates the placeholder","status":"failed","title":"switches to phone login, rejects short phone numbers, and updates the placeholder","duration":25.523699999999735,"failureMessages":["Error: useI18n must be used inside I18nProvider\n    at Module.useI18n (C:\\Users\\Abdalmoute\\OneDrive\\Desktop\\lmj_health_web\\frontend\\src\\i18n\\provider.tsx:67:11)\n    at LoginForm (C:\\Users\\Abdalmoute\\OneDrive\\Desktop\\lmj_health_web\\frontend\\src\\components\\auth\\login\\login-form.tsx:88:30)\n    at renderWithHooks (C:\\Users\\Abdalmoute\\OneDrive\\Desktop\\lmj_health_web\\frontend\\node_modules\\react-dom\\cjs\\react-dom.development.js:15486:18)\n    at mountIndeterminateComponent (C:\\Users\\Abdalmoute\\OneDrive\\Desktop\\lmj_health_web\\frontend\\node_modules\\react-dom\\cjs\\react-dom.development.js:20103:13)\n    at beginWork (C:\\Users\\Abdalmoute\\OneDrive\\Desktop\\lmj_health_web\\frontend\\node_modules\\react-dom\\cjs\\react-dom.development.js:21626:16)\n    at beginWork$1 (C:\\Users\\Abdalmoute\\OneDrive\\Desktop\\lmj_health_web\\frontend\\node_modules\\react-dom\\cjs\\react-dom.development.js:27465:14)\n    at performUnitOfWork (C:\\Users\\Abdalmoute\\OneDrive\\Desktop\\lmj_health_web\\frontend\\node_modules\\react-dom\\cjs\\react-dom.development.js:26599:12)\n    at workLoopSync (C:\\Users\\Abdalmoute\\OneDrive\\Desktop\\lmj_health_web\\frontend\\node_modules\\react-dom\\cjs\\react-dom.development.js:26505:5)\n    at renderRootSync (C:\\Users\\Abdalmoute\\OneDrive\\Desktop\\lmj_health_web\\frontend\\node_modules\\react-dom\\cjs\\react-dom.development.js:26473:7)\n    at recoverFromConcurrentError (C:\\Users\\Abdalmoute\\OneDrive\\Desktop\\lmj_health_web\\frontend\\node_modules\\react-dom\\cjs\\react-dom.development.js:25889:20)"],"meta":{}},{"ancestorTitles":["LoginForm"],"fullName":"LoginForm submits successfully, shows a success toast, and redirects by user role","status":"failed","title":"submits successfully, shows a success toast, and redirects by user role","duration":11.263100000000122,"failureMessages":["Error: useI18n must be used inside I18nProvider\n    at Module.useI18n (C:\\Users\\Abdalmoute\\OneDrive\\Desktop\\lmj_health_web\\frontend\\src\\i18n\\provider.tsx:67:11)\n    at LoginForm (C:\\Users\\Abdalmoute\\OneDrive\\Desktop\\lmj_health_web\\frontend\\src\\components\\auth\\login\\login-form.tsx:88:30)\n    at renderWithHooks (C:\\Users\\Abdalmoute\\OneDrive\\Desktop\\lmj_health_web\\frontend\\node_modules\\react-dom\\cjs\\react-dom.development.js:15486:18)\n    at mountIndeterminateComponent (C:\\Users\\Abdalmoute\\OneDrive\\Desktop\\lmj_health_web\\frontend\\node_modules\\react-dom\\cjs\\react-dom.development.js:20103:13)\n    at beginWork (C:\\Users\\Abdalmoute\\OneDrive\\Desktop\\lmj_health_web\\frontend\\node_modules\\react-dom\\cjs\\react-dom.development.js:21626:16)\n    at beginWork$1 (C:\\Users\\Abdalmoute\\OneDrive\\Desktop\\lmj_health_web\\frontend\\node_modules\\react-dom\\cjs\\react-dom.development.js:27465:14)\n    at performUnitOfWork (C:\\Users\\Abdalmoute\\OneDrive\\Desktop\\lmj_health_web\\frontend\\node_modules\\react-dom\\cjs\\react-dom.development.js:26599:12)\n    at workLoopSync (C:\\Users\\Abdalmoute\\OneDrive\\Desktop\\lmj_health_web\\frontend\\node_modules\\react-dom\\cjs\\react-dom.development.js:26505:5)\n    at renderRootSync (C:\\Users\\Abdalmoute\\OneDrive\\Desktop\\lmj_health_web\\frontend\\node_modules\\react-dom\\cjs\\react-dom.development.js:26473:7)\n    at recoverFromConcurrentError (C:\\Users\\Abdalmoute\\OneDrive\\Desktop\\lmj_health_web\\frontend\\node_modules\\react-dom\\cjs\\react-dom.development.js:25889:20)"],"meta":{}},{"ancestorTitles":["LoginForm"],"fullName":"LoginForm shows submitting state while the request is pending","status":"failed","title":"shows submitting state while the request is pending","duration":10.0628999999999,"failureMessages":["Error: useI18n must be used inside I18nProvider\n    at Module.useI18n (C:\\Users\\Abdalmoute\\OneDrive\\Desktop\\lmj_health_web\\frontend\\src\\i18n\\provider.tsx:67:11)\n    at LoginForm (C:\\Users\\Abdalmoute\\OneDrive\\Desktop\\lmj_health_web\\frontend\\src\\components\\auth\\login\\login-form.tsx:88:30)\n    at renderWithHooks (C:\\Users\\Abdalmoute\\OneDrive\\Desktop\\lmj_health_web\\frontend\\node_modules\\react-dom\\cjs\\react-dom.development.js:15486:18)\n    at mountIndeterminateComponent (C:\\Users\\Abdalmoute\\OneDrive\\Desktop\\lmj_health_web\\frontend\\node_modules\\react-dom\\cjs\\react-dom.development.js:20103:13)\n    at beginWork (C:\\Users\\Abdalmoute\\OneDrive\\Desktop\\lmj_health_web\\frontend\\node_modules\\react-dom\\cjs\\react-dom.development.js:21626:16)\n    at beginWork$1 (C:\\Users\\Abdalmoute\\OneDrive\\Desktop\\lmj_health_web\\frontend\\node_modules\\react-dom\\cjs\\react-dom.development.js:27465:14)\n    at performUnitOfWork (C:\\Users\\Abdalmoute\\OneDrive\\Desktop\\lmj_health_web\\frontend\\node_modules\\react-dom\\cjs\\react-dom.development.js:26599:12)\n    at workLoopSync (C:\\Users\\Abdalmoute\\OneDrive\\Desktop\\lmj_health_web\\frontend\\node_modules\\react-dom\\cjs\\react-dom.development.js:26505:5)\n    at renderRootSync (C:\\Users\\Abdalmoute\\OneDrive\\Desktop\\lmj_health_web\\frontend\\node_modules\\react-dom\\cjs\\react-dom.development.js:26473:7)\n    at recoverFromConcurrentError (C:\\Users\\Abdalmoute\\OneDrive\\Desktop\\lmj_health_web\\frontend\\node_modules\\react-dom\\cjs\\react-dom.development.js:25889:20)"],"meta":{}},{"ancestorTitles":["LoginForm"],"fullName":"LoginForm shows an inline alert and error toast when login fails","status":"failed","title":"shows an inline alert and error toast when login fails","duration":15.742400000000089,"failureMessages":["Error: useI18n must be used inside I18nProvider\n    at Module.useI18n (C:\\Users\\Abdalmoute\\OneDrive\\Desktop\\lmj_health_web\\frontend\\src\\i18n\\provider.tsx:67:11)\n    at LoginForm (C:\\Users\\Abdalmoute\\OneDrive\\Desktop\\lmj_health_web\\frontend\\src\\components\\auth\\login\\login-form.tsx:88:30)\n    at renderWithHooks (C:\\Users\\Abdalmoute\\OneDrive\\Desktop\\lmj_health_web\\frontend\\node_modules\\react-dom\\cjs\\react-dom.development.js:15486:18)\n    at mountIndeterminateComponent (C:\\Users\\Abdalmoute\\OneDrive\\Desktop\\lmj_health_web\\frontend\\node_modules\\react-dom\\cjs\\react-dom.development.js:20103:13)\n    at beginWork (C:\\Users\\Abdalmoute\\OneDrive\\Desktop\\lmj_health_web\\frontend\\node_modules\\react-dom\\cjs\\react-dom.development.js:21626:16)\n    at beginWork$1 (C:\\Users\\Abdalmoute\\OneDrive\\Desktop\\lmj_health_web\\frontend\\node_modules\\react-dom\\cjs\\react-dom.development.js:27465:14)\n    at performUnitOfWork (C:\\Users\\Abdalmoute\\OneDrive\\Desktop\\lmj_health_web\\frontend\\node_modules\\react-dom\\cjs\\react-dom.development.js:26599:12)\n    at workLoopSync (C:\\Users\\Abdalmoute\\OneDrive\\Desktop\\lmj_health_web\\frontend\\node_modules\\react-dom\\cjs\\react-dom.development.js:26505:5)\n    at renderRootSync (C:\\Users\\Abdalmoute\\OneDrive\\Desktop\\lmj_health_web\\frontend\\node_modules\\react-dom\\cjs\\react-dom.development.js:26473:7)\n    at recoverFromConcurrentError (C:\\Users\\Abdalmoute\\OneDrive\\Desktop\\lmj_health_web\\frontend\\node_modules\\react-dom\\cjs\\react-dom.development.js:25889:20)"],"meta":{}}],"startTime":1785738545308,"endTime":1785738545498.7424,"status":"failed","message":"","name":"C:/Users/Abdalmoute/OneDrive/Desktop/lmj_health_web/frontend/src/components/auth/login/login-form.test.tsx"},{"assertionResults":[{"ancestorTitles":["doctorPersonalEditSchema"],"fullName":"doctorPersonalEditSchema accepts valid personal data","status":"passed","title":"accepts valid personal data","duration":14.977799999999661,"failureMessages":[],"meta":{}},{"ancestorTitles":["doctorPersonalEditSchema"],"fullName":"doctorPersonalEditSchema rejects empty required fullName","status":"passed","title":"rejects empty required fullName","duration":5.354199999999764,"failureMessages":[],"meta":{}},{"ancestorTitles":["doctorPersonalEditSchema"],"fullName":"doctorPersonalEditSchema rejects short address","status":"passed","title":"rejects short address","duration":3.7747999999992317,"failureMessages":[],"meta":{}},{"ancestorTitles":["doctorPersonalEditSchema"],"fullName":"doctorPersonalEditSchema rejects bio longer than 200 chars","status":"passed","title":"rejects bio longer than 200 chars","duration":1.6578999999992448,"failureMessages":[],"meta":{}},{"ancestorTitles":["doctorPersonalEditSchema"],"fullName":"doctorPersonalEditSchema allows empty optional consultationFee","status":"passed","title":"allows empty optional consultationFee","duration":1.5787000000000262,"failureMessages":[],"meta":{}},{"ancestorTitles":["doctorPersonalEditSchema"],"fullName":"doctorPersonalEditSchema rejects invalid consultationFee","status":"passed","title":"rejects invalid consultationFee","duration":2.865600000000086,"failureMessages":[],"meta":{}},{"ancestorTitles":["doctorPersonalEditSchema"],"fullName":"doctorPersonalEditSchema rejects future dateOfBirth","status":"passed","title":"rejects future dateOfBirth","duration":1.8361000000004424,"failureMessages":[],"meta":{}},{"ancestorTitles":["doctorProfessionalEditSchema"],"fullName":"doctorProfessionalEditSchema accepts valid professional data","status":"passed","title":"accepts valid professional data","duration":3.6790000000000873,"failureMessages":[],"meta":{}},{"ancestorTitles":["doctorProfessionalEditSchema"],"fullName":"doctorProfessionalEditSchema rejects missing medical license","status":"passed","title":"rejects missing medical license","duration":2.1972999999998137,"failureMessages":[],"meta":{}},{"ancestorTitles":["doctorProfessionalEditSchema"],"fullName":"doctorProfessionalEditSchema requires lat and lng together","status":"passed","title":"requires lat and lng together","duration":2.2299999999995634,"failureMessages":[],"meta":{}},{"ancestorTitles":["doctorProfessionalEditSchema"],"fullName":"doctorProfessionalEditSchema allows empty optional coordinates","status":"passed","title":"allows empty optional coordinates","duration":1.4937999999992826,"failureMessages":[],"meta":{}},{"ancestorTitles":["doctorProfessionalEditSchema"],"fullName":"doctorProfessionalEditSchema rejects invalid latitude","status":"passed","title":"rejects invalid latitude","duration":1.7278999999998632,"failureMessages":[],"meta":{}}],"startTime":1785738559599,"endTime":1785738559643.7278,"status":"passed","message":"","name":"C:/Users/Abdalmoute/OneDrive/Desktop/lmj_health_web/frontend/src/components/doctor/profile-settings/doctor-profile-schemas.test.ts"},{"assertionResults":[{"ancestorTitles":["buildProfessionalChangeItems"],"fullName":"buildProfessionalChangeItems returns empty array when nothing changed","status":"passed","title":"returns empty array when nothing changed","duration":13.745400000000245,"failureMessages":[],"meta":{}},{"ancestorTitles":["buildProfessionalChangeItems"],"fullName":"buildProfessionalChangeItems includes only changed fields","status":"passed","title":"includes only changed fields","duration":1.89850000000024,"failureMessages":[],"meta":{}},{"ancestorTitles":["buildProfessionalChangeItems"],"fullName":"buildProfessionalChangeItems includes coordinate changes when both lat and lng provided","status":"passed","title":"includes coordinate changes when both lat and lng provided","duration":1.5828000000001339,"failureMessages":[],"meta":{}}],"startTime":1785738567514,"endTime":1785738567531.5828,"status":"passed","message":"","name":"C:/Users/Abdalmoute/OneDrive/Desktop/lmj_health_web/frontend/src/components/doctor/profile-settings/doctor-profile-utils.test.ts"},{"assertionResults":[{"ancestorTitles":["useDoctorAppointmentsApi mutations"],"fullName":"useDoctorAppointmentsApi mutations invalidates the appointments list after booking succeeds","status":"passed","title":"invalidates the appointments list after booking succeeds","duration":118.3743999999997,"failureMessages":[],"meta":{}},{"ancestorTitles":["useDoctorAppointmentsApi mutations"],"fullName":"useDoctorAppointmentsApi mutations invalidates list and detail queries after cancel succeeds","status":"passed","title":"invalidates list and detail queries after cancel succeeds","duration":78.89779999999973,"failureMessages":[],"meta":{}},{"ancestorTitles":["useDoctorAppointmentsApi mutations"],"fullName":"useDoctorAppointmentsApi mutations invalidates list and detail queries after reschedule succeeds","status":"passed","title":"invalidates list and detail queries after reschedule succeeds","duration":76.5653000000002,"failureMessages":[],"meta":{}},{"ancestorTitles":["useDoctorAppointmentsApi mutations"],"fullName":"useDoctorAppointmentsApi mutations invalidates list and detail queries after complete succeeds","status":"passed","title":"invalidates list and detail queries after complete succeeds","duration":79.90459999999985,"failureMessages":[],"meta":{}},{"ancestorTitles":["useDoctorAppointmentsApi mutations"],"fullName":"useDoctorAppointmentsApi mutations invalidates list and detail queries after no-show succeeds","status":"passed","title":"invalidates list and detail queries after no-show succeeds","duration":92.45049999999992,"failureMessages":[],"meta":{}}],"startTime":1785738550255,"endTime":1785738550700.4504,"status":"passed","message":"","name":"C:/Users/Abdalmoute/OneDrive/Desktop/lmj_health_web/frontend/src/hooks/doctor/appointments/useDoctorAppointmentsApi.test.tsx"},{"assertionResults":[{"ancestorTitles":["isAdminDoctorOffboarded"],"fullName":"isAdminDoctorOffboarded returns false for active doctors","status":"passed","title":"returns false for active doctors","duration":8.25590000000011,"failureMessages":[],"meta":{}},{"ancestorTitles":["isAdminDoctorOffboarded"],"fullName":"isAdminDoctorOffboarded detects accountDeletionStatus on populated userId","status":"passed","title":"detects accountDeletionStatus on populated userId","duration":2.0088000000005195,"failureMessages":[],"meta":{}},{"ancestorTitles":["isAdminDoctorOffboarded"],"fullName":"isAdminDoctorOffboarded detects nested accountDeletion.status","status":"passed","title":"detects nested accountDeletion.status","duration":1.6179000000001906,"failureMessages":[],"meta":{}},{"ancestorTitles":["markAdminDoctorOffboarded"],"fullName":"markAdminDoctorOffboarded marks populated userId as deleted for cache updates","status":"passed","title":"marks populated userId as deleted for cache updates","duration":1.7718000000004395,"failureMessages":[],"meta":{}},{"ancestorTitles":["rememberAdminDoctorOffboardedIds"],"fullName":"rememberAdminDoctorOffboardedIds remembers doctor id across refetches in the same session","status":"passed","title":"remembers doctor id across refetches in the same session","duration":2.263999999999214,"failureMessages":[],"meta":{}}],"startTime":1785738563855,"endTime":1785738563872.264,"status":"passed","message":"","name":"C:/Users/Abdalmoute/OneDrive/Desktop/lmj_health_web/frontend/src/lib/admin/doctors/isAdminDoctorOffboarded.test.ts"},{"assertionResults":[{"ancestorTitles":["doctor activity log mappers"],"fullName":"doctor activity log mappers maps login_success into UI card model","status":"passed","title":"maps login_success into UI card model","duration":99.52359999999999,"failureMessages":[],"meta":{}},{"ancestorTitles":["doctor activity log mappers"],"fullName":"doctor activity log mappers maps appointment events with patient context","status":"passed","title":"maps appointment events with patient context","duration":3.406699999999546,"failureMessages":[],"meta":{}},{"ancestorTitles":["doctor activity log mappers"],"fullName":"doctor activity log mappers resolves action types and labels safely","status":"passed","title":"resolves action types and labels safely","duration":1.707300000000032,"failureMessages":[],"meta":{}},{"ancestorTitles":["doctor activity log mappers"],"fullName":"doctor activity log mappers builds period ranges for API filters","status":"passed","title":"builds period ranges for API filters","duration":3.408499999999549,"failureMessages":[],"meta":{}}],"startTime":1785738557031,"endTime":1785738557139.4084,"status":"passed","message":"","name":"C:/Users/Abdalmoute/OneDrive/Desktop/lmj_health_web/frontend/src/lib/doctor/activityLog/mappers.test.ts"},{"assertionResults":[{"ancestorTitles":["billingOptionalTransactionDateToIso"],"fullName":"billingOptionalTransactionDateToIso returns undefined for empty input or today","status":"passed","title":"returns undefined for empty input or today","duration":14.455899999999929,"failureMessages":[],"meta":{}},{"ancestorTitles":["billingOptionalTransactionDateToIso"],"fullName":"billingOptionalTransactionDateToIso returns a past timestamp for earlier calendar days","status":"passed","title":"returns a past timestamp for earlier calendar days","duration":3.480000000000473,"failureMessages":[],"meta":{}},{"ancestorTitles":["isBillingDateInputAfterToday"],"fullName":"isBillingDateInputAfterToday returns false for empty, today, and past dates","status":"passed","title":"returns false for empty, today, and past dates","duration":4.184400000000096,"failureMessages":[],"meta":{}},{"ancestorTitles":["isBillingDateInputAfterToday"],"fullName":"isBillingDateInputAfterToday returns true for future dates","status":"passed","title":"returns true for future dates","duration":1.4777000000003682,"failureMessages":[],"meta":{}}],"startTime":1785738561400,"endTime":1785738561424.4778,"status":"passed","message":"","name":"C:/Users/Abdalmoute/OneDrive/Desktop/lmj_health_web/frontend/src/lib/doctor/billing/dateInput.test.ts"},{"assertionResults":[{"ancestorTitles":["getBillingPaymentErrorToast"],"fullName":"getBillingPaymentErrorToast maps invoiceNotPayable to a clear Arabic message","status":"passed","title":"maps invoiceNotPayable to a clear Arabic message","duration":9.088400000000547,"failureMessages":[],"meta":{}},{"ancestorTitles":["getBillingPaymentErrorToast"],"fullName":"getBillingPaymentErrorToast maps futureDateNotAllowed when message is the raw messageKey","status":"passed","title":"maps futureDateNotAllowed when message is the raw messageKey","duration":2.9700999999995474,"failureMessages":[],"meta":{}},{"ancestorTitles":["getBillingPaymentErrorToast"],"fullName":"getBillingPaymentErrorToast replaces generic unknown server errors","status":"passed","title":"replaces generic unknown server errors","duration":5.663700000000063,"failureMessages":[],"meta":{}},{"ancestorTitles":["getBillingRefundErrorToast"],"fullName":"getBillingRefundErrorToast maps futureDateNotAllowed from validation response","status":"passed","title":"maps futureDateNotAllowed from validation response","duration":1.7615999999998166,"failureMessages":[],"meta":{}}],"startTime":1785738564802,"endTime":1785738564827.7617,"status":"passed","message":"","name":"C:/Users/Abdalmoute/OneDrive/Desktop/lmj_health_web/frontend/src/lib/doctor/billing/errors.test.ts"},{"assertionResults":[{"ancestorTitles":["clinic location utils"],"fullName":"clinic location utils extracts coordinates from clinicLat/clinicLng","status":"passed","title":"extracts coordinates from clinicLat/clinicLng","duration":10.879500000000007,"failureMessages":[],"meta":{}},{"ancestorTitles":["clinic location utils"],"fullName":"clinic location utils extracts coordinates from clinicLocation point","status":"passed","title":"extracts coordinates from clinicLocation point","duration":1.9278000000003885,"failureMessages":[],"meta":{}},{"ancestorTitles":["clinic location utils"],"fullName":"clinic location utils resolves verification status from geoStatus and pending requests","status":"passed","title":"resolves verification status from geoStatus and pending requests","duration":2.101300000000265,"failureMessages":[],"meta":{}},{"ancestorTitles":["clinic location utils"],"fullName":"clinic location utils detects pending location change requests","status":"passed","title":"detects pending location change requests","duration":1.7743000000000393,"failureMessages":[],"meta":{}},{"ancestorTitles":["clinic location utils"],"fullName":"clinic location utils builds change items only for modified fields","status":"passed","title":"builds change items only for modified fields","duration":2.2626000000000204,"failureMessages":[],"meta":{}},{"ancestorTitles":["clinic location utils"],"fullName":"clinic location utils validates form values","status":"passed","title":"validates form values","duration":2.077299999999923,"failureMessages":[],"meta":{}}],"startTime":1785738564001,"endTime":1785738564022.0774,"status":"passed","message":"","name":"C:/Users/Abdalmoute/OneDrive/Desktop/lmj_health_web/frontend/src/lib/doctor/clinicLocation/utils.test.ts"},{"assertionResults":[{"ancestorTitles":["buildPatientWeeklyActivityChart"],"fullName":"buildPatientWeeklyActivityChart groups unique patients per day for the last 7 days","status":"passed","title":"groups unique patients per day for the last 7 days","duration":88.9688000000001,"failureMessages":[],"meta":{}},{"ancestorTitles":["buildPatientWeeklyActivityChart"],"fullName":"buildPatientWeeklyActivityChart scales bar height proportionally from backend counts","status":"passed","title":"scales bar height proportionally from backend counts","duration":6.966800000000148,"failureMessages":[],"meta":{}}],"startTime":1785738556212,"endTime":1785738556307.9668,"status":"passed","message":"","name":"C:/Users/Abdalmoute/OneDrive/Desktop/lmj_health_web/frontend/src/lib/doctor/dashboard/buildPatientWeeklyActivityChart.test.ts"},{"assertionResults":[{"ancestorTitles":["countPatientAppointments"],"fullName":"countPatientAppointments counts total and status breakdown","status":"passed","title":"counts total and status breakdown","duration":11.085000000000036,"failureMessages":[],"meta":{}}],"startTime":1785738567933,"endTime":1785738567944.085,"status":"passed","message":"","name":"C:/Users/Abdalmoute/OneDrive/Desktop/lmj_health_web/frontend/src/lib/doctor/dashboard/countPatientAppointments.test.ts"},{"assertionResults":[{"ancestorTitles":["buildDashboardPatientsListParams"],"fullName":"buildDashboardPatientsListParams maps active filter to account_status","status":"passed","title":"maps active filter to account_status","duration":9.958799999999883,"failureMessages":[],"meta":{}},{"ancestorTitles":["buildDashboardPatientsListParams"],"fullName":"buildDashboardPatientsListParams maps today filter to appointment date range","status":"passed","title":"maps today filter to appointment date range","duration":2.096400000000358,"failureMessages":[],"meta":{}}],"startTime":1785738569423,"endTime":1785738569436.0964,"status":"passed","message":"","name":"C:/Users/Abdalmoute/OneDrive/Desktop/lmj_health_web/frontend/src/lib/doctor/dashboard/dashboardPatientFilters.test.ts"},{"assertionResults":[{"ancestorTitles":["getDoctorFacilitySaveErrorToast"],"fullName":"getDoctorFacilitySaveErrorToast maps ownerFacilityExists to a specific toast","status":"passed","title":"maps ownerFacilityExists to a specific toast","duration":9.692400000000816,"failureMessages":[],"meta":{}},{"ancestorTitles":["getDoctorFacilitySaveErrorToast"],"fullName":"getDoctorFacilitySaveErrorToast replaces generic 500 unknown with facility server message","status":"passed","title":"replaces generic 500 unknown with facility server message","duration":5.578900000000431,"failureMessages":[],"meta":{}},{"ancestorTitles":["getDoctorFacilitySaveErrorToast"],"fullName":"getDoctorFacilitySaveErrorToast formats validation errors from API body","status":"passed","title":"formats validation errors from API body","duration":0.9513999999999214,"failureMessages":[],"meta":{}}],"startTime":1785738566809,"endTime":1785738566825.9514,"status":"passed","message":"","name":"C:/Users/Abdalmoute/OneDrive/Desktop/lmj_health_web/frontend/src/lib/doctor/facilities/errors.test.ts"},{"assertionResults":[{"ancestorTitles":["doctor facility mappers"],"fullName":"doctor facility mappers maps API facility into UI model without smuggling work hours into description","status":"passed","title":"maps API facility into UI model without smuggling work hours into description","duration":14.78650000000016,"failureMessages":[],"meta":{}},{"ancestorTitles":["doctor facility mappers"],"fullName":"doctor facility mappers builds Swagger mutation body with both facilityType and kind","status":"passed","title":"builds Swagger mutation body with both facilityType and kind","duration":3.327600000000075,"failureMessages":[],"meta":{}},{"ancestorTitles":["doctor facility mappers"],"fullName":"doctor facility mappers serializes Swagger POST body (keeps kind, always sends attributes array)","status":"passed","title":"serializes Swagger POST body (keeps kind, always sends attributes array)","duration":1.1568999999999505,"failureMessages":[],"meta":{}},{"ancestorTitles":["doctor facility mappers"],"fullName":"doctor facility mappers parses swagger data.id response shape","status":"passed","title":"parses swagger data.id response shape","duration":1.1563999999998487,"failureMessages":[],"meta":{}},{"ancestorTitles":["doctor facility mappers"],"fullName":"doctor facility mappers parses API facility envelope","status":"passed","title":"parses API facility envelope","duration":1.7974999999996726,"failureMessages":[],"meta":{}}],"startTime":1785738561404,"endTime":1785738561426.7976,"status":"passed","message":"","name":"C:/Users/Abdalmoute/OneDrive/Desktop/lmj_health_web/frontend/src/lib/doctor/facilities/mappers.test.ts"},{"assertionResults":[{"ancestorTitles":["medical services directory mappers"],"fullName":"medical services directory mappers maps suggest facility into directory card model","status":"passed","title":"maps suggest facility into directory card model","duration":13.296000000000276,"failureMessages":[],"meta":{}},{"ancestorTitles":["medical services directory mappers"],"fullName":"medical services directory mappers merges duplicate facilities by id","status":"passed","title":"merges duplicate facilities by id","duration":46.94159999999965,"failureMessages":[],"meta":{}},{"ancestorTitles":["medical services directory mappers"],"fullName":"medical services directory mappers resolves UI categories from facility types","status":"passed","title":"resolves UI categories from facility types","duration":2.4200000000000728,"failureMessages":[],"meta":{}}],"startTime":1785738558203,"endTime":1785738558266.42,"status":"passed","message":"","name":"C:/Users/Abdalmoute/OneDrive/Desktop/lmj_health_web/frontend/src/lib/doctor/medical-services-directory/mappers.test.ts"},{"assertionResults":[{"ancestorTitles":["doctorProfileApi.patchProfile payload"],"fullName":"doctorProfileApi.patchProfile payload appends consultationTypes as repeated fields (not JSON)","status":"passed","title":"appends consultationTypes as repeated fields (not JSON)","duration":11.811599999999999,"failureMessages":[],"meta":{}},{"ancestorTitles":["normalizeProfileDateOfBirth"],"fullName":"normalizeProfileDateOfBirth keeps YYYY-MM-DD as-is","status":"passed","title":"keeps YYYY-MM-DD as-is","duration":2.4362999999998465,"failureMessages":[],"meta":{}},{"ancestorTitles":["normalizeProfileDateOfBirth"],"fullName":"normalizeProfileDateOfBirth normalizes ISO datetime to calendar date","status":"passed","title":"normalizes ISO datetime to calendar date","duration":2.4045000000000982,"failureMessages":[],"meta":{}}],"startTime":1785738565630,"endTime":1785738565647.4045,"status":"passed","message":"","name":"C:/Users/Abdalmoute/OneDrive/Desktop/lmj_health_web/frontend/src/lib/doctor/profile/profileClient.test.ts"},{"assertionResults":[{"ancestorTitles":["parsePrescriptionTemplateDraft"],"fullName":"parsePrescriptionTemplateDraft reads medications alias and general instructions","status":"passed","title":"reads medications alias and general instructions","duration":9.346700000000055,"failureMessages":[],"meta":{}},{"ancestorTitles":["parseOrderItemTemplateDrafts"],"fullName":"parseOrderItemTemplateDrafts merges tests and procedures arrays","status":"passed","title":"merges tests and procedures arrays","duration":1.995600000000195,"failureMessages":[],"meta":{}},{"ancestorTitles":["parseReferralTemplateDraft"],"fullName":"parseReferralTemplateDraft maps referral fields and urgency aliases","status":"passed","title":"maps referral fields and urgency aliases","duration":1.5059999999998581,"failureMessages":[],"meta":{}},{"ancestorTitles":["consumeReferralTemplateDraft"],"fullName":"consumeReferralTemplateDraft fills empty referral fields only","status":"passed","title":"fills empty referral fields only","duration":1.4450999999999112,"failureMessages":[],"meta":{}},{"ancestorTitles":["consumeReferralTemplateDraft"],"fullName":"consumeReferralTemplateDraft keeps draft when referral already has specialty or reason","status":"passed","title":"keeps draft when referral already has specialty or reason","duration":0.6024999999999636,"failureMessages":[],"meta":{}}],"startTime":1785738560509,"endTime":1785738560524.6025,"status":"passed","message":"","name":"C:/Users/Abdalmoute/OneDrive/Desktop/lmj_health_web/frontend/src/lib/doctor/templates/applyTemplateDraft.test.ts"},{"assertionResults":[{"ancestorTitles":["ContentTemplateFormDialog"],"fullName":"ContentTemplateFormDialog shows validation errors when submitting without required data","status":"passed","title":"shows validation errors when submitting without required data","duration":576.9616000000005,"failureMessages":[],"meta":{}},{"ancestorTitles":["ContentTemplateFormDialog"],"fullName":"ContentTemplateFormDialog prevents submit when field label is missing","status":"passed","title":"prevents submit when field label is missing","duration":824.3806999999997,"failureMessages":[],"meta":{}},{"ancestorTitles":["ContentTemplateFormDialog"],"fullName":"ContentTemplateFormDialog submits a trimmed payload when the form is valid","status":"passed","title":"submits a trimmed payload when the form is valid","duration":1513.2330999999995,"failureMessages":[],"meta":{}}],"startTime":1785738551071,"endTime":1785738553986.2332,"status":"passed","message":"","name":"C:/Users/Abdalmoute/OneDrive/Desktop/lmj_health_web/frontend/src/components/admin/content-templates/dialogs/ContentTemplateFormDialog.test.tsx"}]}