{"numTotalTestSuites":3,"numPassedTestSuites":3,"numFailedTestSuites":0,"numPendingTestSuites":0,"numTotalTests":4,"numPassedTests":4,"numFailedTests":0,"numPendingTests":0,"numTodoTests":0,"snapshot":{"added":0,"failure":false,"filesAdded":0,"filesRemoved":0,"filesRemovedList":[],"filesUnmatched":0,"filesUpdated":0,"matched":0,"total":0,"unchecked":0,"uncheckedKeysByFile":[],"unmatched":0,"updated":0,"didUpdate":false},"startTime":1785739416479,"success":true,"testResults":[{"assertionResults":[{"ancestorTitles":["FaqAccordionItem"],"fullName":"FaqAccordionItem starts closed by default and toggles answer visibility when clicked","status":"passed","title":"starts closed by default and toggles answer visibility when clicked","duration":238.3140000000003,"failureMessages":[],"meta":{}},{"ancestorTitles":["FaqAccordionItem"],"fullName":"FaqAccordionItem renders expanded content immediately when defaultOpen is true","status":"passed","title":"renders expanded content immediately when defaultOpen is true","duration":20.218199999999797,"failureMessages":[],"meta":{}},{"ancestorTitles":["FaqAccordionList"],"fullName":"FaqAccordionList opens only the first item by default when defaultOpenFirst is enabled","status":"passed","title":"opens only the first item by default when defaultOpenFirst is enabled","duration":24.11869999999999,"failureMessages":[],"meta":{}},{"ancestorTitles":["FaqAccordionList"],"fullName":"FaqAccordionList keeps all items collapsed when defaultOpenFirst is disabled","status":"passed","title":"keeps all items collapsed when defaultOpenFirst is disabled","duration":20.55769999999984,"failureMessages":[],"meta":{}}],"startTime":1785739419960,"endTime":1785739420263.5576,"status":"passed","message":"","name":"C:/Users/Abdalmoute/OneDrive/Desktop/lmj_health_web/frontend/src/components/platform/faq-accordion.test.tsx"}]}