{"numTotalTestSuites":9,"numPassedTestSuites":5,"numFailedTestSuites":4,"numPendingTestSuites":0,"numTotalTests":13,"numPassedTests":7,"numFailedTests":6,"numPendingTests":0,"numTodoTests":0,"snapshot":{"added":0,"failure":false,"filesAdded":0,"filesRemoved":0,"filesRemovedList":[],"filesUnmatched":0,"filesUpdated":0,"matched":0,"total":0,"unchecked":0,"uncheckedKeysByFile":[],"unmatched":0,"updated":0,"didUpdate":false},"startTime":1785739214416,"success":false,"testResults":[{"assertionResults":[{"ancestorTitles":["Data-entry routing integration"],"fullName":"Data-entry routing integration renders the data-entry dashboard route for an authenticated data-entry user","status":"passed","title":"renders the data-entry dashboard route for an authenticated data-entry user","duration":214.59740000000056,"failureMessages":[],"meta":{}}],"startTime":1785739220187,"endTime":1785739220401.5974,"status":"passed","message":"","name":"C:/Users/Abdalmoute/OneDrive/Desktop/lmj_health_web/frontend/src/routes/data-entry-routing.integration.test.tsx"},{"assertionResults":[{"ancestorTitles":["Logout integration"],"fullName":"Logout integration logs out the current session, clears persisted auth data, and redirects to login","status":"failed","title":"logs out the current session, clears persisted auth data, and redirects to login","duration":242.05470000000014,"failureMessages":["TestingLibraryElementError: Unable to find an accessible element with the role \"button\" and name \"تسجيل الخروج\"\n\nHere are the accessible roles:\n\n  dialog:\n\n  Name \"Confirm logout\":\n  \u001b[36m<div\u001b[39m\n    \u001b[33maria-describedby\u001b[39m=\u001b[32m\"radix-:r2:\"\u001b[39m\n    \u001b[33maria-labelledby\u001b[39m=\u001b[32m\"radix-:r1:\"\u001b[39m\n    \u001b[33mclass\u001b[39m=\u001b[32m\"fixed left-1/2 top-1/2 z-[10000] w-[480px] max-w-[calc(100vw-32px)] -translate-x-1/2 -translate-y-1/2 rounded-[18px] bg-white shadow-[0_24px_60px_rgba(0,0,0,0.25)] outline-none\"\u001b[39m\n    \u001b[33mdata-state\u001b[39m=\u001b[32m\"open\"\u001b[39m\n    \u001b[33mdir\u001b[39m=\u001b[32m\"ltr\"\u001b[39m\n    \u001b[33mid\u001b[39m=\u001b[32m\"radix-:r0:\"\u001b[39m\n    \u001b[33mlang\u001b[39m=\u001b[32m\"en\"\u001b[39m\n    \u001b[33mrole\u001b[39m=\u001b[32m\"dialog\"\u001b[39m\n    \u001b[33mstyle\u001b[39m=\u001b[32m\"pointer-events: auto; opacity: 1; visibility: visible;\"\u001b[39m\n    \u001b[33mtabindex\u001b[39m=\u001b[32m\"-1\"\u001b[39m\n  \u001b[36m/>\u001b[39m\n\n  --------------------------------------------------\n  button:\n\n  Name \"Close\":\n  \u001b[36m<button\u001b[39m\n    \u001b[33maria-label\u001b[39m=\u001b[32m\"Close\"\u001b[39m\n    \u001b[33mclass\u001b[39m=\u001b[32m\"absolute left-5 top-4 flex h-9 w-9 items-center justify-center rounded-full text-[#667085] hover:bg-[#F2F4F7]\"\u001b[39m\n    \u001b[33mtype\u001b[39m=\u001b[32m\"button\"\u001b[39m\n  \u001b[36m/>\u001b[39m\n\n  Name \"Cancel\":\n  \u001b[36m<button\u001b[39m\n    \u001b[33mclass\u001b[39m=\u001b[32m\"h-[40px] rounded-[10px] border border-[#F04438] bg-white px-8 font-cairo text-[14px] font-extrabold text-[#F04438]\"\u001b[39m\n    \u001b[33mtype\u001b[39m=\u001b[32m\"button\"\u001b[39m\n  \u001b[36m/>\u001b[39m\n\n  Name \"Log out\":\n  \u001b[36m<button\u001b[39m\n    \u001b[33mclass\u001b[39m=\u001b[32m\"h-[40px] rounded-[10px] bg-gradient-to-b from-[#0F8F8B] to-[#14B3AE] px-8 font-cairo text-[14px] font-extrabold text-white disabled:opacity-60\"\u001b[39m\n    \u001b[33mtype\u001b[39m=\u001b[32m\"button\"\u001b[39m\n  \u001b[36m/>\u001b[39m\n\n  --------------------------------------------------\n  heading:\n\n  Name \"Confirm logout\":\n  \u001b[36m<h2\u001b[39m\n    \u001b[33mclass\u001b[39m=\u001b[32m\"text-start font-cairo text-[20px] font-extrabold text-[#101828]\"\u001b[39m\n    \u001b[33mid\u001b[39m=\u001b[32m\"radix-:r1:\"\u001b[39m\n  \u001b[36m/>\u001b[39m\n\n  --------------------------------------------------\n  paragraph:\n\n  Name \"\":\n  \u001b[36m<p\u001b[39m\n    \u001b[33mclass\u001b[39m=\u001b[32m\"mt-2 text-right font-cairo text-[13px] font-semibold leading-[22px] text-[#667085]\"\u001b[39m\n    \u001b[33mid\u001b[39m=\u001b[32m\"radix-:r2:\"\u001b[39m\n  \u001b[36m/>\u001b[39m\n\n  --------------------------------------------------\n  radio:\n\n  Name \"This device only\":\n  \u001b[36m<input\u001b[39m\n    \u001b[33mchecked\u001b[39m=\u001b[32m\"\"\u001b[39m\n    \u001b[33mname\u001b[39m=\u001b[32m\"logout-scope\"\u001b[39m\n    \u001b[33mtype\u001b[39m=\u001b[32m\"radio\"\u001b[39m\n  \u001b[36m/>\u001b[39m\n\n  Name \"All devices\":\n  \u001b[36m<input\u001b[39m\n    \u001b[33mname\u001b[39m=\u001b[32m\"logout-scope\"\u001b[39m\n    \u001b[33mtype\u001b[39m=\u001b[32m\"radio\"\u001b[39m\n  \u001b[36m/>\u001b[39m\n\n  --------------------------------------------------\n\nIgnored nodes: comments, script, style\n\u001b[36m<body\u001b[39m\n  \u001b[33mdata-scroll-locked\u001b[39m=\u001b[32m\"1\"\u001b[39m\n  \u001b[33mstyle\u001b[39m=\u001b[32m\"overflow: hidden; pointer-events: none;\"\u001b[39m\n\u001b[36m>\u001b[39m\n  \u001b[36m<span\u001b[39m\n    \u001b[33maria-hidden\u001b[39m=\u001b[32m\"true\"\u001b[39m\n    \u001b[33mdata-aria-hidden\u001b[39m=\u001b[32m\"true\"\u001b[39m\n    \u001b[33mdata-radix-focus-guard\u001b[39m=\u001b[32m\"\"\u001b[39m\n    \u001b[33mstyle\u001b[39m=\u001b[32m\"outline: none; opacity: 0; position: fixed; pointer-events: none;\"\u001b[39m\n    \u001b[33mtabindex\u001b[39m=\u001b[32m\"0\"\u001b[39m\n  \u001b[36m/>\u001b[39m\n  \u001b[36m<div>\u001b[39m\n    \u001b[36m<div\u001b[39m\n      \u001b[33maria-live\u001b[39m=\u001b[32m\"polite\"\u001b[39m\n      \u001b[33maria-relevant\u001b[39m=\u001b[32m\"additions\"\u001b[39m\n      \u001b[33mclass\u001b[39m=\u001b[32m\"pointer-events-none fixed start-4 top-4 z-[10090] flex w-[min(100vw-2rem,22rem)] flex-col gap-3\"\u001b[39m\n      \u001b[33mdir\u001b[39m=\u001b[32m\"rtl\"\u001b[39m\n      \u001b[33mlang\u001b[39m=\u001b[32m\"ar\"\u001b[39m\n    \u001b[36m/>\u001b[39m\n  \u001b[36m</div>\u001b[39m\n  \u001b[36m<div\u001b[39m\n    \u001b[33maria-hidden\u001b[39m=\u001b[32m\"true\"\u001b[39m\n    \u001b[33mclass\u001b[39m=\u001b[32m\"fixed inset-0 z-[9999] bg-black/45 backdrop-blur-[2px]\"\u001b[39m\n    \u001b[33mdata-aria-hidden\u001b[39m=\u001b[32m\"true\"\u001b[39m\n    \u001b[33mdata-state\u001b[39m=\u001b[32m\"open\"\u001b[39m\n    \u001b[33mstyle\u001b[39m=\u001b[32m\"pointer-events: auto; opacity: 1; visibility: visible;\"\u001b[39m\n  \u001b[36m/>\u001b[39m\n  \u001b[36m<div\u001b[39m\n    \u001b[33maria-describedby\u001b[39m=\u001b[32m\"radix-:r2:\"\u001b[39m\n    \u001b[33maria-labelledby\u001b[39m=\u001b[32m\"radix-:r1:\"\u001b[39m\n    \u001b[33mclass\u001b[39m=\u001b[32m\"fixed left-1/2 top-1/2 z-[10000] w-[480px] max-w-[calc(100vw-32px)] -translate-x-1/2 -translate-y-1/2 rounded-[18px] bg-white shadow-[0_24px_60px_rgba(0,0,0,0.25)] outline-none\"\u001b[39m\n    \u001b[33mdata-state\u001b[39m=\u001b[32m\"open\"\u001b[39m\n    \u001b[33mdir\u001b[39m=\u001b[32m\"ltr\"\u001b[39m\n    \u001b[33mid\u001b[39m=\u001b[32m\"radix-:r0:\"\u001b[39m\n    \u001b[33mlang\u001b[39m=\u001b[32m\"en\"\u001b[39m\n    \u001b[33mrole\u001b[39m=\u001b[32m\"dialog\"\u001b[39m\n    \u001b[33mstyle\u001b[39m=\u001b[32m\"pointer-events: auto; opacity: 1; visibility: visible;\"\u001b[39m\n    \u001b[33mtabindex\u001b[39m=\u001b[32m\"-1\"\u001b[39m\n  \u001b[36m>\u001b[39m\n    \u001b[36m<div\u001b[39m\n      \u001b[33mclass\u001b[39m=\u001b[32m\"relative px-7 pt-5 pb-6\"\u001b[39m\n    \u001b[36m>\u001b[39m\n      \u001b[36m<button\u001b[39m\n        \u001b[33maria-label\u001b[39m=\u001b[32m\"Close\"\u001b[39m\n        \u001b[33mclass\u001b[39m=\u001b[32m\"absolute left-5 top-4 flex h-9 w-9 items-center justify-center rounded-full text-[#667085] hover:bg-[#F2F4F7]\"\u001b[39m\n        \u001b[33mtype\u001b[39m=\u001b[32m\"button\"\u001b[39m\n      \u001b[36m>\u001b[39m\n        \u001b[36m<svg\u001b[39m\n          \u001b[33maria-hidden\u001b[39m=\u001b[32m\"true\"\u001b[39m\n          \u001b[33mclass\u001b[39m=\u001b[32m\"lucide lucide-x w-5 h-5\"\u001b[39m\n          \u001b[33mfill\u001b[39m=\u001b[32m\"none\"\u001b[39m\n          \u001b[33mheight\u001b[39m=\u001b[32m\"24\"\u001b[39m\n          \u001b[33mstroke\u001b[39m=\u001b[32m\"currentColor\"\u001b[39m\n          \u001b[33mstroke-linecap\u001b[39m=\u001b[32m\"round\"\u001b[39m\n          \u001b[33mstroke-linejoin\u001b[39m=\u001b[32m\"round\"\u001b[39m\n          \u001b[33mstroke-width\u001b[39m=\u001b[32m\"2\"\u001b[39m\n          \u001b[33mviewBox\u001b[39m=\u001b[32m\"0 0 24 24\"\u001b[39m\n          \u001b[33mwidth\u001b[39m=\u001b[32m\"24\"\u001b[39m\n          \u001b[33mxmlns\u001b[39m=\u001b[32m\"http://www.w3.org/2000/svg\"\u001b[39m\n        \u001b[36m>\u001b[39m\n          \u001b[36m<path\u001b[39m\n            \u001b[33md\u001b[39m=\u001b[32m\"M18 6 6 18\"\u001b[39m\n          \u001b[36m/>\u001b[39m\n          \u001b[36m<path\u001b[39m\n            \u001b[33md\u001b[39m=\u001b[32m\"m6 6 12 12\"\u001b[39m\n          \u001b[36m/>\u001b[39m\n        \u001b[36m</svg>\u001b[39m\n      \u001b[36m</button>\u001b[39m\n      \u001b[36m<h2\u001b[39m\n        \u001b[33mclass\u001b[39m=\u001b[32m\"text-start font-cairo text-[20px] font-extrabold text-[#101828]\"\u001b[39m\n        \u001b[33mid\u001b[39m=\u001b[32m\"radix-:r1:\"\u001b[39m\n      \u001b[36m>\u001b[39m\n        \u001b[0mConfirm logout\u001b[0m\n      \u001b[36m</h2>\u001b[39m\n      \u001b[36m<p\u001b[39m\n        \u001b[33mclass\u001b[39m=\u001b[32m\"mt-2 text-right font-cairo text-[13px] font-semibold leading-[22px] text-[#667085]\"\u001b[39m\n        \u001b[33mid\u001b[39m=\u001b[32m\"radix-:r2:\"\u001b[39m\n      \u001b[36m>\u001b[39m\n        \u001b[0mChoose logout scope. Default signs out only this session.\u001b[0m\n      \u001b[36m</p>\u001b[39m\n      \u001b[36m<div\u001b[39m\n        \u001b[33mclass\u001b[39m=\u001b[32m\"mt-5 space-y-3\"\u001b[39m\n      \u001b[36m>\u001b[39m\n        \u001b[36m<label\u001b[39m\n          \u001b[33mclass\u001b[39m=\u001b[32m\"flex cursor-pointer items-center justify-between rounded-[12px] border border-[#E4E7EC] px-4 py-3\"\u001b[39m\n        \u001b[36m>\u001b[39m\n          \u001b[36m<span\u001b[39m\n            \u001b[33mclass\u001b[39m=\u001b[32m\"text-right font-cairo text-[13px] font-bold text-[#101828]\"\u001b[39m\n          \u001b[36m>\u001b[39m\n            \u001b[0mThis device only\u001b[0m\n          \u001b[36m</span>\u001b[39m\n          \u001b[36m<input\u001b[39m\n            \u001b[33mchecked\u001b[39m=\u001b[32m\"\"\u001b[39m\n            \u001b[33mname\u001b[39m=\u001b[32m\"logout-scope\"\u001b[39m\n            \u001b[33mtype\u001b[39m=\u001b[32m\"radio\"\u001b[39m\n          \u001b[36m/>\u001b[39m\n        \u001b[36m</label>\u001b[39m\n        \u001b[36m<label\u001b[39m\n          \u001b[33mclass\u001b[39m=\u001b[32m\"flex cursor-pointer items-center justify-between rounded-[12px] border border-[#E4E7EC] px-4 py-3\"\u001b[39m\n        \u001b[36m>\u001b[39m\n          \u001b[36m<span\u001b[39m\n            \u001b[33mclass\u001b[39m=\u001b[32m\"text-right font-cairo text-[13px] font-bold text-[#101828]\"\u001b[39m\n          \u001b[36m>\u001b[39m\n            \u001b[0mAll devices\u001b[0m\n          \u001b[36m</span>\u001b[39m\n          \u001b[36m<input\u001b[39m\n            \u001b[33mname\u001b[39m=\u001b[32m\"logout-scope\"\u001b[39m\n            \u001b[33mtype\u001b[39m=\u001b[32m\"radio\"\u001b[39m\n          \u001b[36m/>\u001b[39m\n        \u001b[36m</label>\u001b[39m\n      \u001b[36m</div>\u001b[39m\n      \u001b[36m<div\u001b[39m\n        \u001b[33mclass\u001b[39m=\u001b[32m\"flex gap-3 justify-end items-center mt-6\"\u001b[39m\n      \u001b[36m>\u001b[39m\n        \u001b[36m<button\u001b[39m\n          \u001b[33mclass\u001b[39m=\u001b[32m\"h-[40px] rounded-[10px] border border-[#F04438] bg-white px-8 font-cairo text-[14px] font-extrabold text-[#F04438]\"\u001b[39m\n          \u001b[33mtype\u001b[39m=\u001b[32m\"button\"\u001b[39m\n        \u001b[36m>\u001b[39m\n          \u001b[0mCancel\u001b[0m\n        \u001b[36m</button>\u001b[39m\n        \u001b[36m<button\u001b[39m\n          \u001b[33mclass\u001b[39m=\u001b[32m\"h-[40px] rounded-[10px] bg-gradient-to-b from-[#0F8F8B] to-[#14B3AE] px-8 font-cairo text-[14px] font-extrabold text-white disabled:opacity-60\"\u001b[39m\n          \u001b[33mtype\u001b[39m=\u001b[32m\"button\"\u001b[39m\n        \u001b[36m>\u001b[39m\n          \u001b[0mLog out\u001b[0m\n        \u001b[36m</button>\u001b[39m\n      \u001b[36m</div>\u001b[39m\n    \u001b[36m</div>\u001b[39m\n  \u001b[36m</div>\u001b[39m\n  \u001b[36m<span\u001b[39m\n    \u001b[33maria-hidden\u001b[39m=\u001b[32m\"true\"\u001b[39m\n    \u001b[33mdata-aria-hidden\u001b[39m=\u001b[32m\"true\"\u001b[39m\n    \u001b[33mdata-radix-focus-guard\u001b[39m=\u001b[32m\"\"\u001b[39m\n    \u001b[33mstyle\u001b[39m=\u001b[32m\"outline: none; opacity: 0; position: fixed; pointer-events: none;\"\u001b[39m\n    \u001b[33mtabindex\u001b[39m=\u001b[32m\"0\"\u001b[39m\n  \u001b[36m/>\u001b[39m\n\u001b[36m</body>\u001b[39m\n    at Object.getElementError (C:\\Users\\Abdalmoute\\OneDrive\\Desktop\\lmj_health_web\\frontend\\node_modules\\@testing-library\\dom\\dist\\config.js:37:19)\n    at C:\\Users\\Abdalmoute\\OneDrive\\Desktop\\lmj_health_web\\frontend\\node_modules\\@testing-library\\dom\\dist\\query-helpers.js:76:38\n    at C:\\Users\\Abdalmoute\\OneDrive\\Desktop\\lmj_health_web\\frontend\\node_modules\\@testing-library\\dom\\dist\\query-helpers.js:52:17\n    at C:\\Users\\Abdalmoute\\OneDrive\\Desktop\\lmj_health_web\\frontend\\node_modules\\@testing-library\\dom\\dist\\query-helpers.js:95:19\n    at C:\\Users\\Abdalmoute\\OneDrive\\Desktop\\lmj_health_web\\frontend\\src\\components\\auth\\logout-confirm-dialog.integration.test.tsx:87:29\n    at file:///C:/Users/Abdalmoute/OneDrive/Desktop/lmj_health_web/frontend/node_modules/@vitest/runner/dist/chunk-hooks.js:155:11\n    at file:///C:/Users/Abdalmoute/OneDrive/Desktop/lmj_health_web/frontend/node_modules/@vitest/runner/dist/chunk-hooks.js:752:26\n    at file:///C:/Users/Abdalmoute/OneDrive/Desktop/lmj_health_web/frontend/node_modules/@vitest/runner/dist/chunk-hooks.js:1897:20\n    at new Promise (<anonymous>)\n    at runWithTimeout (file:///C:/Users/Abdalmoute/OneDrive/Desktop/lmj_health_web/frontend/node_modules/@vitest/runner/dist/chunk-hooks.js:1863:10)"],"meta":{}},{"ancestorTitles":["Logout integration"],"fullName":"Logout integration keeps the dialog open and preserves the session when logout fails","status":"failed","title":"keeps the dialog open and preserves the session when logout fails","duration":57.76369999999997,"failureMessages":["TestingLibraryElementError: Unable to find an accessible element with the role \"button\" and name \"تسجيل الخروج\"\n\nHere are the accessible roles:\n\n  dialog:\n\n  Name \"Confirm logout\":\n  \u001b[36m<div\u001b[39m\n    \u001b[33maria-describedby\u001b[39m=\u001b[32m\"radix-:r5:\"\u001b[39m\n    \u001b[33maria-labelledby\u001b[39m=\u001b[32m\"radix-:r4:\"\u001b[39m\n    \u001b[33mclass\u001b[39m=\u001b[32m\"fixed left-1/2 top-1/2 z-[10000] w-[480px] max-w-[calc(100vw-32px)] -translate-x-1/2 -translate-y-1/2 rounded-[18px] bg-white shadow-[0_24px_60px_rgba(0,0,0,0.25)] outline-none\"\u001b[39m\n    \u001b[33mdata-state\u001b[39m=\u001b[32m\"open\"\u001b[39m\n    \u001b[33mdir\u001b[39m=\u001b[32m\"ltr\"\u001b[39m\n    \u001b[33mid\u001b[39m=\u001b[32m\"radix-:r3:\"\u001b[39m\n    \u001b[33mlang\u001b[39m=\u001b[32m\"en\"\u001b[39m\n    \u001b[33mrole\u001b[39m=\u001b[32m\"dialog\"\u001b[39m\n    \u001b[33mstyle\u001b[39m=\u001b[32m\"pointer-events: auto; opacity: 1; visibility: visible;\"\u001b[39m\n    \u001b[33mtabindex\u001b[39m=\u001b[32m\"-1\"\u001b[39m\n  \u001b[36m/>\u001b[39m\n\n  --------------------------------------------------\n  button:\n\n  Name \"Close\":\n  \u001b[36m<button\u001b[39m\n    \u001b[33maria-label\u001b[39m=\u001b[32m\"Close\"\u001b[39m\n    \u001b[33mclass\u001b[39m=\u001b[32m\"absolute left-5 top-4 flex h-9 w-9 items-center justify-center rounded-full text-[#667085] hover:bg-[#F2F4F7]\"\u001b[39m\n    \u001b[33mtype\u001b[39m=\u001b[32m\"button\"\u001b[39m\n  \u001b[36m/>\u001b[39m\n\n  Name \"Cancel\":\n  \u001b[36m<button\u001b[39m\n    \u001b[33mclass\u001b[39m=\u001b[32m\"h-[40px] rounded-[10px] border border-[#F04438] bg-white px-8 font-cairo text-[14px] font-extrabold text-[#F04438]\"\u001b[39m\n    \u001b[33mtype\u001b[39m=\u001b[32m\"button\"\u001b[39m\n  \u001b[36m/>\u001b[39m\n\n  Name \"Log out\":\n  \u001b[36m<button\u001b[39m\n    \u001b[33mclass\u001b[39m=\u001b[32m\"h-[40px] rounded-[10px] bg-gradient-to-b from-[#0F8F8B] to-[#14B3AE] px-8 font-cairo text-[14px] font-extrabold text-white disabled:opacity-60\"\u001b[39m\n    \u001b[33mtype\u001b[39m=\u001b[32m\"button\"\u001b[39m\n  \u001b[36m/>\u001b[39m\n\n  --------------------------------------------------\n  heading:\n\n  Name \"Confirm logout\":\n  \u001b[36m<h2\u001b[39m\n    \u001b[33mclass\u001b[39m=\u001b[32m\"text-start font-cairo text-[20px] font-extrabold text-[#101828]\"\u001b[39m\n    \u001b[33mid\u001b[39m=\u001b[32m\"radix-:r4:\"\u001b[39m\n  \u001b[36m/>\u001b[39m\n\n  --------------------------------------------------\n  paragraph:\n\n  Name \"\":\n  \u001b[36m<p\u001b[39m\n    \u001b[33mclass\u001b[39m=\u001b[32m\"mt-2 text-right font-cairo text-[13px] font-semibold leading-[22px] text-[#667085]\"\u001b[39m\n    \u001b[33mid\u001b[39m=\u001b[32m\"radix-:r5:\"\u001b[39m\n  \u001b[36m/>\u001b[39m\n\n  --------------------------------------------------\n  radio:\n\n  Name \"This device only\":\n  \u001b[36m<input\u001b[39m\n    \u001b[33mchecked\u001b[39m=\u001b[32m\"\"\u001b[39m\n    \u001b[33mname\u001b[39m=\u001b[32m\"logout-scope\"\u001b[39m\n    \u001b[33mtype\u001b[39m=\u001b[32m\"radio\"\u001b[39m\n  \u001b[36m/>\u001b[39m\n\n  Name \"All devices\":\n  \u001b[36m<input\u001b[39m\n    \u001b[33mname\u001b[39m=\u001b[32m\"logout-scope\"\u001b[39m\n    \u001b[33mtype\u001b[39m=\u001b[32m\"radio\"\u001b[39m\n  \u001b[36m/>\u001b[39m\n\n  --------------------------------------------------\n\nIgnored nodes: comments, script, style\n\u001b[36m<body\u001b[39m\n  \u001b[33mdata-scroll-locked\u001b[39m=\u001b[32m\"1\"\u001b[39m\n  \u001b[33mstyle\u001b[39m=\u001b[32m\"overflow: hidden; pointer-events: none;\"\u001b[39m\n\u001b[36m>\u001b[39m\n  \u001b[36m<span\u001b[39m\n    \u001b[33maria-hidden\u001b[39m=\u001b[32m\"true\"\u001b[39m\n    \u001b[33mdata-aria-hidden\u001b[39m=\u001b[32m\"true\"\u001b[39m\n    \u001b[33mdata-radix-focus-guard\u001b[39m=\u001b[32m\"\"\u001b[39m\n    \u001b[33mstyle\u001b[39m=\u001b[32m\"outline: none; opacity: 0; position: fixed; pointer-events: none;\"\u001b[39m\n    \u001b[33mtabindex\u001b[39m=\u001b[32m\"0\"\u001b[39m\n  \u001b[36m/>\u001b[39m\n  \u001b[36m<div>\u001b[39m\n    \u001b[36m<div\u001b[39m\n      \u001b[33maria-live\u001b[39m=\u001b[32m\"polite\"\u001b[39m\n      \u001b[33maria-relevant\u001b[39m=\u001b[32m\"additions\"\u001b[39m\n      \u001b[33mclass\u001b[39m=\u001b[32m\"pointer-events-none fixed start-4 top-4 z-[10090] flex w-[min(100vw-2rem,22rem)] flex-col gap-3\"\u001b[39m\n      \u001b[33mdir\u001b[39m=\u001b[32m\"rtl\"\u001b[39m\n      \u001b[33mlang\u001b[39m=\u001b[32m\"ar\"\u001b[39m\n    \u001b[36m/>\u001b[39m\n  \u001b[36m</div>\u001b[39m\n  \u001b[36m<div\u001b[39m\n    \u001b[33maria-hidden\u001b[39m=\u001b[32m\"true\"\u001b[39m\n    \u001b[33mclass\u001b[39m=\u001b[32m\"fixed inset-0 z-[9999] bg-black/45 backdrop-blur-[2px]\"\u001b[39m\n    \u001b[33mdata-aria-hidden\u001b[39m=\u001b[32m\"true\"\u001b[39m\n    \u001b[33mdata-state\u001b[39m=\u001b[32m\"open\"\u001b[39m\n    \u001b[33mstyle\u001b[39m=\u001b[32m\"pointer-events: auto; opacity: 1; visibility: visible;\"\u001b[39m\n  \u001b[36m/>\u001b[39m\n  \u001b[36m<div\u001b[39m\n    \u001b[33maria-describedby\u001b[39m=\u001b[32m\"radix-:r5:\"\u001b[39m\n    \u001b[33maria-labelledby\u001b[39m=\u001b[32m\"radix-:r4:\"\u001b[39m\n    \u001b[33mclass\u001b[39m=\u001b[32m\"fixed left-1/2 top-1/2 z-[10000] w-[480px] max-w-[calc(100vw-32px)] -translate-x-1/2 -translate-y-1/2 rounded-[18px] bg-white shadow-[0_24px_60px_rgba(0,0,0,0.25)] outline-none\"\u001b[39m\n    \u001b[33mdata-state\u001b[39m=\u001b[32m\"open\"\u001b[39m\n    \u001b[33mdir\u001b[39m=\u001b[32m\"ltr\"\u001b[39m\n    \u001b[33mid\u001b[39m=\u001b[32m\"radix-:r3:\"\u001b[39m\n    \u001b[33mlang\u001b[39m=\u001b[32m\"en\"\u001b[39m\n    \u001b[33mrole\u001b[39m=\u001b[32m\"dialog\"\u001b[39m\n    \u001b[33mstyle\u001b[39m=\u001b[32m\"pointer-events: auto; opacity: 1; visibility: visible;\"\u001b[39m\n    \u001b[33mtabindex\u001b[39m=\u001b[32m\"-1\"\u001b[39m\n  \u001b[36m>\u001b[39m\n    \u001b[36m<div\u001b[39m\n      \u001b[33mclass\u001b[39m=\u001b[32m\"relative px-7 pt-5 pb-6\"\u001b[39m\n    \u001b[36m>\u001b[39m\n      \u001b[36m<button\u001b[39m\n        \u001b[33maria-label\u001b[39m=\u001b[32m\"Close\"\u001b[39m\n        \u001b[33mclass\u001b[39m=\u001b[32m\"absolute left-5 top-4 flex h-9 w-9 items-center justify-center rounded-full text-[#667085] hover:bg-[#F2F4F7]\"\u001b[39m\n        \u001b[33mtype\u001b[39m=\u001b[32m\"button\"\u001b[39m\n      \u001b[36m>\u001b[39m\n        \u001b[36m<svg\u001b[39m\n          \u001b[33maria-hidden\u001b[39m=\u001b[32m\"true\"\u001b[39m\n          \u001b[33mclass\u001b[39m=\u001b[32m\"lucide lucide-x w-5 h-5\"\u001b[39m\n          \u001b[33mfill\u001b[39m=\u001b[32m\"none\"\u001b[39m\n          \u001b[33mheight\u001b[39m=\u001b[32m\"24\"\u001b[39m\n          \u001b[33mstroke\u001b[39m=\u001b[32m\"currentColor\"\u001b[39m\n          \u001b[33mstroke-linecap\u001b[39m=\u001b[32m\"round\"\u001b[39m\n          \u001b[33mstroke-linejoin\u001b[39m=\u001b[32m\"round\"\u001b[39m\n          \u001b[33mstroke-width\u001b[39m=\u001b[32m\"2\"\u001b[39m\n          \u001b[33mviewBox\u001b[39m=\u001b[32m\"0 0 24 24\"\u001b[39m\n          \u001b[33mwidth\u001b[39m=\u001b[32m\"24\"\u001b[39m\n          \u001b[33mxmlns\u001b[39m=\u001b[32m\"http://www.w3.org/2000/svg\"\u001b[39m\n        \u001b[36m>\u001b[39m\n          \u001b[36m<path\u001b[39m\n            \u001b[33md\u001b[39m=\u001b[32m\"M18 6 6 18\"\u001b[39m\n          \u001b[36m/>\u001b[39m\n          \u001b[36m<path\u001b[39m\n            \u001b[33md\u001b[39m=\u001b[32m\"m6 6 12 12\"\u001b[39m\n          \u001b[36m/>\u001b[39m\n        \u001b[36m</svg>\u001b[39m\n      \u001b[36m</button>\u001b[39m\n      \u001b[36m<h2\u001b[39m\n        \u001b[33mclass\u001b[39m=\u001b[32m\"text-start font-cairo text-[20px] font-extrabold text-[#101828]\"\u001b[39m\n        \u001b[33mid\u001b[39m=\u001b[32m\"radix-:r4:\"\u001b[39m\n      \u001b[36m>\u001b[39m\n        \u001b[0mConfirm logout\u001b[0m\n      \u001b[36m</h2>\u001b[39m\n      \u001b[36m<p\u001b[39m\n        \u001b[33mclass\u001b[39m=\u001b[32m\"mt-2 text-right font-cairo text-[13px] font-semibold leading-[22px] text-[#667085]\"\u001b[39m\n        \u001b[33mid\u001b[39m=\u001b[32m\"radix-:r5:\"\u001b[39m\n      \u001b[36m>\u001b[39m\n        \u001b[0mChoose logout scope. Default signs out only this session.\u001b[0m\n      \u001b[36m</p>\u001b[39m\n      \u001b[36m<div\u001b[39m\n        \u001b[33mclass\u001b[39m=\u001b[32m\"mt-5 space-y-3\"\u001b[39m\n      \u001b[36m>\u001b[39m\n        \u001b[36m<label\u001b[39m\n          \u001b[33mclass\u001b[39m=\u001b[32m\"flex cursor-pointer items-center justify-between rounded-[12px] border border-[#E4E7EC] px-4 py-3\"\u001b[39m\n        \u001b[36m>\u001b[39m\n          \u001b[36m<span\u001b[39m\n            \u001b[33mclass\u001b[39m=\u001b[32m\"text-right font-cairo text-[13px] font-bold text-[#101828]\"\u001b[39m\n          \u001b[36m>\u001b[39m\n            \u001b[0mThis device only\u001b[0m\n          \u001b[36m</span>\u001b[39m\n          \u001b[36m<input\u001b[39m\n            \u001b[33mchecked\u001b[39m=\u001b[32m\"\"\u001b[39m\n            \u001b[33mname\u001b[39m=\u001b[32m\"logout-scope\"\u001b[39m\n            \u001b[33mtype\u001b[39m=\u001b[32m\"radio\"\u001b[39m\n          \u001b[36m/>\u001b[39m\n        \u001b[36m</label>\u001b[39m\n        \u001b[36m<label\u001b[39m\n          \u001b[33mclass\u001b[39m=\u001b[32m\"flex cursor-pointer items-center justify-between rounded-[12px] border border-[#E4E7EC] px-4 py-3\"\u001b[39m\n        \u001b[36m>\u001b[39m\n          \u001b[36m<span\u001b[39m\n            \u001b[33mclass\u001b[39m=\u001b[32m\"text-right font-cairo text-[13px] font-bold text-[#101828]\"\u001b[39m\n          \u001b[36m>\u001b[39m\n            \u001b[0mAll devices\u001b[0m\n          \u001b[36m</span>\u001b[39m\n          \u001b[36m<input\u001b[39m\n            \u001b[33mname\u001b[39m=\u001b[32m\"logout-scope\"\u001b[39m\n            \u001b[33mtype\u001b[39m=\u001b[32m\"radio\"\u001b[39m\n          \u001b[36m/>\u001b[39m\n        \u001b[36m</label>\u001b[39m\n      \u001b[36m</div>\u001b[39m\n      \u001b[36m<div\u001b[39m\n        \u001b[33mclass\u001b[39m=\u001b[32m\"flex gap-3 justify-end items-center mt-6\"\u001b[39m\n      \u001b[36m>\u001b[39m\n        \u001b[36m<button\u001b[39m\n          \u001b[33mclass\u001b[39m=\u001b[32m\"h-[40px] rounded-[10px] border border-[#F04438] bg-white px-8 font-cairo text-[14px] font-extrabold text-[#F04438]\"\u001b[39m\n          \u001b[33mtype\u001b[39m=\u001b[32m\"button\"\u001b[39m\n        \u001b[36m>\u001b[39m\n          \u001b[0mCancel\u001b[0m\n        \u001b[36m</button>\u001b[39m\n        \u001b[36m<button\u001b[39m\n          \u001b[33mclass\u001b[39m=\u001b[32m\"h-[40px] rounded-[10px] bg-gradient-to-b from-[#0F8F8B] to-[#14B3AE] px-8 font-cairo text-[14px] font-extrabold text-white disabled:opacity-60\"\u001b[39m\n          \u001b[33mtype\u001b[39m=\u001b[32m\"button\"\u001b[39m\n        \u001b[36m>\u001b[39m\n          \u001b[0mLog out\u001b[0m\n        \u001b[36m</button>\u001b[39m\n      \u001b[36m</div>\u001b[39m\n    \u001b[36m</div>\u001b[39m\n  \u001b[36m</div>\u001b[39m\n  \u001b[36m<span\u001b[39m\n    \u001b[33maria-hidden\u001b[39m=\u001b[32m\"true\"\u001b[39m\n    \u001b[33mdata-aria-hidden\u001b[39m=\u001b[32m\"true\"\u001b[39m\n    \u001b[33mdata-radix-focus-guard\u001b[39m=\u001b[32m\"\"\u001b[39m\n    \u001b[33mstyle\u001b[39m=\u001b[32m\"outline: none; opacity: 0; position: fixed; pointer-events: none;\"\u001b[39m\n    \u001b[33mtabindex\u001b[39m=\u001b[32m\"0\"\u001b[39m\n  \u001b[36m/>\u001b[39m\n\u001b[36m</body>\u001b[39m\n    at Object.getElementError (C:\\Users\\Abdalmoute\\OneDrive\\Desktop\\lmj_health_web\\frontend\\node_modules\\@testing-library\\dom\\dist\\config.js:37:19)\n    at C:\\Users\\Abdalmoute\\OneDrive\\Desktop\\lmj_health_web\\frontend\\node_modules\\@testing-library\\dom\\dist\\query-helpers.js:76:38\n    at C:\\Users\\Abdalmoute\\OneDrive\\Desktop\\lmj_health_web\\frontend\\node_modules\\@testing-library\\dom\\dist\\query-helpers.js:52:17\n    at C:\\Users\\Abdalmoute\\OneDrive\\Desktop\\lmj_health_web\\frontend\\node_modules\\@testing-library\\dom\\dist\\query-helpers.js:95:19\n    at C:\\Users\\Abdalmoute\\OneDrive\\Desktop\\lmj_health_web\\frontend\\src\\components\\auth\\logout-confirm-dialog.integration.test.tsx:101:29\n    at file:///C:/Users/Abdalmoute/OneDrive/Desktop/lmj_health_web/frontend/node_modules/@vitest/runner/dist/chunk-hooks.js:155:11\n    at file:///C:/Users/Abdalmoute/OneDrive/Desktop/lmj_health_web/frontend/node_modules/@vitest/runner/dist/chunk-hooks.js:752:26\n    at file:///C:/Users/Abdalmoute/OneDrive/Desktop/lmj_health_web/frontend/node_modules/@vitest/runner/dist/chunk-hooks.js:1897:20\n    at new Promise (<anonymous>)\n    at runWithTimeout (file:///C:/Users/Abdalmoute/OneDrive/Desktop/lmj_health_web/frontend/node_modules/@vitest/runner/dist/chunk-hooks.js:1863:10)"],"meta":{}},{"ancestorTitles":["Logout integration"],"fullName":"Logout integration submits the all-devices logout scope when selected","status":"failed","title":"submits the all-devices logout scope when selected","duration":27.846300000000156,"failureMessages":["TestingLibraryElementError: Unable to find a label with the text of: جميع الأجهزة\n\nIgnored nodes: comments, script, style\n\u001b[36m<body\u001b[39m\n  \u001b[33mdata-scroll-locked\u001b[39m=\u001b[32m\"1\"\u001b[39m\n  \u001b[33mstyle\u001b[39m=\u001b[32m\"overflow: hidden; pointer-events: none;\"\u001b[39m\n\u001b[36m>\u001b[39m\n  \u001b[36m<span\u001b[39m\n    \u001b[33maria-hidden\u001b[39m=\u001b[32m\"true\"\u001b[39m\n    \u001b[33mdata-aria-hidden\u001b[39m=\u001b[32m\"true\"\u001b[39m\n    \u001b[33mdata-radix-focus-guard\u001b[39m=\u001b[32m\"\"\u001b[39m\n    \u001b[33mstyle\u001b[39m=\u001b[32m\"outline: none; opacity: 0; position: fixed; pointer-events: none;\"\u001b[39m\n    \u001b[33mtabindex\u001b[39m=\u001b[32m\"0\"\u001b[39m\n  \u001b[36m/>\u001b[39m\n  \u001b[36m<div>\u001b[39m\n    \u001b[36m<div\u001b[39m\n      \u001b[33maria-live\u001b[39m=\u001b[32m\"polite\"\u001b[39m\n      \u001b[33maria-relevant\u001b[39m=\u001b[32m\"additions\"\u001b[39m\n      \u001b[33mclass\u001b[39m=\u001b[32m\"pointer-events-none fixed start-4 top-4 z-[10090] flex w-[min(100vw-2rem,22rem)] flex-col gap-3\"\u001b[39m\n      \u001b[33mdir\u001b[39m=\u001b[32m\"rtl\"\u001b[39m\n      \u001b[33mlang\u001b[39m=\u001b[32m\"ar\"\u001b[39m\n    \u001b[36m/>\u001b[39m\n  \u001b[36m</div>\u001b[39m\n  \u001b[36m<div\u001b[39m\n    \u001b[33maria-hidden\u001b[39m=\u001b[32m\"true\"\u001b[39m\n    \u001b[33mclass\u001b[39m=\u001b[32m\"fixed inset-0 z-[9999] bg-black/45 backdrop-blur-[2px]\"\u001b[39m\n    \u001b[33mdata-aria-hidden\u001b[39m=\u001b[32m\"true\"\u001b[39m\n    \u001b[33mdata-state\u001b[39m=\u001b[32m\"open\"\u001b[39m\n    \u001b[33mstyle\u001b[39m=\u001b[32m\"pointer-events: auto; opacity: 1; visibility: visible;\"\u001b[39m\n  \u001b[36m/>\u001b[39m\n  \u001b[36m<div\u001b[39m\n    \u001b[33maria-describedby\u001b[39m=\u001b[32m\"radix-:r8:\"\u001b[39m\n    \u001b[33maria-labelledby\u001b[39m=\u001b[32m\"radix-:r7:\"\u001b[39m\n    \u001b[33mclass\u001b[39m=\u001b[32m\"fixed left-1/2 top-1/2 z-[10000] w-[480px] max-w-[calc(100vw-32px)] -translate-x-1/2 -translate-y-1/2 rounded-[18px] bg-white shadow-[0_24px_60px_rgba(0,0,0,0.25)] outline-none\"\u001b[39m\n    \u001b[33mdata-state\u001b[39m=\u001b[32m\"open\"\u001b[39m\n    \u001b[33mdir\u001b[39m=\u001b[32m\"ltr\"\u001b[39m\n    \u001b[33mid\u001b[39m=\u001b[32m\"radix-:r6:\"\u001b[39m\n    \u001b[33mlang\u001b[39m=\u001b[32m\"en\"\u001b[39m\n    \u001b[33mrole\u001b[39m=\u001b[32m\"dialog\"\u001b[39m\n    \u001b[33mstyle\u001b[39m=\u001b[32m\"pointer-events: auto; opacity: 1; visibility: visible;\"\u001b[39m\n    \u001b[33mtabindex\u001b[39m=\u001b[32m\"-1\"\u001b[39m\n  \u001b[36m>\u001b[39m\n    \u001b[36m<div\u001b[39m\n      \u001b[33mclass\u001b[39m=\u001b[32m\"relative px-7 pt-5 pb-6\"\u001b[39m\n    \u001b[36m>\u001b[39m\n      \u001b[36m<button\u001b[39m\n        \u001b[33maria-label\u001b[39m=\u001b[32m\"Close\"\u001b[39m\n        \u001b[33mclass\u001b[39m=\u001b[32m\"absolute left-5 top-4 flex h-9 w-9 items-center justify-center rounded-full text-[#667085] hover:bg-[#F2F4F7]\"\u001b[39m\n        \u001b[33mtype\u001b[39m=\u001b[32m\"button\"\u001b[39m\n      \u001b[36m>\u001b[39m\n        \u001b[36m<svg\u001b[39m\n          \u001b[33maria-hidden\u001b[39m=\u001b[32m\"true\"\u001b[39m\n          \u001b[33mclass\u001b[39m=\u001b[32m\"lucide lucide-x w-5 h-5\"\u001b[39m\n          \u001b[33mfill\u001b[39m=\u001b[32m\"none\"\u001b[39m\n          \u001b[33mheight\u001b[39m=\u001b[32m\"24\"\u001b[39m\n          \u001b[33mstroke\u001b[39m=\u001b[32m\"currentColor\"\u001b[39m\n          \u001b[33mstroke-linecap\u001b[39m=\u001b[32m\"round\"\u001b[39m\n          \u001b[33mstroke-linejoin\u001b[39m=\u001b[32m\"round\"\u001b[39m\n          \u001b[33mstroke-width\u001b[39m=\u001b[32m\"2\"\u001b[39m\n          \u001b[33mviewBox\u001b[39m=\u001b[32m\"0 0 24 24\"\u001b[39m\n          \u001b[33mwidth\u001b[39m=\u001b[32m\"24\"\u001b[39m\n          \u001b[33mxmlns\u001b[39m=\u001b[32m\"http://www.w3.org/2000/svg\"\u001b[39m\n        \u001b[36m>\u001b[39m\n          \u001b[36m<path\u001b[39m\n            \u001b[33md\u001b[39m=\u001b[32m\"M18 6 6 18\"\u001b[39m\n          \u001b[36m/>\u001b[39m\n          \u001b[36m<path\u001b[39m\n            \u001b[33md\u001b[39m=\u001b[32m\"m6 6 12 12\"\u001b[39m\n          \u001b[36m/>\u001b[39m\n        \u001b[36m</svg>\u001b[39m\n      \u001b[36m</button>\u001b[39m\n      \u001b[36m<h2\u001b[39m\n        \u001b[33mclass\u001b[39m=\u001b[32m\"text-start font-cairo text-[20px] font-extrabold text-[#101828]\"\u001b[39m\n        \u001b[33mid\u001b[39m=\u001b[32m\"radix-:r7:\"\u001b[39m\n      \u001b[36m>\u001b[39m\n        \u001b[0mConfirm logout\u001b[0m\n      \u001b[36m</h2>\u001b[39m\n      \u001b[36m<p\u001b[39m\n        \u001b[33mclass\u001b[39m=\u001b[32m\"mt-2 text-right font-cairo text-[13px] font-semibold leading-[22px] text-[#667085]\"\u001b[39m\n        \u001b[33mid\u001b[39m=\u001b[32m\"radix-:r8:\"\u001b[39m\n      \u001b[36m>\u001b[39m\n        \u001b[0mChoose logout scope. Default signs out only this session.\u001b[0m\n      \u001b[36m</p>\u001b[39m\n      \u001b[36m<div\u001b[39m\n        \u001b[33mclass\u001b[39m=\u001b[32m\"mt-5 space-y-3\"\u001b[39m\n      \u001b[36m>\u001b[39m\n        \u001b[36m<label\u001b[39m\n          \u001b[33mclass\u001b[39m=\u001b[32m\"flex cursor-pointer items-center justify-between rounded-[12px] border border-[#E4E7EC] px-4 py-3\"\u001b[39m\n        \u001b[36m>\u001b[39m\n          \u001b[36m<span\u001b[39m\n            \u001b[33mclass\u001b[39m=\u001b[32m\"text-right font-cairo text-[13px] font-bold text-[#101828]\"\u001b[39m\n          \u001b[36m>\u001b[39m\n            \u001b[0mThis device only\u001b[0m\n          \u001b[36m</span>\u001b[39m\n          \u001b[36m<input\u001b[39m\n            \u001b[33mchecked\u001b[39m=\u001b[32m\"\"\u001b[39m\n            \u001b[33mname\u001b[39m=\u001b[32m\"logout-scope\"\u001b[39m\n            \u001b[33mtype\u001b[39m=\u001b[32m\"radio\"\u001b[39m\n          \u001b[36m/>\u001b[39m\n        \u001b[36m</label>\u001b[39m\n        \u001b[36m<label\u001b[39m\n          \u001b[33mclass\u001b[39m=\u001b[32m\"flex cursor-pointer items-center justify-between rounded-[12px] border border-[#E4E7EC] px-4 py-3\"\u001b[39m\n        \u001b[36m>\u001b[39m\n          \u001b[36m<span\u001b[39m\n            \u001b[33mclass\u001b[39m=\u001b[32m\"text-right font-cairo text-[13px] font-bold text-[#101828]\"\u001b[39m\n          \u001b[36m>\u001b[39m\n            \u001b[0mAll devices\u001b[0m\n          \u001b[36m</span>\u001b[39m\n          \u001b[36m<input\u001b[39m\n            \u001b[33mname\u001b[39m=\u001b[32m\"logout-scope\"\u001b[39m\n            \u001b[33mtype\u001b[39m=\u001b[32m\"radio\"\u001b[39m\n          \u001b[36m/>\u001b[39m\n        \u001b[36m</label>\u001b[39m\n      \u001b[36m</div>\u001b[39m\n      \u001b[36m<div\u001b[39m\n        \u001b[33mclass\u001b[39m=\u001b[32m\"flex gap-3 justify-end items-center mt-6\"\u001b[39m\n      \u001b[36m>\u001b[39m\n        \u001b[36m<button\u001b[39m\n          \u001b[33mclass\u001b[39m=\u001b[32m\"h-[40px] rounded-[10px] border border-[#F04438] bg-white px-8 font-cairo text-[14px] font-extrabold text-[#F04438]\"\u001b[39m\n          \u001b[33mtype\u001b[39m=\u001b[32m\"button\"\u001b[39m\n        \u001b[36m>\u001b[39m\n          \u001b[0mCancel\u001b[0m\n        \u001b[36m</button>\u001b[39m\n        \u001b[36m<button\u001b[39m\n          \u001b[33mclass\u001b[39m=\u001b[32m\"h-[40px] rounded-[10px] bg-gradient-to-b from-[#0F8F8B] to-[#14B3AE] px-8 font-cairo text-[14px] font-extrabold text-white disabled:opacity-60\"\u001b[39m\n          \u001b[33mtype\u001b[39m=\u001b[32m\"button\"\u001b[39m\n        \u001b[36m>\u001b[39m\n          \u001b[0mLog out\u001b[0m\n        \u001b[36m</button>\u001b[39m\n      \u001b[36m</div>\u001b[39m\n    \u001b[36m</div>\u001b[39m\n  \u001b[36m</div>\u001b[39m\n  \u001b[36m<span\u001b[39m\n    \u001b[33maria-hidden\u001b[39m=\u001b[32m\"true\"\u001b[39m\n    \u001b[33mdata-aria-hidden\u001b[39m=\u001b[32m\"true\"\u001b[39m\n    \u001b[33mdata-radix-focus-guard\u001b[39m=\u001b[32m\"\"\u001b[39m\n    \u001b[33mstyle\u001b[39m=\u001b[32m\"outline: none; opacity: 0; position: fixed; pointer-events: none;\"\u001b[39m\n    \u001b[33mtabindex\u001b[39m=\u001b[32m\"0\"\u001b[39m\n  \u001b[36m/>\u001b[39m\n\u001b[36m</body>\u001b[39m\n    at Object.getElementError (C:\\Users\\Abdalmoute\\OneDrive\\Desktop\\lmj_health_web\\frontend\\node_modules\\@testing-library\\dom\\dist\\config.js:37:19)\n    at getAllByLabelText (C:\\Users\\Abdalmoute\\OneDrive\\Desktop\\lmj_health_web\\frontend\\node_modules\\@testing-library\\dom\\dist\\queries\\label-text.js:111:38)\n    at C:\\Users\\Abdalmoute\\OneDrive\\Desktop\\lmj_health_web\\frontend\\node_modules\\@testing-library\\dom\\dist\\query-helpers.js:52:17\n    at C:\\Users\\Abdalmoute\\OneDrive\\Desktop\\lmj_health_web\\frontend\\node_modules\\@testing-library\\dom\\dist\\query-helpers.js:95:19\n    at C:\\Users\\Abdalmoute\\OneDrive\\Desktop\\lmj_health_web\\frontend\\src\\components\\auth\\logout-confirm-dialog.integration.test.tsx:121:29\n    at file:///C:/Users/Abdalmoute/OneDrive/Desktop/lmj_health_web/frontend/node_modules/@vitest/runner/dist/chunk-hooks.js:155:11\n    at file:///C:/Users/Abdalmoute/OneDrive/Desktop/lmj_health_web/frontend/node_modules/@vitest/runner/dist/chunk-hooks.js:752:26\n    at file:///C:/Users/Abdalmoute/OneDrive/Desktop/lmj_health_web/frontend/node_modules/@vitest/runner/dist/chunk-hooks.js:1897:20\n    at new Promise (<anonymous>)\n    at runWithTimeout (file:///C:/Users/Abdalmoute/OneDrive/Desktop/lmj_health_web/frontend/node_modules/@vitest/runner/dist/chunk-hooks.js:1863:10)"],"meta":{}}],"startTime":1785739217583,"endTime":1785739217910.8462,"status":"failed","message":"","name":"C:/Users/Abdalmoute/OneDrive/Desktop/lmj_health_web/frontend/src/components/auth/logout-confirm-dialog.integration.test.tsx"},{"assertionResults":[{"ancestorTitles":["FaqAccordionItem"],"fullName":"FaqAccordionItem starts closed by default and toggles answer visibility when clicked","status":"passed","title":"starts closed by default and toggles answer visibility when clicked","duration":251.98389999999972,"failureMessages":[],"meta":{}},{"ancestorTitles":["FaqAccordionItem"],"fullName":"FaqAccordionItem renders expanded content immediately when defaultOpen is true","status":"passed","title":"renders expanded content immediately when defaultOpen is true","duration":9.179499999999734,"failureMessages":[],"meta":{}},{"ancestorTitles":["FaqAccordionList"],"fullName":"FaqAccordionList opens only the first item by default when defaultOpenFirst is enabled","status":"passed","title":"opens only the first item by default when defaultOpenFirst is enabled","duration":14.281300000000101,"failureMessages":[],"meta":{}},{"ancestorTitles":["FaqAccordionList"],"fullName":"FaqAccordionList keeps all items collapsed when defaultOpenFirst is disabled","status":"passed","title":"keeps all items collapsed when defaultOpenFirst is disabled","duration":8.26740000000018,"failureMessages":[],"meta":{}}],"startTime":1785739217447,"endTime":1785739217731.2673,"status":"passed","message":"","name":"C:/Users/Abdalmoute/OneDrive/Desktop/lmj_health_web/frontend/src/components/platform/faq-accordion.test.tsx"},{"assertionResults":[{"ancestorTitles":["Device registration lifecycle"],"fullName":"Device registration lifecycle registers the current push token once for an authenticated session and avoids duplicates on rerender","status":"failed","title":"registers the current push token once for an authenticated session and avoids duplicates on rerender","duration":118.36470000000008,"failureMessages":["Error: Maximum update depth exceeded. This can happen when a component repeatedly calls setState inside componentWillUpdate or componentDidUpdate. React limits the number of nested updates to prevent infinite loops.\n    at checkForNestedUpdates (C:\\Users\\Abdalmoute\\OneDrive\\Desktop\\lmj_health_web\\frontend\\node_modules\\react-dom\\cjs\\react-dom.development.js:27331:11)\n    at scheduleUpdateOnFiber (C:\\Users\\Abdalmoute\\OneDrive\\Desktop\\lmj_health_web\\frontend\\node_modules\\react-dom\\cjs\\react-dom.development.js:25514:3)\n    at forceStoreRerender (C:\\Users\\Abdalmoute\\OneDrive\\Desktop\\lmj_health_web\\frontend\\node_modules\\react-dom\\cjs\\react-dom.development.js:16158:5)\n    at updateStoreInstance (C:\\Users\\Abdalmoute\\OneDrive\\Desktop\\lmj_health_web\\frontend\\node_modules\\react-dom\\cjs\\react-dom.development.js:16124:5)\n    at commitHookEffectListMount (C:\\Users\\Abdalmoute\\OneDrive\\Desktop\\lmj_health_web\\frontend\\node_modules\\react-dom\\cjs\\react-dom.development.js:23189:26)\n    at commitPassiveMountOnFiber (C:\\Users\\Abdalmoute\\OneDrive\\Desktop\\lmj_health_web\\frontend\\node_modules\\react-dom\\cjs\\react-dom.development.js:24970:11)\n    at commitPassiveMountEffects_complete (C:\\Users\\Abdalmoute\\OneDrive\\Desktop\\lmj_health_web\\frontend\\node_modules\\react-dom\\cjs\\react-dom.development.js:24930:9)\n    at commitPassiveMountEffects_begin (C:\\Users\\Abdalmoute\\OneDrive\\Desktop\\lmj_health_web\\frontend\\node_modules\\react-dom\\cjs\\react-dom.development.js:24917:7)\n    at commitPassiveMountEffects (C:\\Users\\Abdalmoute\\OneDrive\\Desktop\\lmj_health_web\\frontend\\node_modules\\react-dom\\cjs\\react-dom.development.js:24905:3)\n    at flushPassiveEffectsImpl (C:\\Users\\Abdalmoute\\OneDrive\\Desktop\\lmj_health_web\\frontend\\node_modules\\react-dom\\cjs\\react-dom.development.js:27078:3)"],"meta":{}},{"ancestorTitles":["Device registration lifecycle"],"fullName":"Device registration lifecycle updates the backend registration when the push token changes","status":"failed","title":"updates the backend registration when the push token changes","duration":1050.9796999999999,"failureMessages":["AssertionError: expected [ { token: 'push-token-1', …(4) } ] to have a length of 2 but got 1\n\nIgnored nodes: comments, script, style\n\u001b[36m<html\u001b[39m\n  \u001b[33mdir\u001b[39m=\u001b[32m\"ltr\"\u001b[39m\n  \u001b[33mlang\u001b[39m=\u001b[32m\"en\"\u001b[39m\n\u001b[36m>\u001b[39m\n  \u001b[36m<head />\u001b[39m\n  \u001b[36m<body>\u001b[39m\n    \u001b[36m<div />\u001b[39m\n  \u001b[36m</body>\u001b[39m\n\u001b[36m</html>\u001b[39m\n    at Proxy.<anonymous> (file:///C:/Users/Abdalmoute/OneDrive/Desktop/lmj_health_web/frontend/node_modules/@vitest/expect/dist/index.js:1257:20)\n    at Proxy.<anonymous> (file:///C:/Users/Abdalmoute/OneDrive/Desktop/lmj_health_web/frontend/node_modules/@vitest/expect/dist/index.js:1029:14)\n    at Proxy.methodWrapper (file:///C:/Users/Abdalmoute/OneDrive/Desktop/lmj_health_web/frontend/node_modules/chai/index.js:1686:25)\n    at C:\\Users\\Abdalmoute\\OneDrive\\Desktop\\lmj_health_web\\frontend\\src\\components\\app\\DeviceRegistrationBridge.integration.test.tsx:92:43\n    at runWithExpensiveErrorDiagnosticsDisabled (C:\\Users\\Abdalmoute\\OneDrive\\Desktop\\lmj_health_web\\frontend\\node_modules\\@testing-library\\dom\\dist\\config.js:47:12)\n    at checkCallback (C:\\Users\\Abdalmoute\\OneDrive\\Desktop\\lmj_health_web\\frontend\\node_modules\\@testing-library\\dom\\dist\\wait-for.js:124:77)\n    at Timeout.checkRealTimersCallback (C:\\Users\\Abdalmoute\\OneDrive\\Desktop\\lmj_health_web\\frontend\\node_modules\\@testing-library\\dom\\dist\\wait-for.js:118:16)\n    at listOnTimeout (node:internal/timers:605:17)\n    at processTimers (node:internal/timers:541:7)"],"meta":{}},{"ancestorTitles":["Device registration lifecycle"],"fullName":"Device registration lifecycle keeps the device unsynced after register failure so the same token can retry safely","status":"failed","title":"keeps the device unsynced after register failure so the same token can retry safely","duration":1081.0627000000004,"failureMessages":["AssertionError: expected [ { token: 'push-token-1', …(4) } ] to have a length of 2 but got 1\n\nIgnored nodes: comments, script, style\n\u001b[36m<html\u001b[39m\n  \u001b[33mdir\u001b[39m=\u001b[32m\"ltr\"\u001b[39m\n  \u001b[33mlang\u001b[39m=\u001b[32m\"en\"\u001b[39m\n\u001b[36m>\u001b[39m\n  \u001b[36m<head />\u001b[39m\n  \u001b[36m<body>\u001b[39m\n    \u001b[36m<div>\u001b[39m\n      \u001b[36m<div\u001b[39m\n        \u001b[33maria-live\u001b[39m=\u001b[32m\"polite\"\u001b[39m\n        \u001b[33maria-relevant\u001b[39m=\u001b[32m\"additions\"\u001b[39m\n        \u001b[33mclass\u001b[39m=\u001b[32m\"pointer-events-none fixed start-4 top-4 z-[10090] flex w-[min(100vw-2rem,22rem)] flex-col gap-3\"\u001b[39m\n        \u001b[33mdir\u001b[39m=\u001b[32m\"rtl\"\u001b[39m\n        \u001b[33mlang\u001b[39m=\u001b[32m\"ar\"\u001b[39m\n      \u001b[36m/>\u001b[39m\n    \u001b[36m</div>\u001b[39m\n  \u001b[36m</body>\u001b[39m\n\u001b[36m</html>\u001b[39m\n    at Proxy.<anonymous> (file:///C:/Users/Abdalmoute/OneDrive/Desktop/lmj_health_web/frontend/node_modules/@vitest/expect/dist/index.js:1257:20)\n    at Proxy.<anonymous> (file:///C:/Users/Abdalmoute/OneDrive/Desktop/lmj_health_web/frontend/node_modules/@vitest/expect/dist/index.js:1029:14)\n    at Proxy.methodWrapper (file:///C:/Users/Abdalmoute/OneDrive/Desktop/lmj_health_web/frontend/node_modules/chai/index.js:1686:25)\n    at C:\\Users\\Abdalmoute\\OneDrive\\Desktop\\lmj_health_web\\frontend\\src\\components\\app\\DeviceRegistrationBridge.integration.test.tsx:123:43\n    at runWithExpensiveErrorDiagnosticsDisabled (C:\\Users\\Abdalmoute\\OneDrive\\Desktop\\lmj_health_web\\frontend\\node_modules\\@testing-library\\dom\\dist\\config.js:47:12)\n    at checkCallback (C:\\Users\\Abdalmoute\\OneDrive\\Desktop\\lmj_health_web\\frontend\\node_modules\\@testing-library\\dom\\dist\\wait-for.js:124:77)\n    at Timeout.checkRealTimersCallback (C:\\Users\\Abdalmoute\\OneDrive\\Desktop\\lmj_health_web\\frontend\\node_modules\\@testing-library\\dom\\dist\\wait-for.js:118:16)\n    at listOnTimeout (node:internal/timers:605:17)\n    at processTimers (node:internal/timers:541:7)"],"meta":{}},{"ancestorTitles":["Device registration lifecycle"],"fullName":"Device registration lifecycle unregisters the device on current-session logout and clears the local sync state","status":"passed","title":"unregisters the device on current-session logout and clears the local sync state","duration":49.994800000000396,"failureMessages":[],"meta":{}},{"ancestorTitles":["Device registration lifecycle"],"fullName":"Device registration lifecycle skips device unregister on logout-all because the backend removes devices server-side and still clears local sync state","status":"passed","title":"skips device unregister on logout-all because the backend removes devices server-side and still clears local sync state","duration":31.797300000000178,"failureMessages":[],"meta":{}}],"startTime":1785739217490,"endTime":1785739219822.7974,"status":"failed","message":"","name":"C:/Users/Abdalmoute/OneDrive/Desktop/lmj_health_web/frontend/src/components/app/DeviceRegistrationBridge.integration.test.tsx"}]}