{"numTotalTestSuites":2,"numPassedTestSuites":2,"numFailedTestSuites":0,"numPendingTestSuites":0,"numTotalTests":1,"numPassedTests":1,"numFailedTests":0,"numPendingTests":0,"numTodoTests":0,"snapshot":{"added":0,"failure":false,"filesAdded":0,"filesRemoved":0,"filesRemovedList":[],"filesUnmatched":0,"filesUpdated":0,"matched":0,"total":0,"unchecked":0,"uncheckedKeysByFile":[],"unmatched":0,"updated":0,"didUpdate":false},"startTime":1785739576353,"success":true,"testResults":[{"assertionResults":[{"ancestorTitles":["DashboardHeader"],"fullName":"DashboardHeader renders the section back link when provided","status":"passed","title":"renders the section back link when provided","duration":215.8056999999999,"failureMessages":[],"meta":{}}],"startTime":1785739579559,"endTime":1785739579774.8057,"status":"passed","message":"","name":"C:/Users/Abdalmoute/OneDrive/Desktop/lmj_health_web/frontend/src/components/layout/dashboard-header.test.tsx"}]}