{"numTotalTestSuites":89,"numPassedTestSuites":89,"numFailedTestSuites":0,"numPendingTestSuites":0,"numTotalTests":152,"numPassedTests":152,"numFailedTests":0,"numPendingTests":0,"numTodoTests":0,"snapshot":{"added":0,"failure":false,"filesAdded":0,"filesRemoved":0,"filesRemovedList":[],"filesUnmatched":0,"filesUpdated":0,"matched":0,"total":0,"unchecked":0,"uncheckedKeysByFile":[],"unmatched":0,"updated":0,"didUpdate":false},"startTime":1785739816824,"success":true,"testResults":[{"assertionResults":[{"ancestorTitles":["getSectionBackNavigation"],"fullName":"getSectionBackNavigation returns doctor section back navigation for nested pages","status":"passed","title":"returns doctor section back navigation for nested pages","duration":5.171799999999621,"failureMessages":[],"meta":{}},{"ancestorTitles":["getSectionBackNavigation"],"fullName":"getSectionBackNavigation returns secretary section back navigation for nested pages","status":"passed","title":"returns secretary section back navigation for nested pages","duration":1.1583000000000538,"failureMessages":[],"meta":{}},{"ancestorTitles":["getSectionBackNavigation"],"fullName":"getSectionBackNavigation returns data entry section back navigation for nested pages","status":"passed","title":"returns data entry section back navigation for nested pages","duration":0.8436000000001513,"failureMessages":[],"meta":{}},{"ancestorTitles":["getSectionBackNavigation"],"fullName":"getSectionBackNavigation returns null for top-level pages","status":"passed","title":"returns null for top-level pages","duration":0.7298000000000684,"failureMessages":[],"meta":{}}],"startTime":1785739833738,"endTime":1785739833745.7297,"status":"passed","message":"","name":"C:/Users/Abdalmoute/OneDrive/Desktop/lmj_health_web/frontend/src/constant/sidebar-items.test.ts"},{"assertionResults":[{"ancestorTitles":["authStore initFromCookies"],"fullName":"authStore initFromCookies clears a partial stored session that only has a refresh token","status":"passed","title":"clears a partial stored session that only has a refresh token","duration":58.78680000000031,"failureMessages":[],"meta":{}}],"startTime":1785739828567,"endTime":1785739828625.7869,"status":"passed","message":"","name":"C:/Users/Abdalmoute/OneDrive/Desktop/lmj_health_web/frontend/src/store/authStore.test.ts"},{"assertionResults":[{"ancestorTitles":["Data-entry routing integration"],"fullName":"Data-entry routing integration renders the data-entry dashboard route for an authenticated data-entry user","status":"passed","title":"renders the data-entry dashboard route for an authenticated data-entry user","duration":463.5141999999996,"failureMessages":[],"meta":{}}],"startTime":1785739829530,"endTime":1785739829993.5142,"status":"passed","message":"","name":"C:/Users/Abdalmoute/OneDrive/Desktop/lmj_health_web/frontend/src/routes/data-entry-routing.integration.test.tsx"},{"assertionResults":[{"ancestorTitles":["ProtectedRoute"],"fullName":"ProtectedRoute redirects unauthenticated users to login and preserves the next path","status":"passed","title":"redirects unauthenticated users to login and preserves the next path","duration":71.22370000000001,"failureMessages":[],"meta":{}},{"ancestorTitles":["ProtectedRoute"],"fullName":"ProtectedRoute redirects authenticated users with the wrong role to their own root","status":"passed","title":"redirects authenticated users with the wrong role to their own root","duration":10.597999999999956,"failureMessages":[],"meta":{}},{"ancestorTitles":["ProtectedRoute"],"fullName":"ProtectedRoute renders the protected content for an allowed role","status":"passed","title":"renders the protected content for an allowed role","duration":6.769199999999728,"failureMessages":[],"meta":{}},{"ancestorTitles":["ProtectedRoute"],"fullName":"ProtectedRoute renders the protected content for the data-entry role","status":"passed","title":"renders the protected content for the data-entry role","duration":8.524499999999989,"failureMessages":[],"meta":{}},{"ancestorTitles":["GuestRoute"],"fullName":"GuestRoute redirects authenticated users away from guest pages","status":"passed","title":"redirects authenticated users away from guest pages","duration":6.888799999999719,"failureMessages":[],"meta":{}},{"ancestorTitles":["RootRedirect"],"fullName":"RootRedirect sends anonymous users to welcome","status":"passed","title":"sends anonymous users to welcome","duration":6.385299999999916,"failureMessages":[],"meta":{}},{"ancestorTitles":["RootRedirect"],"fullName":"RootRedirect redirects authenticated data-entry users to the canonical dashboard root","status":"passed","title":"redirects authenticated data-entry users to the canonical dashboard root","duration":6.078700000000026,"failureMessages":[],"meta":{}}],"startTime":1785739828192,"endTime":1785739828309.0786,"status":"passed","message":"","name":"C:/Users/Abdalmoute/OneDrive/Desktop/lmj_health_web/frontend/src/routes/ProtectedRoute.test.tsx"},{"assertionResults":[{"ancestorTitles":["Device registration lifecycle"],"fullName":"Device registration lifecycle registers the current push token once for an authenticated session and avoids duplicates on rerender","status":"passed","title":"registers the current push token once for an authenticated session and avoids duplicates on rerender","duration":146.52279999999973,"failureMessages":[],"meta":{}},{"ancestorTitles":["Device registration lifecycle"],"fullName":"Device registration lifecycle updates the backend registration when the push token changes","status":"passed","title":"updates the backend registration when the push token changes","duration":164.95910000000003,"failureMessages":[],"meta":{}},{"ancestorTitles":["Device registration lifecycle"],"fullName":"Device registration lifecycle keeps the device unsynced after register failure so the same token can retry safely","status":"passed","title":"keeps the device unsynced after register failure so the same token can retry safely","duration":158.3177999999998,"failureMessages":[],"meta":{}},{"ancestorTitles":["Device registration lifecycle"],"fullName":"Device registration lifecycle unregisters the device on current-session logout and clears the local sync state","status":"passed","title":"unregisters the device on current-session logout and clears the local sync state","duration":122.19930000000022,"failureMessages":[],"meta":{}},{"ancestorTitles":["Device registration lifecycle"],"fullName":"Device registration lifecycle skips device unregister on logout-all because the backend removes devices server-side and still clears local sync state","status":"passed","title":"skips device unregister on logout-all because the backend removes devices server-side and still clears local sync state","duration":20.616300000000592,"failureMessages":[],"meta":{}}],"startTime":1785739821776,"endTime":1785739822388.6162,"status":"passed","message":"","name":"C:/Users/Abdalmoute/OneDrive/Desktop/lmj_health_web/frontend/src/components/app/DeviceRegistrationBridge.integration.test.tsx"},{"assertionResults":[{"ancestorTitles":["Logout integration"],"fullName":"Logout integration logs out the current session, clears persisted auth data, and redirects to login","status":"passed","title":"logs out the current session, clears persisted auth data, and redirects to login","duration":390.2066999999997,"failureMessages":[],"meta":{}},{"ancestorTitles":["Logout integration"],"fullName":"Logout integration keeps the dialog open and preserves the session when logout fails","status":"passed","title":"keeps the dialog open and preserves the session when logout fails","duration":104.68549999999959,"failureMessages":[],"meta":{}},{"ancestorTitles":["Logout integration"],"fullName":"Logout integration submits the all-devices logout scope when selected","status":"passed","title":"submits the all-devices logout scope when selected","duration":154.21389999999974,"failureMessages":[],"meta":{}}],"startTime":1785739822049,"endTime":1785739822698.2139,"status":"passed","message":"","name":"C:/Users/Abdalmoute/OneDrive/Desktop/lmj_health_web/frontend/src/components/auth/logout-confirm-dialog.integration.test.tsx"},{"assertionResults":[{"ancestorTitles":["DashboardHeader"],"fullName":"DashboardHeader renders the section back link when provided","status":"passed","title":"renders the section back link when provided","duration":300.4663999999998,"failureMessages":[],"meta":{}}],"startTime":1785739825108,"endTime":1785739825408.4663,"status":"passed","message":"","name":"C:/Users/Abdalmoute/OneDrive/Desktop/lmj_health_web/frontend/src/components/layout/dashboard-header.test.tsx"},{"assertionResults":[{"ancestorTitles":["FaqAccordionItem"],"fullName":"FaqAccordionItem starts closed by default and toggles answer visibility when clicked","status":"passed","title":"starts closed by default and toggles answer visibility when clicked","duration":348.9882000000007,"failureMessages":[],"meta":{}},{"ancestorTitles":["FaqAccordionItem"],"fullName":"FaqAccordionItem renders expanded content immediately when defaultOpen is true","status":"passed","title":"renders expanded content immediately when defaultOpen is true","duration":23.27259999999933,"failureMessages":[],"meta":{}},{"ancestorTitles":["FaqAccordionList"],"fullName":"FaqAccordionList opens only the first item by default when defaultOpenFirst is enabled","status":"passed","title":"opens only the first item by default when defaultOpenFirst is enabled","duration":43.20920000000024,"failureMessages":[],"meta":{}},{"ancestorTitles":["FaqAccordionList"],"fullName":"FaqAccordionList keeps all items collapsed when defaultOpenFirst is disabled","status":"passed","title":"keeps all items collapsed when defaultOpenFirst is disabled","duration":13.431100000000697,"failureMessages":[],"meta":{}}],"startTime":1785739821791,"endTime":1785739822220.4312,"status":"passed","message":"","name":"C:/Users/Abdalmoute/OneDrive/Desktop/lmj_health_web/frontend/src/components/platform/faq-accordion.test.tsx"},{"assertionResults":[{"ancestorTitles":["useSecretaryAssignedDoctor"],"fullName":"useSecretaryAssignedDoctor returns the assigned doctor when the endpoint succeeds","status":"passed","title":"returns the assigned doctor when the endpoint succeeds","duration":119.04229999999984,"failureMessages":[],"meta":{}},{"ancestorTitles":["useSecretaryAssignedDoctor"],"fullName":"useSecretaryAssignedDoctor maps 403 to a forbidden assignment state","status":"passed","title":"maps 403 to a forbidden assignment state","duration":72.57160000000022,"failureMessages":[],"meta":{}},{"ancestorTitles":["useSecretaryAssignedDoctor"],"fullName":"useSecretaryAssignedDoctor maps 404 to an unassigned-doctor state","status":"passed","title":"maps 404 to an unassigned-doctor state","duration":77.79190000000017,"failureMessages":[],"meta":{}}],"startTime":1785739826082,"endTime":1785739826351.792,"status":"passed","message":"","name":"C:/Users/Abdalmoute/OneDrive/Desktop/lmj_health_web/frontend/src/hooks/secretary/useSecretaryAssignedDoctor.test.tsx"},{"assertionResults":[{"ancestorTitles":["api refresh retry"],"fullName":"api refresh retry retries a protected fetch request once after refresh succeeds","status":"passed","title":"retries a protected fetch request once after refresh succeeds","duration":31.843799999999646,"failureMessages":[],"meta":{}},{"ancestorTitles":["api refresh retry"],"fullName":"api refresh retry runs the invalidated-session flow when refresh fails after a 401","status":"passed","title":"runs the invalidated-session flow when refresh fails after a 401","duration":20.22440000000006,"failureMessages":[],"meta":{}},{"ancestorTitles":["api refresh retry"],"fullName":"api refresh retry retries with the refreshed store token after a 401 even when the original request used an explicit token","status":"passed","title":"retries with the refreshed store token after a 401 even when the original request used an explicit token","duration":15.750999999999749,"failureMessages":[],"meta":{}},{"ancestorTitles":["api refresh retry"],"fullName":"api refresh retry retries a multipart upload once with the refreshed token when the first upload returns 401","status":"passed","title":"retries a multipart upload once with the refreshed token when the first upload returns 401","duration":19.15039999999999,"failureMessages":[],"meta":{}},{"ancestorTitles":["api refresh retry"],"fullName":"api refresh retry retries a multipart upload with the refreshed store token even when the original upload used an explicit token","status":"passed","title":"retries a multipart upload with the refreshed store token even when the original upload used an explicit token","duration":26.389400000000023,"failureMessages":[],"meta":{}}],"startTime":1785739827714,"endTime":1785739827827.3894,"status":"passed","message":"","name":"C:/Users/Abdalmoute/OneDrive/Desktop/lmj_health_web/frontend/src/lib/api/refresh-retry.test.ts"},{"assertionResults":[{"ancestorTitles":["resolveLoginErrorMessageAr"],"fullName":"resolveLoginErrorMessageAr uses phone-specific copy for NOT_VERIFIED","status":"passed","title":"uses phone-specific copy for NOT_VERIFIED","duration":4.205399999999827,"failureMessages":[],"meta":{}},{"ancestorTitles":["resolveLoginErrorMessageAr"],"fullName":"resolveLoginErrorMessageAr uses phone-specific copy for INVALID_CREDENTIALS","status":"passed","title":"uses phone-specific copy for INVALID_CREDENTIALS","duration":0.676600000000235,"failureMessages":[],"meta":{}}],"startTime":1785739835841,"endTime":1785739835846.6765,"status":"passed","message":"","name":"C:/Users/Abdalmoute/OneDrive/Desktop/lmj_health_web/frontend/src/lib/auth/loginErrorMessages.test.ts"},{"assertionResults":[{"ancestorTitles":["sessionRefresh"],"fullName":"sessionRefresh stores the rotated access and refresh tokens after a successful refresh","status":"passed","title":"stores the rotated access and refresh tokens after a successful refresh","duration":29.463999999999942,"failureMessages":[],"meta":{}},{"ancestorTitles":["sessionRefresh"],"fullName":"sessionRefresh uses a single in-flight refresh request for concurrent callers","status":"passed","title":"uses a single in-flight refresh request for concurrent callers","duration":27.050500000000284,"failureMessages":[],"meta":{}},{"ancestorTitles":["sessionRefresh"],"fullName":"sessionRefresh treats an invalid refresh expiry string as expired","status":"passed","title":"treats an invalid refresh expiry string as expired","duration":5.684600000000046,"failureMessages":[],"meta":{}},{"ancestorTitles":["sessionRefresh"],"fullName":"sessionRefresh clears the local session when refresh succeeds but the stored user payload is missing","status":"passed","title":"clears the local session when refresh succeeds but the stored user payload is missing","duration":7.092799999999897,"failureMessages":[],"meta":{}}],"startTime":1785739827849,"endTime":1785739827918.0928,"status":"passed","message":"","name":"C:/Users/Abdalmoute/OneDrive/Desktop/lmj_health_web/frontend/src/lib/auth/sessionRefresh.test.ts"},{"assertionResults":[{"ancestorTitles":["appointment write flow error messages"],"fullName":"appointment write flow error messages maps booking 403/404/422 errors to actionable messages","status":"passed","title":"maps booking 403/404/422 errors to actionable messages","duration":7.416500000000269,"failureMessages":[],"meta":{}},{"ancestorTitles":["appointment write flow error messages"],"fullName":"appointment write flow error messages maps cancel and reschedule 404/422 errors to action-specific messages","status":"passed","title":"maps cancel and reschedule 404/422 errors to action-specific messages","duration":2.926100000000133,"failureMessages":[],"meta":{}},{"ancestorTitles":["appointment write flow error messages"],"fullName":"appointment write flow error messages currently falls back to the generic API message for cancel/reschedule 403","status":"passed","title":"currently falls back to the generic API message for cancel/reschedule 403","duration":1.0234000000000378,"failureMessages":[],"meta":{}},{"ancestorTitles":["appointment write flow error messages"],"fullName":"appointment write flow error messages maps complete and no-show 403/404/422 errors to action-specific messages","status":"passed","title":"maps complete and no-show 403/404/422 errors to action-specific messages","duration":1.0085000000003674,"failureMessages":[],"meta":{}}],"startTime":1785739835577,"endTime":1785739835590.0085,"status":"passed","message":"","name":"C:/Users/Abdalmoute/OneDrive/Desktop/lmj_health_web/frontend/src/lib/doctor/appointmentWriteFlowErrors.test.ts"},{"assertionResults":[{"ancestorTitles":["triggerBrowserFileDownload"],"fullName":"triggerBrowserFileDownload downloads through a blob URL when CORS fetch succeeds","status":"passed","title":"downloads through a blob URL when CORS fetch succeeds","duration":13.28690000000006,"failureMessages":[],"meta":{}},{"ancestorTitles":["triggerBrowserFileDownload"],"fullName":"triggerBrowserFileDownload falls back to direct download when CORS fetch fails","status":"passed","title":"falls back to direct download when CORS fetch fails","duration":11.936599999999999,"failureMessages":[],"meta":{}},{"ancestorTitles":["triggerBrowserFileDownload"],"fullName":"triggerBrowserFileDownload opens a new tab and triggers download together when requested","status":"passed","title":"opens a new tab and triggers download together when requested","duration":2.6226000000001477,"failureMessages":[],"meta":{}}],"startTime":1785739830636,"endTime":1785739830664.6226,"status":"passed","message":"","name":"C:/Users/Abdalmoute/OneDrive/Desktop/lmj_health_web/frontend/src/lib/files/triggerBrowserFileDownload.test.ts"},{"assertionResults":[{"ancestorTitles":["formatPhoneForDisplay"],"fullName":"formatPhoneForDisplay formats Syrian numbers consistently regardless of stored spacing","status":"passed","title":"formats Syrian numbers consistently regardless of stored spacing","duration":5.035800000000108,"failureMessages":[],"meta":{}},{"ancestorTitles":["formatPhoneForDisplay"],"fullName":"formatPhoneForDisplay returns dash for empty values","status":"passed","title":"returns dash for empty values","duration":0.9610999999999876,"failureMessages":[],"meta":{}},{"ancestorTitles":["phoneComparisonKey"],"fullName":"phoneComparisonKey matches equivalent phone strings","status":"passed","title":"matches equivalent phone strings","duration":1.2148000000001957,"failureMessages":[],"meta":{}}],"startTime":1785739835176,"endTime":1785739835183.2148,"status":"passed","message":"","name":"C:/Users/Abdalmoute/OneDrive/Desktop/lmj_health_web/frontend/src/lib/phone/formatPhoneForDisplay.test.ts"},{"assertionResults":[{"ancestorTitles":["normalizeAuthPhoneIdentifier"],"fullName":"normalizeAuthPhoneIdentifier converts 00 international prefix to E.164","status":"passed","title":"converts 00 international prefix to E.164","duration":4.7400000000002365,"failureMessages":[],"meta":{}},{"ancestorTitles":["normalizeAuthPhoneIdentifier"],"fullName":"normalizeAuthPhoneIdentifier keeps valid E.164 unchanged","status":"passed","title":"keeps valid E.164 unchanged","duration":0.8141000000000531,"failureMessages":[],"meta":{}},{"ancestorTitles":["normalizeAuthPhoneIdentifier"],"fullName":"normalizeAuthPhoneIdentifier adds + to country-code digits without plus","status":"passed","title":"adds + to country-code digits without plus","duration":0.6484000000000378,"failureMessages":[],"meta":{}},{"ancestorTitles":["normalizeAuthPhoneIdentifier"],"fullName":"normalizeAuthPhoneIdentifier maps Syrian local 09… to +963","status":"passed","title":"maps Syrian local 09… to +963","duration":0.5117000000000189,"failureMessages":[],"meta":{}},{"ancestorTitles":["normalizeAuthPhoneIdentifier"],"fullName":"normalizeAuthPhoneIdentifier maps 9-digit Syrian mobile to +963","status":"passed","title":"maps 9-digit Syrian mobile to +963","duration":0.6136999999998807,"failureMessages":[],"meta":{}},{"ancestorTitles":["normalizeAuthPhoneIdentifier"],"fullName":"normalizeAuthPhoneIdentifier strips spaces and dashes","status":"passed","title":"strips spaces and dashes","duration":0.46980000000030486,"failureMessages":[],"meta":{}},{"ancestorTitles":["isValidAuthPhoneIdentifier"],"fullName":"isValidAuthPhoneIdentifier accepts normalized Syrian numbers","status":"passed","title":"accepts normalized Syrian numbers","duration":0.57549999999992,"failureMessages":[],"meta":{}},{"ancestorTitles":["resolveLoginIdentifier"],"fullName":"resolveLoginIdentifier returns email for email input","status":"passed","title":"returns email for email input","duration":1.4782999999997628,"failureMessages":[],"meta":{}},{"ancestorTitles":["resolveLoginIdentifier"],"fullName":"resolveLoginIdentifier returns normalized phone for phone input","status":"passed","title":"returns normalized phone for phone input","duration":0.7834000000002561,"failureMessages":[],"meta":{}}],"startTime":1785739831063,"endTime":1785739831074.7834,"status":"passed","message":"","name":"C:/Users/Abdalmoute/OneDrive/Desktop/lmj_health_web/frontend/src/lib/phone/normalizeAuthPhone.test.ts"},{"assertionResults":[{"ancestorTitles":["formatPatientLabel"],"fullName":"formatPatientLabel shows patient full name and public id when both exist","status":"passed","title":"shows patient full name and public id when both exist","duration":3.9009000000000924,"failureMessages":[],"meta":{}},{"ancestorTitles":["formatPatientLabel"],"fullName":"formatPatientLabel falls back to the patient name when public id is missing","status":"passed","title":"falls back to the patient name when public id is missing","duration":0.6766999999999825,"failureMessages":[],"meta":{}},{"ancestorTitles":["formatPatientLabel"],"fullName":"formatPatientLabel falls back to a dash when no patient identity is available","status":"passed","title":"falls back to a dash when no patient identity is available","duration":0.4976000000001477,"failureMessages":[],"meta":{}}],"startTime":1785739836126,"endTime":1785739836130.6768,"status":"passed","message":"","name":"C:/Users/Abdalmoute/OneDrive/Desktop/lmj_health_web/frontend/src/components/admin/appointments/appointmentListUtils.test.ts"},{"assertionResults":[{"ancestorTitles":["UpsertServiceTypeDialog integration"],"fullName":"UpsertServiceTypeDialog integration opens from a trigger and exposes the correct dialog title","status":"passed","title":"opens from a trigger and exposes the correct dialog title","duration":307.5171,"failureMessages":[],"meta":{}},{"ancestorTitles":["UpsertServiceTypeDialog integration"],"fullName":"UpsertServiceTypeDialog integration closes on cancel without submitting","status":"passed","title":"closes on cancel without submitting","duration":553.9639999999999,"failureMessages":[],"meta":{}},{"ancestorTitles":["UpsertServiceTypeDialog integration"],"fullName":"UpsertServiceTypeDialog integration shows required-field validation errors and prevents submission","status":"passed","title":"shows required-field validation errors and prevents submission","duration":175.28459999999995,"failureMessages":[],"meta":{}},{"ancestorTitles":["UpsertServiceTypeDialog integration"],"fullName":"UpsertServiceTypeDialog integration rejects invalid script and slug input before calling the API","status":"passed","title":"rejects invalid script and slug input before calling the API","duration":685.2619000000004,"failureMessages":[],"meta":{}},{"ancestorTitles":["UpsertServiceTypeDialog integration"],"fullName":"UpsertServiceTypeDialog integration submits the expected payload, invalidates service type queries, shows success feedback, and closes","status":"passed","title":"submits the expected payload, invalidates service type queries, shows success feedback, and closes","duration":1927.2600000000002,"failureMessages":[],"meta":{}},{"ancestorTitles":["UpsertServiceTypeDialog integration"],"fullName":"UpsertServiceTypeDialog integration disables submit and shows the loading label while the mutation is pending","status":"passed","title":"disables submit and shows the loading label while the mutation is pending","duration":1734.4961999999996,"failureMessages":[],"meta":{}},{"ancestorTitles":["UpsertServiceTypeDialog integration"],"fullName":"UpsertServiceTypeDialog integration shows server validation feedback, keeps the dialog usable, and preserves entered values after failure","status":"passed","title":"shows server validation feedback, keeps the dialog usable, and preserves entered values after failure","duration":1833.4818999999989,"failureMessages":[],"meta":{}}],"startTime":1785739822290,"endTime":1785739829507.482,"status":"passed","message":"","name":"C:/Users/Abdalmoute/OneDrive/Desktop/lmj_health_web/frontend/src/components/admin/service-types/UpsertServiceTypeDialog.integration.test.tsx"},{"assertionResults":[{"ancestorTitles":["Authentication integration"],"fullName":"Authentication integration validates invalid login input on the client before sending a request","status":"passed","title":"validates invalid login input on the client before sending a request","duration":759.9602999999997,"failureMessages":[],"meta":{}},{"ancestorTitles":["Authentication integration"],"fullName":"Authentication integration shows a loading state while authentication is pending","status":"passed","title":"shows a loading state while authentication is pending","duration":832.2401,"failureMessages":[],"meta":{}},{"ancestorTitles":["Authentication integration"],"fullName":"Authentication integration authenticates successfully, persists the session, and redirects to the role root","status":"passed","title":"authenticates successfully, persists the session, and redirects to the role root","duration":623.0902000000006,"failureMessages":[],"meta":{}},{"ancestorTitles":["Authentication integration"],"fullName":"Authentication integration redirects data-entry users to the canonical data-entry dashboard after login","status":"passed","title":"redirects data-entry users to the canonical data-entry dashboard after login","duration":608.9894999999997,"failureMessages":[],"meta":{}},{"ancestorTitles":["Authentication integration"],"fullName":"Authentication integration shows an authentication error and keeps the user on the login page when credentials are invalid","status":"passed","title":"shows an authentication error and keeps the user on the login page when credentials are invalid","duration":663.4340999999995,"failureMessages":[],"meta":{}},{"ancestorTitles":["Authentication integration"],"fullName":"Authentication integration redirects to the requested next path after successful login","status":"passed","title":"redirects to the requested next path after successful login","duration":622.1428999999989,"failureMessages":[],"meta":{}},{"ancestorTitles":["Authentication integration"],"fullName":"Authentication integration redirects authenticated users away from guest-only login routes","status":"passed","title":"redirects authenticated users away from guest-only login routes","duration":13.549999999999272,"failureMessages":[],"meta":{}},{"ancestorTitles":["Authentication integration"],"fullName":"Authentication integration redirects unauthenticated users from protected routes to login","status":"passed","title":"redirects unauthenticated users from protected routes to login","duration":27.76380000000063,"failureMessages":[],"meta":{}}],"startTime":1785739822118,"endTime":1785739826269.764,"status":"passed","message":"","name":"C:/Users/Abdalmoute/OneDrive/Desktop/lmj_health_web/frontend/src/components/auth/login/login-form.integration.test.tsx"},{"assertionResults":[{"ancestorTitles":["LoginForm"],"fullName":"LoginForm validates email login and shows Arabic error for invalid email","status":"passed","title":"validates email login and shows Arabic error for invalid email","duration":840.2722000000003,"failureMessages":[],"meta":{}},{"ancestorTitles":["LoginForm"],"fullName":"LoginForm switches to phone login, rejects short phone numbers, and updates the placeholder","status":"passed","title":"switches to phone login, rejects short phone numbers, and updates the placeholder","duration":707.3872000000001,"failureMessages":[],"meta":{}},{"ancestorTitles":["LoginForm"],"fullName":"LoginForm submits successfully, shows a success toast, and redirects by user role","status":"passed","title":"submits successfully, shows a success toast, and redirects by user role","duration":623.1898000000001,"failureMessages":[],"meta":{}},{"ancestorTitles":["LoginForm"],"fullName":"LoginForm shows submitting state while the request is pending","status":"passed","title":"shows submitting state while the request is pending","duration":621.4368000000004,"failureMessages":[],"meta":{}},{"ancestorTitles":["LoginForm"],"fullName":"LoginForm shows an inline alert and error toast when login fails","status":"passed","title":"shows an inline alert and error toast when login fails","duration":613.2822999999999,"failureMessages":[],"meta":{}}],"startTime":1785739822072,"endTime":1785739825477.2822,"status":"passed","message":"","name":"C:/Users/Abdalmoute/OneDrive/Desktop/lmj_health_web/frontend/src/components/auth/login/login-form.test.tsx"},{"assertionResults":[{"ancestorTitles":["doctorPersonalEditSchema"],"fullName":"doctorPersonalEditSchema accepts valid personal data","status":"passed","title":"accepts valid personal data","duration":8.285300000000007,"failureMessages":[],"meta":{}},{"ancestorTitles":["doctorPersonalEditSchema"],"fullName":"doctorPersonalEditSchema rejects empty required fullName","status":"passed","title":"rejects empty required fullName","duration":1.955500000000029,"failureMessages":[],"meta":{}},{"ancestorTitles":["doctorPersonalEditSchema"],"fullName":"doctorPersonalEditSchema rejects short address","status":"passed","title":"rejects short address","duration":1.1325000000001637,"failureMessages":[],"meta":{}},{"ancestorTitles":["doctorPersonalEditSchema"],"fullName":"doctorPersonalEditSchema rejects bio longer than 200 chars","status":"passed","title":"rejects bio longer than 200 chars","duration":1.0599999999999454,"failureMessages":[],"meta":{}},{"ancestorTitles":["doctorPersonalEditSchema"],"fullName":"doctorPersonalEditSchema allows empty optional consultationFee","status":"passed","title":"allows empty optional consultationFee","duration":0.7026999999998225,"failureMessages":[],"meta":{}},{"ancestorTitles":["doctorPersonalEditSchema"],"fullName":"doctorPersonalEditSchema rejects invalid consultationFee","status":"passed","title":"rejects invalid consultationFee","duration":0.9704000000001543,"failureMessages":[],"meta":{}},{"ancestorTitles":["doctorPersonalEditSchema"],"fullName":"doctorPersonalEditSchema rejects future dateOfBirth","status":"passed","title":"rejects future dateOfBirth","duration":0.8175999999998567,"failureMessages":[],"meta":{}},{"ancestorTitles":["doctorProfessionalEditSchema"],"fullName":"doctorProfessionalEditSchema accepts valid professional data","status":"passed","title":"accepts valid professional data","duration":2.1851000000001477,"failureMessages":[],"meta":{}},{"ancestorTitles":["doctorProfessionalEditSchema"],"fullName":"doctorProfessionalEditSchema rejects missing medical license","status":"passed","title":"rejects missing medical license","duration":1.4461999999998625,"failureMessages":[],"meta":{}},{"ancestorTitles":["doctorProfessionalEditSchema"],"fullName":"doctorProfessionalEditSchema requires lat and lng together","status":"passed","title":"requires lat and lng together","duration":1.1940000000004147,"failureMessages":[],"meta":{}},{"ancestorTitles":["doctorProfessionalEditSchema"],"fullName":"doctorProfessionalEditSchema allows empty optional coordinates","status":"passed","title":"allows empty optional coordinates","duration":0.553599999999733,"failureMessages":[],"meta":{}},{"ancestorTitles":["doctorProfessionalEditSchema"],"fullName":"doctorProfessionalEditSchema rejects invalid latitude","status":"passed","title":"rejects invalid latitude","duration":0.7257000000004155,"failureMessages":[],"meta":{}}],"startTime":1785739831183,"endTime":1785739831204.7256,"status":"passed","message":"","name":"C:/Users/Abdalmoute/OneDrive/Desktop/lmj_health_web/frontend/src/components/doctor/profile-settings/doctor-profile-schemas.test.ts"},{"assertionResults":[{"ancestorTitles":["buildProfessionalChangeItems"],"fullName":"buildProfessionalChangeItems returns empty array when nothing changed","status":"passed","title":"returns empty array when nothing changed","duration":7.710500000000138,"failureMessages":[],"meta":{}},{"ancestorTitles":["buildProfessionalChangeItems"],"fullName":"buildProfessionalChangeItems includes only changed fields","status":"passed","title":"includes only changed fields","duration":1.1999000000000706,"failureMessages":[],"meta":{}},{"ancestorTitles":["buildProfessionalChangeItems"],"fullName":"buildProfessionalChangeItems includes coordinate changes when both lat and lng provided","status":"passed","title":"includes coordinate changes when both lat and lng provided","duration":0.8567000000002736,"failureMessages":[],"meta":{}}],"startTime":1785739835281,"endTime":1785739835290.8567,"status":"passed","message":"","name":"C:/Users/Abdalmoute/OneDrive/Desktop/lmj_health_web/frontend/src/components/doctor/profile-settings/doctor-profile-utils.test.ts"},{"assertionResults":[{"ancestorTitles":["useDoctorAppointmentsApi mutations"],"fullName":"useDoctorAppointmentsApi mutations invalidates the appointments list after booking succeeds","status":"passed","title":"invalidates the appointments list after booking succeeds","duration":97.62540000000013,"failureMessages":[],"meta":{}},{"ancestorTitles":["useDoctorAppointmentsApi mutations"],"fullName":"useDoctorAppointmentsApi mutations invalidates list and detail queries after cancel succeeds","status":"passed","title":"invalidates list and detail queries after cancel succeeds","duration":71.9077000000002,"failureMessages":[],"meta":{}},{"ancestorTitles":["useDoctorAppointmentsApi mutations"],"fullName":"useDoctorAppointmentsApi mutations invalidates list and detail queries after reschedule succeeds","status":"passed","title":"invalidates list and detail queries after reschedule succeeds","duration":77.15099999999984,"failureMessages":[],"meta":{}},{"ancestorTitles":["useDoctorAppointmentsApi mutations"],"fullName":"useDoctorAppointmentsApi mutations invalidates list and detail queries after complete succeeds","status":"passed","title":"invalidates list and detail queries after complete succeeds","duration":82.0353,"failureMessages":[],"meta":{}},{"ancestorTitles":["useDoctorAppointmentsApi mutations"],"fullName":"useDoctorAppointmentsApi mutations invalidates list and detail queries after no-show succeeds","status":"passed","title":"invalidates list and detail queries after no-show succeeds","duration":80.83899999999994,"failureMessages":[],"meta":{}}],"startTime":1785739824710,"endTime":1785739825119.839,"status":"passed","message":"","name":"C:/Users/Abdalmoute/OneDrive/Desktop/lmj_health_web/frontend/src/hooks/doctor/appointments/useDoctorAppointmentsApi.test.tsx"},{"assertionResults":[{"ancestorTitles":["isAdminDoctorOffboarded"],"fullName":"isAdminDoctorOffboarded returns false for active doctors","status":"passed","title":"returns false for active doctors","duration":5.199399999999969,"failureMessages":[],"meta":{}},{"ancestorTitles":["isAdminDoctorOffboarded"],"fullName":"isAdminDoctorOffboarded detects accountDeletionStatus on populated userId","status":"passed","title":"detects accountDeletionStatus on populated userId","duration":1.1255999999998494,"failureMessages":[],"meta":{}},{"ancestorTitles":["isAdminDoctorOffboarded"],"fullName":"isAdminDoctorOffboarded detects nested accountDeletion.status","status":"passed","title":"detects nested accountDeletion.status","duration":1.2188000000001011,"failureMessages":[],"meta":{}},{"ancestorTitles":["markAdminDoctorOffboarded"],"fullName":"markAdminDoctorOffboarded marks populated userId as deleted for cache updates","status":"passed","title":"marks populated userId as deleted for cache updates","duration":2.055499999999938,"failureMessages":[],"meta":{}},{"ancestorTitles":["rememberAdminDoctorOffboardedIds"],"fullName":"rememberAdminDoctorOffboardedIds remembers doctor id across refetches in the same session","status":"passed","title":"remembers doctor id across refetches in the same session","duration":0.9554000000002816,"failureMessages":[],"meta":{}}],"startTime":1785739834947,"endTime":1785739834957.9553,"status":"passed","message":"","name":"C:/Users/Abdalmoute/OneDrive/Desktop/lmj_health_web/frontend/src/lib/admin/doctors/isAdminDoctorOffboarded.test.ts"},{"assertionResults":[{"ancestorTitles":["doctor activity log mappers"],"fullName":"doctor activity log mappers maps login_success into UI card model","status":"passed","title":"maps login_success into UI card model","duration":48.600700000000415,"failureMessages":[],"meta":{}},{"ancestorTitles":["doctor activity log mappers"],"fullName":"doctor activity log mappers maps appointment events with patient context","status":"passed","title":"maps appointment events with patient context","duration":2.1132000000002336,"failureMessages":[],"meta":{}},{"ancestorTitles":["doctor activity log mappers"],"fullName":"doctor activity log mappers resolves action types and labels safely","status":"passed","title":"resolves action types and labels safely","duration":0.8173999999999069,"failureMessages":[],"meta":{}},{"ancestorTitles":["doctor activity log mappers"],"fullName":"doctor activity log mappers builds period ranges for API filters","status":"passed","title":"builds period ranges for API filters","duration":1.9881000000000313,"failureMessages":[],"meta":{}}],"startTime":1785739828621,"endTime":1785739828674.988,"status":"passed","message":"","name":"C:/Users/Abdalmoute/OneDrive/Desktop/lmj_health_web/frontend/src/lib/doctor/activityLog/mappers.test.ts"},{"assertionResults":[{"ancestorTitles":["clinic location utils"],"fullName":"clinic location utils extracts coordinates from clinicLat/clinicLng","status":"passed","title":"extracts coordinates from clinicLat/clinicLng","duration":6.248099999999795,"failureMessages":[],"meta":{}},{"ancestorTitles":["clinic location utils"],"fullName":"clinic location utils extracts coordinates from clinicLocation point","status":"passed","title":"extracts coordinates from clinicLocation point","duration":1.0398000000000138,"failureMessages":[],"meta":{}},{"ancestorTitles":["clinic location utils"],"fullName":"clinic location utils resolves verification status from geoStatus and pending requests","status":"passed","title":"resolves verification status from geoStatus and pending requests","duration":1.0724999999997635,"failureMessages":[],"meta":{}},{"ancestorTitles":["clinic location utils"],"fullName":"clinic location utils detects pending location change requests","status":"passed","title":"detects pending location change requests","duration":0.7575000000001637,"failureMessages":[],"meta":{}},{"ancestorTitles":["clinic location utils"],"fullName":"clinic location utils builds change items only for modified fields","status":"passed","title":"builds change items only for modified fields","duration":0.8616000000001804,"failureMessages":[],"meta":{}},{"ancestorTitles":["clinic location utils"],"fullName":"clinic location utils validates form values","status":"passed","title":"validates form values","duration":0.9115000000001601,"failureMessages":[],"meta":{}}],"startTime":1785739833082,"endTime":1785739833092.9116,"status":"passed","message":"","name":"C:/Users/Abdalmoute/OneDrive/Desktop/lmj_health_web/frontend/src/lib/doctor/clinicLocation/utils.test.ts"},{"assertionResults":[{"ancestorTitles":["billingOptionalTransactionDateToIso"],"fullName":"billingOptionalTransactionDateToIso returns undefined for empty input or today","status":"passed","title":"returns undefined for empty input or today","duration":7.782900000000154,"failureMessages":[],"meta":{}},{"ancestorTitles":["billingOptionalTransactionDateToIso"],"fullName":"billingOptionalTransactionDateToIso returns a past timestamp for earlier calendar days","status":"passed","title":"returns a past timestamp for earlier calendar days","duration":3.257299999999759,"failureMessages":[],"meta":{}},{"ancestorTitles":["isBillingDateInputAfterToday"],"fullName":"isBillingDateInputAfterToday returns false for empty, today, and past dates","status":"passed","title":"returns false for empty, today, and past dates","duration":1.5214000000000851,"failureMessages":[],"meta":{}},{"ancestorTitles":["isBillingDateInputAfterToday"],"fullName":"isBillingDateInputAfterToday returns true for future dates","status":"passed","title":"returns true for future dates","duration":1.0421000000001186,"failureMessages":[],"meta":{}}],"startTime":1785739832666,"endTime":1785739832680.042,"status":"passed","message":"","name":"C:/Users/Abdalmoute/OneDrive/Desktop/lmj_health_web/frontend/src/lib/doctor/billing/dateInput.test.ts"},{"assertionResults":[{"ancestorTitles":["getBillingPaymentErrorToast"],"fullName":"getBillingPaymentErrorToast maps invoiceNotPayable to a clear Arabic message","status":"passed","title":"maps invoiceNotPayable to a clear Arabic message","duration":5.078299999999672,"failureMessages":[],"meta":{}},{"ancestorTitles":["getBillingPaymentErrorToast"],"fullName":"getBillingPaymentErrorToast maps futureDateNotAllowed when message is the raw messageKey","status":"passed","title":"maps futureDateNotAllowed when message is the raw messageKey","duration":1.4247000000000298,"failureMessages":[],"meta":{}},{"ancestorTitles":["getBillingPaymentErrorToast"],"fullName":"getBillingPaymentErrorToast replaces generic unknown server errors","status":"passed","title":"replaces generic unknown server errors","duration":1.8485999999998057,"failureMessages":[],"meta":{}},{"ancestorTitles":["getBillingRefundErrorToast"],"fullName":"getBillingRefundErrorToast maps futureDateNotAllowed from validation response","status":"passed","title":"maps futureDateNotAllowed from validation response","duration":1.1565999999997985,"failureMessages":[],"meta":{}}],"startTime":1785739834363,"endTime":1785739834373.1565,"status":"passed","message":"","name":"C:/Users/Abdalmoute/OneDrive/Desktop/lmj_health_web/frontend/src/lib/doctor/billing/errors.test.ts"},{"assertionResults":[{"ancestorTitles":["buildPatientWeeklyActivityChart"],"fullName":"buildPatientWeeklyActivityChart groups unique patients per day for the last 7 days","status":"passed","title":"groups unique patients per day for the last 7 days","duration":47.27800000000025,"failureMessages":[],"meta":{}},{"ancestorTitles":["buildPatientWeeklyActivityChart"],"fullName":"buildPatientWeeklyActivityChart scales bar height proportionally from backend counts","status":"passed","title":"scales bar height proportionally from backend counts","duration":24.6237000000001,"failureMessages":[],"meta":{}}],"startTime":1785739830207,"endTime":1785739830278.6238,"status":"passed","message":"","name":"C:/Users/Abdalmoute/OneDrive/Desktop/lmj_health_web/frontend/src/lib/doctor/dashboard/buildPatientWeeklyActivityChart.test.ts"},{"assertionResults":[{"ancestorTitles":["countPatientAppointments"],"fullName":"countPatientAppointments counts total and status breakdown","status":"passed","title":"counts total and status breakdown","duration":5.498000000000047,"failureMessages":[],"meta":{}}],"startTime":1785739831947,"endTime":1785739831952.498,"status":"passed","message":"","name":"C:/Users/Abdalmoute/OneDrive/Desktop/lmj_health_web/frontend/src/lib/doctor/dashboard/countPatientAppointments.test.ts"},{"assertionResults":[{"ancestorTitles":["buildDashboardPatientsListParams"],"fullName":"buildDashboardPatientsListParams maps active filter to account_status","status":"passed","title":"maps active filter to account_status","duration":2.8923999999999523,"failureMessages":[],"meta":{}},{"ancestorTitles":["buildDashboardPatientsListParams"],"fullName":"buildDashboardPatientsListParams maps today filter to appointment date range","status":"passed","title":"maps today filter to appointment date range","duration":0.5011000000001786,"failureMessages":[],"meta":{}}],"startTime":1785739836508,"endTime":1785739836511.5012,"status":"passed","message":"","name":"C:/Users/Abdalmoute/OneDrive/Desktop/lmj_health_web/frontend/src/lib/doctor/dashboard/dashboardPatientFilters.test.ts"},{"assertionResults":[{"ancestorTitles":["getDoctorFacilitySaveErrorToast"],"fullName":"getDoctorFacilitySaveErrorToast maps ownerFacilityExists to a specific toast","status":"passed","title":"maps ownerFacilityExists to a specific toast","duration":5.257200000000012,"failureMessages":[],"meta":{}},{"ancestorTitles":["getDoctorFacilitySaveErrorToast"],"fullName":"getDoctorFacilitySaveErrorToast replaces generic 500 unknown with facility server message","status":"passed","title":"replaces generic 500 unknown with facility server message","duration":1.8188000000000102,"failureMessages":[],"meta":{}},{"ancestorTitles":["getDoctorFacilitySaveErrorToast"],"fullName":"getDoctorFacilitySaveErrorToast formats validation errors from API body","status":"passed","title":"formats validation errors from API body","duration":0.984000000000151,"failureMessages":[],"meta":{}}],"startTime":1785739836840,"endTime":1785739836847.984,"status":"passed","message":"","name":"C:/Users/Abdalmoute/OneDrive/Desktop/lmj_health_web/frontend/src/lib/doctor/facilities/errors.test.ts"},{"assertionResults":[{"ancestorTitles":["doctor facility mappers"],"fullName":"doctor facility mappers maps API facility into UI model without smuggling work hours into description","status":"passed","title":"maps API facility into UI model without smuggling work hours into description","duration":7.251699999999801,"failureMessages":[],"meta":{}},{"ancestorTitles":["doctor facility mappers"],"fullName":"doctor facility mappers builds Swagger mutation body with both facilityType and kind","status":"passed","title":"builds Swagger mutation body with both facilityType and kind","duration":1.563799999999901,"failureMessages":[],"meta":{}},{"ancestorTitles":["doctor facility mappers"],"fullName":"doctor facility mappers serializes Swagger POST body (keeps kind, always sends attributes array)","status":"passed","title":"serializes Swagger POST body (keeps kind, always sends attributes array)","duration":0.5783999999998741,"failureMessages":[],"meta":{}},{"ancestorTitles":["doctor facility mappers"],"fullName":"doctor facility mappers parses swagger data.id response shape","status":"passed","title":"parses swagger data.id response shape","duration":1.1608000000001084,"failureMessages":[],"meta":{}},{"ancestorTitles":["doctor facility mappers"],"fullName":"doctor facility mappers parses API facility envelope","status":"passed","title":"parses API facility envelope","duration":1.449699999999666,"failureMessages":[],"meta":{}}],"startTime":1785739832423,"endTime":1785739832434.4497,"status":"passed","message":"","name":"C:/Users/Abdalmoute/OneDrive/Desktop/lmj_health_web/frontend/src/lib/doctor/facilities/mappers.test.ts"},{"assertionResults":[{"ancestorTitles":["medical services directory mappers"],"fullName":"medical services directory mappers maps suggest facility into directory card model","status":"passed","title":"maps suggest facility into directory card model","duration":6.5086999999998625,"failureMessages":[],"meta":{}},{"ancestorTitles":["medical services directory mappers"],"fullName":"medical services directory mappers merges duplicate facilities by id","status":"passed","title":"merges duplicate facilities by id","duration":43.289600000000064,"failureMessages":[],"meta":{}},{"ancestorTitles":["medical services directory mappers"],"fullName":"medical services directory mappers resolves UI categories from facility types","status":"passed","title":"resolves UI categories from facility types","duration":1.147599999999784,"failureMessages":[],"meta":{}}],"startTime":1785739830321,"endTime":1785739830372.1477,"status":"passed","message":"","name":"C:/Users/Abdalmoute/OneDrive/Desktop/lmj_health_web/frontend/src/lib/doctor/medical-services-directory/mappers.test.ts"},{"assertionResults":[{"ancestorTitles":["doctorProfileApi.patchProfile payload"],"fullName":"doctorProfileApi.patchProfile payload appends consultationTypes as repeated fields (not JSON)","status":"passed","title":"appends consultationTypes as repeated fields (not JSON)","duration":5.295100000000275,"failureMessages":[],"meta":{}},{"ancestorTitles":["normalizeProfileDateOfBirth"],"fullName":"normalizeProfileDateOfBirth keeps YYYY-MM-DD as-is","status":"passed","title":"keeps YYYY-MM-DD as-is","duration":1.112999999999829,"failureMessages":[],"meta":{}},{"ancestorTitles":["normalizeProfileDateOfBirth"],"fullName":"normalizeProfileDateOfBirth normalizes ISO datetime to calendar date","status":"passed","title":"normalizes ISO datetime to calendar date","duration":1.170100000000275,"failureMessages":[],"meta":{}}],"startTime":1785739833408,"endTime":1785739833415.1702,"status":"passed","message":"","name":"C:/Users/Abdalmoute/OneDrive/Desktop/lmj_health_web/frontend/src/lib/doctor/profile/profileClient.test.ts"},{"assertionResults":[{"ancestorTitles":["parsePrescriptionTemplateDraft"],"fullName":"parsePrescriptionTemplateDraft reads medications alias and general instructions","status":"passed","title":"reads medications alias and general instructions","duration":5.658200000000306,"failureMessages":[],"meta":{}},{"ancestorTitles":["parseOrderItemTemplateDrafts"],"fullName":"parseOrderItemTemplateDrafts merges tests and procedures arrays","status":"passed","title":"merges tests and procedures arrays","duration":1.3750999999997475,"failureMessages":[],"meta":{}},{"ancestorTitles":["parseReferralTemplateDraft"],"fullName":"parseReferralTemplateDraft maps referral fields and urgency aliases","status":"passed","title":"maps referral fields and urgency aliases","duration":1.2062000000000808,"failureMessages":[],"meta":{}},{"ancestorTitles":["consumeReferralTemplateDraft"],"fullName":"consumeReferralTemplateDraft fills empty referral fields only","status":"passed","title":"fills empty referral fields only","duration":1.2101999999999862,"failureMessages":[],"meta":{}},{"ancestorTitles":["consumeReferralTemplateDraft"],"fullName":"consumeReferralTemplateDraft keeps draft when referral already has specialty or reason","status":"passed","title":"keeps draft when referral already has specialty or reason","duration":0.7429999999999382,"failureMessages":[],"meta":{}}],"startTime":1785739832804,"endTime":1785739832814.743,"status":"passed","message":"","name":"C:/Users/Abdalmoute/OneDrive/Desktop/lmj_health_web/frontend/src/lib/doctor/templates/applyTemplateDraft.test.ts"},{"assertionResults":[{"ancestorTitles":["ContentTemplateFormDialog"],"fullName":"ContentTemplateFormDialog shows validation errors when submitting without required data","status":"passed","title":"shows validation errors when submitting without required data","duration":429.6950000000006,"failureMessages":[],"meta":{}},{"ancestorTitles":["ContentTemplateFormDialog"],"fullName":"ContentTemplateFormDialog prevents submit when field label is missing","status":"passed","title":"prevents submit when field label is missing","duration":731.1111000000001,"failureMessages":[],"meta":{}},{"ancestorTitles":["ContentTemplateFormDialog"],"fullName":"ContentTemplateFormDialog submits a trimmed payload when the form is valid","status":"passed","title":"submits a trimmed payload when the form is valid","duration":1338.7627000000002,"failureMessages":[],"meta":{}}],"startTime":1785739821463,"endTime":1785739823962.7627,"status":"passed","message":"","name":"C:/Users/Abdalmoute/OneDrive/Desktop/lmj_health_web/frontend/src/components/admin/content-templates/dialogs/ContentTemplateFormDialog.test.tsx"}]}