{"numTotalTestSuites":8,"numPassedTestSuites":8,"numFailedTestSuites":0,"numPendingTestSuites":0,"numTotalTests":11,"numPassedTests":11,"numFailedTests":0,"numPendingTests":0,"numTodoTests":0,"snapshot":{"added":0,"failure":false,"filesAdded":0,"filesRemoved":0,"filesRemovedList":[],"filesUnmatched":0,"filesUpdated":0,"matched":0,"total":0,"unchecked":0,"uncheckedKeysByFile":[],"unmatched":0,"updated":0,"didUpdate":false},"startTime":1785738516952,"success":true,"testResults":[{"assertionResults":[{"ancestorTitles":["getSectionBackNavigation"],"fullName":"getSectionBackNavigation returns doctor section back navigation for nested pages","status":"passed","title":"returns doctor section back navigation for nested pages","duration":9.717000000000553,"failureMessages":[],"meta":{}},{"ancestorTitles":["getSectionBackNavigation"],"fullName":"getSectionBackNavigation returns secretary section back navigation for nested pages","status":"passed","title":"returns secretary section back navigation for nested pages","duration":1.9879000000000815,"failureMessages":[],"meta":{}},{"ancestorTitles":["getSectionBackNavigation"],"fullName":"getSectionBackNavigation returns data entry section back navigation for nested pages","status":"passed","title":"returns data entry section back navigation for nested pages","duration":1.5765999999994165,"failureMessages":[],"meta":{}},{"ancestorTitles":["getSectionBackNavigation"],"fullName":"getSectionBackNavigation returns null for top-level pages","status":"passed","title":"returns null for top-level pages","duration":1.2857000000003609,"failureMessages":[],"meta":{}}],"startTime":1785738522590,"endTime":1785738522605.2856,"status":"passed","message":"","name":"C:/Users/Abdalmoute/OneDrive/Desktop/lmj_health_web/frontend/src/constant/sidebar-items.test.ts"},{"assertionResults":[{"ancestorTitles":["DashboardHeader"],"fullName":"DashboardHeader renders the section back link when provided","status":"passed","title":"renders the section back link when provided","duration":413.83979999999974,"failureMessages":[],"meta":{}}],"startTime":1785738523544,"endTime":1785738523957.8398,"status":"passed","message":"","name":"C:/Users/Abdalmoute/OneDrive/Desktop/lmj_health_web/frontend/src/components/layout/dashboard-header.test.tsx"},{"assertionResults":[{"ancestorTitles":["formatPatientLabel"],"fullName":"formatPatientLabel shows patient full name and public id when both exist","status":"passed","title":"shows patient full name and public id when both exist","duration":5.85570000000007,"failureMessages":[],"meta":{}},{"ancestorTitles":["formatPatientLabel"],"fullName":"formatPatientLabel falls back to the patient name when public id is missing","status":"passed","title":"falls back to the patient name when public id is missing","duration":1.3819000000003143,"failureMessages":[],"meta":{}},{"ancestorTitles":["formatPatientLabel"],"fullName":"formatPatientLabel falls back to a dash when no patient identity is available","status":"passed","title":"falls back to a dash when no patient identity is available","duration":1.1049000000002707,"failureMessages":[],"meta":{}}],"startTime":1785738522313,"endTime":1785738522322.105,"status":"passed","message":"","name":"C:/Users/Abdalmoute/OneDrive/Desktop/lmj_health_web/frontend/src/components/admin/appointments/appointmentListUtils.test.ts"},{"assertionResults":[{"ancestorTitles":["ContentTemplateFormDialog"],"fullName":"ContentTemplateFormDialog shows validation errors when submitting without required data","status":"passed","title":"shows validation errors when submitting without required data","duration":426.72690000000057,"failureMessages":[],"meta":{}},{"ancestorTitles":["ContentTemplateFormDialog"],"fullName":"ContentTemplateFormDialog prevents submit when field label is missing","status":"passed","title":"prevents submit when field label is missing","duration":607.7347,"failureMessages":[],"meta":{}},{"ancestorTitles":["ContentTemplateFormDialog"],"fullName":"ContentTemplateFormDialog submits a trimmed payload when the form is valid","status":"passed","title":"submits a trimmed payload when the form is valid","duration":1372.8869000000004,"failureMessages":[],"meta":{}}],"startTime":1785738523201,"endTime":1785738525607.887,"status":"passed","message":"","name":"C:/Users/Abdalmoute/OneDrive/Desktop/lmj_health_web/frontend/src/components/admin/content-templates/dialogs/ContentTemplateFormDialog.test.tsx"}]}