{"numTotalTestSuites":2,"numPassedTestSuites":0,"numFailedTestSuites":2,"numPendingTestSuites":0,"numTotalTests":5,"numPassedTests":4,"numFailedTests":1,"numPendingTests":0,"numTodoTests":0,"snapshot":{"added":0,"failure":false,"filesAdded":0,"filesRemoved":0,"filesRemovedList":[],"filesUnmatched":0,"filesUpdated":0,"matched":0,"total":0,"unchecked":0,"uncheckedKeysByFile":[],"unmatched":0,"updated":0,"didUpdate":false},"startTime":1785739342785,"success":false,"testResults":[{"assertionResults":[{"ancestorTitles":["Device registration lifecycle"],"fullName":"Device registration lifecycle registers the current push token once for an authenticated session and avoids duplicates on rerender","status":"passed","title":"registers the current push token once for an authenticated session and avoids duplicates on rerender","duration":123.32929999999988,"failureMessages":[],"meta":{}},{"ancestorTitles":["Device registration lifecycle"],"fullName":"Device registration lifecycle updates the backend registration when the push token changes","status":"passed","title":"updates the backend registration when the push token changes","duration":185.07369999999992,"failureMessages":[],"meta":{}},{"ancestorTitles":["Device registration lifecycle"],"fullName":"Device registration lifecycle keeps the device unsynced after register failure so the same token can retry safely","status":"passed","title":"keeps the device unsynced after register failure so the same token can retry safely","duration":153.32430000000022,"failureMessages":[],"meta":{}},{"ancestorTitles":["Device registration lifecycle"],"fullName":"Device registration lifecycle unregisters the device on current-session logout and clears the local sync state","status":"passed","title":"unregisters the device on current-session logout and clears the local sync state","duration":115.76030000000037,"failureMessages":[],"meta":{}},{"ancestorTitles":["Device registration lifecycle"],"fullName":"Device registration lifecycle skips device unregister on logout-all because the backend removes devices server-side and still clears local sync state","status":"failed","title":"skips device unregister on logout-all because the backend removes devices server-side and still clears local sync state","duration":1059.4065,"failureMessages":["AssertionError: expected [] to have a length of 1 but got +0\n\nIgnored nodes: comments, script, style\n\u001b[36m<html\u001b[39m\n  \u001b[33mdir\u001b[39m=\u001b[32m\"ltr\"\u001b[39m\n  \u001b[33mlang\u001b[39m=\u001b[32m\"en\"\u001b[39m\n\u001b[36m>\u001b[39m\n  \u001b[36m<head />\u001b[39m\n  \u001b[36m<body>\u001b[39m\n    \u001b[36m<div>\u001b[39m\n      \u001b[36m<div\u001b[39m\n        \u001b[33maria-live\u001b[39m=\u001b[32m\"polite\"\u001b[39m\n        \u001b[33maria-relevant\u001b[39m=\u001b[32m\"additions\"\u001b[39m\n        \u001b[33mclass\u001b[39m=\u001b[32m\"pointer-events-none fixed start-4 top-4 z-[10090] flex w-[min(100vw-2rem,22rem)] flex-col gap-3\"\u001b[39m\n        \u001b[33mdir\u001b[39m=\u001b[32m\"rtl\"\u001b[39m\n        \u001b[33mlang\u001b[39m=\u001b[32m\"ar\"\u001b[39m\n      \u001b[36m/>\u001b[39m\n    \u001b[36m</div>\u001b[39m\n  \u001b[36m</body>\u001b[39m\n\u001b[36m</html>\u001b[39m\n    at Proxy.<anonymous> (file:///C:/Users/Abdalmoute/OneDrive/Desktop/lmj_health_web/frontend/node_modules/@vitest/expect/dist/index.js:1257:20)\n    at Proxy.<anonymous> (file:///C:/Users/Abdalmoute/OneDrive/Desktop/lmj_health_web/frontend/node_modules/@vitest/expect/dist/index.js:1029:14)\n    at Proxy.methodWrapper (file:///C:/Users/Abdalmoute/OneDrive/Desktop/lmj_health_web/frontend/node_modules/chai/index.js:1686:25)\n    at C:\\Users\\Abdalmoute\\OneDrive\\Desktop\\lmj_health_web\\frontend\\src\\components\\app\\DeviceRegistrationBridge.integration.test.tsx:153:43\n    at runWithExpensiveErrorDiagnosticsDisabled (C:\\Users\\Abdalmoute\\OneDrive\\Desktop\\lmj_health_web\\frontend\\node_modules\\@testing-library\\dom\\dist\\config.js:47:12)\n    at checkCallback (C:\\Users\\Abdalmoute\\OneDrive\\Desktop\\lmj_health_web\\frontend\\node_modules\\@testing-library\\dom\\dist\\wait-for.js:124:77)\n    at Timeout.checkRealTimersCallback (C:\\Users\\Abdalmoute\\OneDrive\\Desktop\\lmj_health_web\\frontend\\node_modules\\@testing-library\\dom\\dist\\wait-for.js:118:16)\n    at listOnTimeout (node:internal/timers:605:17)\n    at processTimers (node:internal/timers:541:7)"],"meta":{}}],"startTime":1785739345345,"endTime":1785739346981.4065,"status":"failed","message":"","name":"C:/Users/Abdalmoute/OneDrive/Desktop/lmj_health_web/frontend/src/components/app/DeviceRegistrationBridge.integration.test.tsx"}]}