{"numTotalTestSuites":4,"numPassedTestSuites":4,"numFailedTestSuites":0,"numPendingTestSuites":0,"numTotalTests":12,"numPassedTests":12,"numFailedTests":0,"numPendingTests":0,"numTodoTests":0,"snapshot":{"added":0,"failure":false,"filesAdded":0,"filesRemoved":0,"filesRemovedList":[],"filesUnmatched":0,"filesUpdated":0,"matched":0,"total":0,"unchecked":0,"uncheckedKeysByFile":[],"unmatched":0,"updated":0,"didUpdate":false},"startTime":1785739792936,"success":true,"testResults":[{"assertionResults":[{"ancestorTitles":["UpsertServiceTypeDialog integration"],"fullName":"UpsertServiceTypeDialog integration opens from a trigger and exposes the correct dialog title","status":"passed","title":"opens from a trigger and exposes the correct dialog title","duration":385.7497999999996,"failureMessages":[],"meta":{}},{"ancestorTitles":["UpsertServiceTypeDialog integration"],"fullName":"UpsertServiceTypeDialog integration closes on cancel without submitting","status":"passed","title":"closes on cancel without submitting","duration":571.7812000000004,"failureMessages":[],"meta":{}},{"ancestorTitles":["UpsertServiceTypeDialog integration"],"fullName":"UpsertServiceTypeDialog integration shows required-field validation errors and prevents submission","status":"passed","title":"shows required-field validation errors and prevents submission","duration":226.91200000000026,"failureMessages":[],"meta":{}},{"ancestorTitles":["UpsertServiceTypeDialog integration"],"fullName":"UpsertServiceTypeDialog integration rejects invalid script and slug input before calling the API","status":"passed","title":"rejects invalid script and slug input before calling the API","duration":789.6778000000004,"failureMessages":[],"meta":{}},{"ancestorTitles":["UpsertServiceTypeDialog integration"],"fullName":"UpsertServiceTypeDialog integration submits the expected payload, invalidates service type queries, shows success feedback, and closes","status":"passed","title":"submits the expected payload, invalidates service type queries, shows success feedback, and closes","duration":1831.3988,"failureMessages":[],"meta":{}},{"ancestorTitles":["UpsertServiceTypeDialog integration"],"fullName":"UpsertServiceTypeDialog integration disables submit and shows the loading label while the mutation is pending","status":"passed","title":"disables submit and shows the loading label while the mutation is pending","duration":1614.9105999999992,"failureMessages":[],"meta":{}},{"ancestorTitles":["UpsertServiceTypeDialog integration"],"fullName":"UpsertServiceTypeDialog integration shows server validation feedback, keeps the dialog usable, and preserves entered values after failure","status":"passed","title":"shows server validation feedback, keeps the dialog usable, and preserves entered values after failure","duration":1777.3475999999991,"failureMessages":[],"meta":{}}],"startTime":1785739798679,"endTime":1785739805876.3477,"status":"passed","message":"","name":"C:/Users/Abdalmoute/OneDrive/Desktop/lmj_health_web/frontend/src/components/admin/service-types/UpsertServiceTypeDialog.integration.test.tsx"},{"assertionResults":[{"ancestorTitles":["LoginForm"],"fullName":"LoginForm validates email login and shows Arabic error for invalid email","status":"passed","title":"validates email login and shows Arabic error for invalid email","duration":803.5859,"failureMessages":[],"meta":{}},{"ancestorTitles":["LoginForm"],"fullName":"LoginForm switches to phone login, rejects short phone numbers, and updates the placeholder","status":"passed","title":"switches to phone login, rejects short phone numbers, and updates the placeholder","duration":705.4612999999999,"failureMessages":[],"meta":{}},{"ancestorTitles":["LoginForm"],"fullName":"LoginForm submits successfully, shows a success toast, and redirects by user role","status":"passed","title":"submits successfully, shows a success toast, and redirects by user role","duration":656.9867000000004,"failureMessages":[],"meta":{}},{"ancestorTitles":["LoginForm"],"fullName":"LoginForm shows submitting state while the request is pending","status":"passed","title":"shows submitting state while the request is pending","duration":664.527900000001,"failureMessages":[],"meta":{}},{"ancestorTitles":["LoginForm"],"fullName":"LoginForm shows an inline alert and error toast when login fails","status":"passed","title":"shows an inline alert and error toast when login fails","duration":607.4190999999992,"failureMessages":[],"meta":{}}],"startTime":1785739798581,"endTime":1785739802019.4192,"status":"passed","message":"","name":"C:/Users/Abdalmoute/OneDrive/Desktop/lmj_health_web/frontend/src/components/auth/login/login-form.test.tsx"}]}